[2025-03-03T19:00:07.144+0000] {local_task_job_runner.py:123} INFO - ::group::Pre task execution logs
[2025-03-03T19:00:07.164+0000] {taskinstance.py:2614} INFO - Dependencies all met for dep_context=non-requeueable deps ti=<TaskInstance: data_pipeline.download_data scheduled__2025-03-03T18:00:00+00:00 [queued]>
[2025-03-03T19:00:07.174+0000] {taskinstance.py:2614} INFO - Dependencies all met for dep_context=requeueable deps ti=<TaskInstance: data_pipeline.download_data scheduled__2025-03-03T18:00:00+00:00 [queued]>
[2025-03-03T19:00:07.175+0000] {taskinstance.py:2867} INFO - Starting attempt 1 of 2
[2025-03-03T19:00:07.197+0000] {taskinstance.py:2890} INFO - Executing <Task(PythonOperator): download_data> on 2025-03-03 18:00:00+00:00
[2025-03-03T19:00:07.205+0000] {standard_task_runner.py:72} INFO - Started process 2233 to run task
[2025-03-03T19:00:07.211+0000] {standard_task_runner.py:104} INFO - Running: ['airflow', 'tasks', 'run', 'data_pipeline', 'download_data', 'scheduled__2025-03-03T18:00:00+00:00', '--job-id', '69', '--raw', '--subdir', 'DAGS_FOLDER/data_pipeline.py', '--cfg-path', '/tmp/tmpgr_duh0v']
[2025-03-03T19:00:07.215+0000] {standard_task_runner.py:105} INFO - Job 69: Subtask download_data
[2025-03-03T19:00:07.249+0000] {logging_mixin.py:190} WARNING - /home/airflow/.local/lib/python3.12/site-packages/airflow/settings.py:209 DeprecationWarning: The sql_alchemy_conn option in [core] has been moved to the sql_alchemy_conn option in [database] - the old setting has been used, but please update your config.
[2025-03-03T19:00:07.291+0000] {task_command.py:467} INFO - Running <TaskInstance: data_pipeline.download_data scheduled__2025-03-03T18:00:00+00:00 [running]> on host b5502d51568b
[2025-03-03T19:00:07.294+0000] {logging_mixin.py:190} WARNING - /home/airflow/.local/lib/python3.12/site-packages/airflow/settings.py:470 DeprecationWarning: The sql_alchemy_conn option in [core] has been moved to the sql_alchemy_conn option in [database] - the old setting has been used, but please update your config.
[2025-03-03T19:00:07.399+0000] {taskinstance.py:3134} INFO - Exporting env vars: AIRFLOW_CTX_DAG_OWNER='airflow' AIRFLOW_CTX_DAG_ID='data_pipeline' AIRFLOW_CTX_TASK_ID='download_data' AIRFLOW_CTX_EXECUTION_DATE='2025-03-03T18:00:00+00:00' AIRFLOW_CTX_TRY_NUMBER='1' AIRFLOW_CTX_DAG_RUN_ID='scheduled__2025-03-03T18:00:00+00:00'
[2025-03-03T19:00:07.401+0000] {taskinstance.py:732} INFO - ::endgroup::
[2025-03-03T19:00:07.431+0000] {data_pipeline.py:51} INFO - Executing script: /opt/airflow/scripts/data_acquisition.py
[2025-03-03T19:00:39.105+0000] {data_pipeline.py:53} INFO - Successfully executed: /opt/airflow/scripts/data_acquisition.py
[2025-03-03T19:00:39.106+0000] {python.py:240} INFO - Done. Returned value was: None
[2025-03-03T19:00:39.116+0000] {taskinstance.py:341} INFO - ::group::Post task execution logs
[2025-03-03T19:00:39.117+0000] {taskinstance.py:353} INFO - Marking task as SUCCESS. dag_id=data_pipeline, task_id=download_data, run_id=scheduled__2025-03-03T18:00:00+00:00, execution_date=20250303T180000, start_date=20250303T190007, end_date=20250303T190039
[2025-03-03T19:00:39.159+0000] {local_task_job_runner.py:266} INFO - Task exited with return code 0
[2025-03-03T19:00:39.188+0000] {taskinstance.py:3901} INFO - 1 downstream tasks scheduled from follow-on schedule check
[2025-03-03T19:00:39.194+0000] {local_task_job_runner.py:245} INFO - ::endgroup::
