[2025-03-04T04:00:08.463+0000] {local_task_job_runner.py:123} INFO - ::group::Pre task execution logs
[2025-03-04T04:00:08.481+0000] {taskinstance.py:2614} INFO - Dependencies all met for dep_context=non-requeueable deps ti=<TaskInstance: data_pipeline.download_data scheduled__2025-03-04T03:00:00+00:00 [queued]>
[2025-03-04T04:00:08.495+0000] {taskinstance.py:2614} INFO - Dependencies all met for dep_context=requeueable deps ti=<TaskInstance: data_pipeline.download_data scheduled__2025-03-04T03:00:00+00:00 [queued]>
[2025-03-04T04:00:08.496+0000] {taskinstance.py:2867} INFO - Starting attempt 1 of 2
[2025-03-04T04:00:08.516+0000] {taskinstance.py:2890} INFO - Executing <Task(PythonOperator): download_data> on 2025-03-04 03:00:00+00:00
[2025-03-04T04:00:08.522+0000] {standard_task_runner.py:72} INFO - Started process 2675 to run task
[2025-03-04T04:00:08.528+0000] {standard_task_runner.py:104} INFO - Running: ['airflow', 'tasks', 'run', 'data_pipeline', 'download_data', 'scheduled__2025-03-04T03:00:00+00:00', '--job-id', '84', '--raw', '--subdir', 'DAGS_FOLDER/data_pipeline.py', '--cfg-path', '/tmp/tmp5781pxl1']
[2025-03-04T04:00:08.532+0000] {standard_task_runner.py:105} INFO - Job 84: Subtask download_data
[2025-03-04T04:00:08.571+0000] {logging_mixin.py:190} WARNING - /home/airflow/.local/lib/python3.12/site-packages/airflow/settings.py:209 DeprecationWarning: The sql_alchemy_conn option in [core] has been moved to the sql_alchemy_conn option in [database] - the old setting has been used, but please update your config.
[2025-03-04T04:00:08.618+0000] {task_command.py:467} INFO - Running <TaskInstance: data_pipeline.download_data scheduled__2025-03-04T03:00:00+00:00 [running]> on host b5502d51568b
[2025-03-04T04:00:08.622+0000] {logging_mixin.py:190} WARNING - /home/airflow/.local/lib/python3.12/site-packages/airflow/settings.py:470 DeprecationWarning: The sql_alchemy_conn option in [core] has been moved to the sql_alchemy_conn option in [database] - the old setting has been used, but please update your config.
[2025-03-04T04:00:08.737+0000] {taskinstance.py:3134} INFO - Exporting env vars: AIRFLOW_CTX_DAG_OWNER='airflow' AIRFLOW_CTX_DAG_ID='data_pipeline' AIRFLOW_CTX_TASK_ID='download_data' AIRFLOW_CTX_EXECUTION_DATE='2025-03-04T03:00:00+00:00' AIRFLOW_CTX_TRY_NUMBER='1' AIRFLOW_CTX_DAG_RUN_ID='scheduled__2025-03-04T03:00:00+00:00'
[2025-03-04T04:00:08.739+0000] {taskinstance.py:732} INFO - ::endgroup::
[2025-03-04T04:00:08.775+0000] {data_pipeline.py:51} INFO - Executing script: /opt/airflow/scripts/data_acquisition.py
[2025-03-04T04:00:42.608+0000] {data_pipeline.py:53} INFO - Successfully executed: /opt/airflow/scripts/data_acquisition.py
[2025-03-04T04:00:42.610+0000] {python.py:240} INFO - Done. Returned value was: None
[2025-03-04T04:00:42.626+0000] {taskinstance.py:341} INFO - ::group::Post task execution logs
[2025-03-04T04:00:42.628+0000] {taskinstance.py:353} INFO - Marking task as SUCCESS. dag_id=data_pipeline, task_id=download_data, run_id=scheduled__2025-03-04T03:00:00+00:00, execution_date=20250304T030000, start_date=20250304T040008, end_date=20250304T040042
[2025-03-04T04:00:42.713+0000] {local_task_job_runner.py:266} INFO - Task exited with return code 0
[2025-03-04T04:00:42.758+0000] {taskinstance.py:3901} INFO - 1 downstream tasks scheduled from follow-on schedule check
[2025-03-04T04:00:42.767+0000] {local_task_job_runner.py:245} INFO - ::endgroup::
