[2025-03-05T01:10:48.519+0000] {local_task_job_runner.py:123} INFO - ::group::Pre task execution logs
[2025-03-05T01:10:48.536+0000] {taskinstance.py:2614} INFO - Dependencies all met for dep_context=non-requeueable deps ti=<TaskInstance: data_pipeline.upload_to_gcs scheduled__2025-03-04T13:00:00+00:00 [queued]>
[2025-03-05T01:10:48.546+0000] {taskinstance.py:2614} INFO - Dependencies all met for dep_context=requeueable deps ti=<TaskInstance: data_pipeline.upload_to_gcs scheduled__2025-03-04T13:00:00+00:00 [queued]>
[2025-03-05T01:10:48.547+0000] {taskinstance.py:2867} INFO - Starting attempt 1 of 2
[2025-03-05T01:10:48.566+0000] {taskinstance.py:2890} INFO - Executing <Task(PythonOperator): upload_to_gcs> on 2025-03-04 13:00:00+00:00
[2025-03-05T01:10:48.575+0000] {standard_task_runner.py:72} INFO - Started process 2969 to run task
[2025-03-05T01:10:48.579+0000] {standard_task_runner.py:104} INFO - Running: ['airflow', 'tasks', 'run', 'data_pipeline', 'upload_to_gcs', 'scheduled__2025-03-04T13:00:00+00:00', '--job-id', '95', '--raw', '--subdir', 'DAGS_FOLDER/data_pipeline.py', '--cfg-path', '/tmp/tmptyxy6dhx']
[2025-03-05T01:10:48.583+0000] {standard_task_runner.py:105} INFO - Job 95: Subtask upload_to_gcs
[2025-03-05T01:10:48.602+0000] {logging_mixin.py:190} WARNING - /home/airflow/.local/lib/python3.12/site-packages/airflow/settings.py:209 DeprecationWarning: The sql_alchemy_conn option in [core] has been moved to the sql_alchemy_conn option in [database] - the old setting has been used, but please update your config.
[2025-03-05T01:10:48.634+0000] {task_command.py:467} INFO - Running <TaskInstance: data_pipeline.upload_to_gcs scheduled__2025-03-04T13:00:00+00:00 [running]> on host b5502d51568b
[2025-03-05T01:10:48.636+0000] {logging_mixin.py:190} WARNING - /home/airflow/.local/lib/python3.12/site-packages/airflow/settings.py:470 DeprecationWarning: The sql_alchemy_conn option in [core] has been moved to the sql_alchemy_conn option in [database] - the old setting has been used, but please update your config.
[2025-03-05T01:10:48.718+0000] {taskinstance.py:3134} INFO - Exporting env vars: AIRFLOW_CTX_DAG_OWNER='airflow' AIRFLOW_CTX_DAG_ID='data_pipeline' AIRFLOW_CTX_TASK_ID='upload_to_gcs' AIRFLOW_CTX_EXECUTION_DATE='2025-03-04T13:00:00+00:00' AIRFLOW_CTX_TRY_NUMBER='1' AIRFLOW_CTX_DAG_RUN_ID='scheduled__2025-03-04T13:00:00+00:00'
[2025-03-05T01:10:48.719+0000] {taskinstance.py:732} INFO - ::endgroup::
[2025-03-05T01:10:48.736+0000] {data_pipeline.py:51} INFO - Executing script: /opt/airflow/scripts/upload_to_gcs.py
[2025-03-05T01:10:50.044+0000] {data_pipeline.py:55} ERROR - Error executing /opt/airflow/scripts/upload_to_gcs.py: Command '['python', '/opt/airflow/scripts/upload_to_gcs.py']' returned non-zero exit status 1.
[2025-03-05T01:10:50.046+0000] {python.py:240} INFO - Done. Returned value was: None
[2025-03-05T01:10:50.053+0000] {taskinstance.py:341} INFO - ::group::Post task execution logs
[2025-03-05T01:10:50.054+0000] {taskinstance.py:353} INFO - Marking task as SUCCESS. dag_id=data_pipeline, task_id=upload_to_gcs, run_id=scheduled__2025-03-04T13:00:00+00:00, execution_date=20250304T130000, start_date=20250305T011048, end_date=20250305T011050
[2025-03-05T01:10:50.117+0000] {local_task_job_runner.py:266} INFO - Task exited with return code 0
[2025-03-05T01:10:50.133+0000] {taskinstance.py:3901} INFO - 1 downstream tasks scheduled from follow-on schedule check
[2025-03-05T01:10:50.139+0000] {local_task_job_runner.py:245} INFO - ::endgroup::
