[2025-03-03T02:09:50.884+0000] {local_task_job_runner.py:123} INFO - ::group::Pre task execution logs
[2025-03-03T02:09:50.905+0000] {taskinstance.py:2614} INFO - Dependencies all met for dep_context=non-requeueable deps ti=<TaskInstance: data_pipeline.bias_mitigation manual__2025-03-03T01:53:22.667705+00:00 [queued]>
[2025-03-03T02:09:50.923+0000] {taskinstance.py:2614} INFO - Dependencies all met for dep_context=requeueable deps ti=<TaskInstance: data_pipeline.bias_mitigation manual__2025-03-03T01:53:22.667705+00:00 [queued]>
[2025-03-03T02:09:50.924+0000] {taskinstance.py:2867} INFO - Starting attempt 1 of 2
[2025-03-03T02:09:50.947+0000] {taskinstance.py:2890} INFO - Executing <Task(PythonOperator): bias_mitigation> on 2025-03-03 01:53:22.667705+00:00
[2025-03-03T02:09:50.964+0000] {standard_task_runner.py:72} INFO - Started process 310 to run task
[2025-03-03T02:09:50.969+0000] {standard_task_runner.py:104} INFO - Running: ['airflow', 'tasks', 'run', 'data_pipeline', 'bias_mitigation', 'manual__2025-03-03T01:53:22.667705+00:00', '--job-id', '11', '--raw', '--subdir', 'DAGS_FOLDER/data_pipeline.py', '--cfg-path', '/tmp/tmpoj6ml37g']
[2025-03-03T02:09:50.974+0000] {standard_task_runner.py:105} INFO - Job 11: Subtask bias_mitigation
[2025-03-03T02:09:51.003+0000] {logging_mixin.py:190} WARNING - /home/airflow/.local/lib/python3.12/site-packages/airflow/settings.py:209 DeprecationWarning: The sql_alchemy_conn option in [core] has been moved to the sql_alchemy_conn option in [database] - the old setting has been used, but please update your config.
[2025-03-03T02:09:51.044+0000] {task_command.py:467} INFO - Running <TaskInstance: data_pipeline.bias_mitigation manual__2025-03-03T01:53:22.667705+00:00 [running]> on host 71fb9604a64f
[2025-03-03T02:09:51.144+0000] {taskinstance.py:3134} INFO - Exporting env vars: AIRFLOW_CTX_DAG_OWNER='airflow' AIRFLOW_CTX_DAG_ID='data_pipeline' AIRFLOW_CTX_TASK_ID='bias_mitigation' AIRFLOW_CTX_EXECUTION_DATE='2025-03-03T01:53:22.667705+00:00' AIRFLOW_CTX_TRY_NUMBER='1' AIRFLOW_CTX_DAG_RUN_ID='manual__2025-03-03T01:53:22.667705+00:00'
[2025-03-03T02:09:51.146+0000] {taskinstance.py:732} INFO - ::endgroup::
[2025-03-03T02:09:51.193+0000] {data_pipeline.py:63} INFO - Running script: /opt/airflow/scripts/bias_mitigation.py
[2025-03-03T02:10:15.258+0000] {data_pipeline.py:67} ERROR - Error executing /opt/airflow/scripts/bias_mitigation.py: Command '['python', '/opt/airflow/scripts/bias_mitigation.py']' died with <Signals.SIGKILL: 9>.
[2025-03-03T02:10:15.366+0000] {python.py:240} INFO - Done. Returned value was: None
[2025-03-03T02:10:15.996+0000] {taskinstance.py:341} INFO - ::group::Post task execution logs
[2025-03-03T02:10:16.007+0000] {taskinstance.py:353} INFO - Marking task as SUCCESS. dag_id=data_pipeline, task_id=bias_mitigation, run_id=manual__2025-03-03T01:53:22.667705+00:00, execution_date=20250303T015322, start_date=20250303T020950, end_date=20250303T021016
[2025-03-03T02:10:16.277+0000] {local_task_job_runner.py:266} INFO - Task exited with return code 0
[2025-03-03T02:10:16.922+0000] {taskinstance.py:3901} INFO - 1 downstream tasks scheduled from follow-on schedule check
[2025-03-03T02:10:16.938+0000] {local_task_job_runner.py:245} INFO - ::endgroup::
