[2025-03-03T02:28:03.010+0000] {local_task_job_runner.py:123} INFO - ::group::Pre task execution logs
[2025-03-03T02:28:03.029+0000] {taskinstance.py:2614} INFO - Dependencies all met for dep_context=non-requeueable deps ti=<TaskInstance: data_pipeline.bias_mitigation manual__2025-03-03T02:27:03.423548+00:00 [queued]>
[2025-03-03T02:28:03.043+0000] {taskinstance.py:2614} INFO - Dependencies all met for dep_context=requeueable deps ti=<TaskInstance: data_pipeline.bias_mitigation manual__2025-03-03T02:27:03.423548+00:00 [queued]>
[2025-03-03T02:28:03.045+0000] {taskinstance.py:2867} INFO - Starting attempt 1 of 2
[2025-03-03T02:28:03.079+0000] {taskinstance.py:2890} INFO - Executing <Task(PythonOperator): bias_mitigation> on 2025-03-03 02:27:03.423548+00:00
[2025-03-03T02:28:03.090+0000] {standard_task_runner.py:72} INFO - Started process 275 to run task
[2025-03-03T02:28:03.095+0000] {standard_task_runner.py:104} INFO - Running: ['airflow', 'tasks', 'run', 'data_pipeline', 'bias_mitigation', 'manual__2025-03-03T02:27:03.423548+00:00', '--job-id', '9', '--raw', '--subdir', 'DAGS_FOLDER/data_pipeline.py', '--cfg-path', '/tmp/tmpd3smkb8w']
[2025-03-03T02:28:03.100+0000] {standard_task_runner.py:105} INFO - Job 9: Subtask bias_mitigation
[2025-03-03T02:28:03.131+0000] {logging_mixin.py:190} WARNING - /home/airflow/.local/lib/python3.12/site-packages/airflow/settings.py:209 DeprecationWarning: The sql_alchemy_conn option in [core] has been moved to the sql_alchemy_conn option in [database] - the old setting has been used, but please update your config.
[2025-03-03T02:28:03.165+0000] {task_command.py:467} INFO - Running <TaskInstance: data_pipeline.bias_mitigation manual__2025-03-03T02:27:03.423548+00:00 [running]> on host b5502d51568b
[2025-03-03T02:28:03.282+0000] {taskinstance.py:3134} INFO - Exporting env vars: AIRFLOW_CTX_DAG_OWNER='airflow' AIRFLOW_CTX_DAG_ID='data_pipeline' AIRFLOW_CTX_TASK_ID='bias_mitigation' AIRFLOW_CTX_EXECUTION_DATE='2025-03-03T02:27:03.423548+00:00' AIRFLOW_CTX_TRY_NUMBER='1' AIRFLOW_CTX_DAG_RUN_ID='manual__2025-03-03T02:27:03.423548+00:00'
[2025-03-03T02:28:03.285+0000] {taskinstance.py:732} INFO - ::endgroup::
[2025-03-03T02:28:03.307+0000] {data_pipeline.py:63} INFO - Running script: /opt/airflow/scripts/bias_mitigation.py
[2025-03-03T02:28:05.137+0000] {data_pipeline.py:65} INFO - Successfully executed: /opt/airflow/scripts/bias_mitigation.py
[2025-03-03T02:28:05.138+0000] {python.py:240} INFO - Done. Returned value was: None
[2025-03-03T02:28:05.148+0000] {taskinstance.py:341} INFO - ::group::Post task execution logs
[2025-03-03T02:28:05.150+0000] {taskinstance.py:353} INFO - Marking task as SUCCESS. dag_id=data_pipeline, task_id=bias_mitigation, run_id=manual__2025-03-03T02:27:03.423548+00:00, execution_date=20250303T022703, start_date=20250303T022803, end_date=20250303T022805
[2025-03-03T02:28:05.227+0000] {local_task_job_runner.py:266} INFO - Task exited with return code 0
[2025-03-03T02:28:05.279+0000] {taskinstance.py:3901} INFO - 1 downstream tasks scheduled from follow-on schedule check
[2025-03-03T02:28:05.290+0000] {local_task_job_runner.py:245} INFO - ::endgroup::
