[2025-03-03T02:01:29.480+0000] {local_task_job_runner.py:123} INFO - ::group::Pre task execution logs
[2025-03-03T02:01:29.497+0000] {taskinstance.py:2614} INFO - Dependencies all met for dep_context=non-requeueable deps ti=<TaskInstance: data_pipeline.bias_detection scheduled__2025-03-03T00:00:00+00:00 [queued]>
[2025-03-03T02:01:29.512+0000] {taskinstance.py:2614} INFO - Dependencies all met for dep_context=requeueable deps ti=<TaskInstance: data_pipeline.bias_detection scheduled__2025-03-03T00:00:00+00:00 [queued]>
[2025-03-03T02:01:29.513+0000] {taskinstance.py:2867} INFO - Starting attempt 1 of 2
[2025-03-03T02:01:29.534+0000] {taskinstance.py:2890} INFO - Executing <Task(PythonOperator): bias_detection> on 2025-03-03 00:00:00+00:00
[2025-03-03T02:01:29.544+0000] {standard_task_runner.py:72} INFO - Started process 186 to run task
[2025-03-03T02:01:29.548+0000] {standard_task_runner.py:104} INFO - Running: ['airflow', 'tasks', 'run', 'data_pipeline', 'bias_detection', 'scheduled__2025-03-03T00:00:00+00:00', '--job-id', '7', '--raw', '--subdir', 'DAGS_FOLDER/data_pipeline.py', '--cfg-path', '/tmp/tmp0y8nipon']
[2025-03-03T02:01:29.551+0000] {standard_task_runner.py:105} INFO - Job 7: Subtask bias_detection
[2025-03-03T02:01:29.573+0000] {logging_mixin.py:190} WARNING - /home/airflow/.local/lib/python3.12/site-packages/airflow/settings.py:209 DeprecationWarning: The sql_alchemy_conn option in [core] has been moved to the sql_alchemy_conn option in [database] - the old setting has been used, but please update your config.
[2025-03-03T02:01:29.607+0000] {task_command.py:467} INFO - Running <TaskInstance: data_pipeline.bias_detection scheduled__2025-03-03T00:00:00+00:00 [running]> on host 71fb9604a64f
[2025-03-03T02:01:29.610+0000] {logging_mixin.py:190} WARNING - /home/airflow/.local/lib/python3.12/site-packages/airflow/settings.py:470 DeprecationWarning: The sql_alchemy_conn option in [core] has been moved to the sql_alchemy_conn option in [database] - the old setting has been used, but please update your config.
[2025-03-03T02:01:29.687+0000] {taskinstance.py:3134} INFO - Exporting env vars: AIRFLOW_CTX_DAG_OWNER='airflow' AIRFLOW_CTX_DAG_ID='data_pipeline' AIRFLOW_CTX_TASK_ID='bias_detection' AIRFLOW_CTX_EXECUTION_DATE='2025-03-03T00:00:00+00:00' AIRFLOW_CTX_TRY_NUMBER='1' AIRFLOW_CTX_DAG_RUN_ID='scheduled__2025-03-03T00:00:00+00:00'
[2025-03-03T02:01:29.689+0000] {taskinstance.py:732} INFO - ::endgroup::
[2025-03-03T02:01:29.710+0000] {data_pipeline.py:63} INFO - Running script: /opt/airflow/scripts/bias_analysis.py
[2025-03-03T02:03:39.500+0000] {job.py:229} INFO - Heartbeat recovered after 34.80 seconds
[2025-03-03T02:03:40.838+0000] {data_pipeline.py:67} ERROR - Error executing /opt/airflow/scripts/bias_analysis.py: Command '['python', '/opt/airflow/scripts/bias_analysis.py']' died with <Signals.SIGKILL: 9>.
[2025-03-03T02:03:41.000+0000] {python.py:240} INFO - Done. Returned value was: None
[2025-03-03T02:03:42.244+0000] {taskinstance.py:341} INFO - ::group::Post task execution logs
[2025-03-03T02:03:42.264+0000] {taskinstance.py:353} INFO - Marking task as SUCCESS. dag_id=data_pipeline, task_id=bias_detection, run_id=scheduled__2025-03-03T00:00:00+00:00, execution_date=20250303T000000, start_date=20250303T020129, end_date=20250303T020342
[2025-03-03T02:03:42.632+0000] {local_task_job_runner.py:266} INFO - Task exited with return code 0
[2025-03-03T02:03:43.139+0000] {taskinstance.py:3901} INFO - 1 downstream tasks scheduled from follow-on schedule check
[2025-03-03T02:03:43.151+0000] {local_task_job_runner.py:245} INFO - ::endgroup::
