[2025-03-02T18:06:09.235+0000] {local_task_job_runner.py:123} INFO - ::group::Pre task execution logs
[2025-03-02T18:06:09.246+0000] {taskinstance.py:2614} INFO - Dependencies all met for dep_context=non-requeueable deps ti=<TaskInstance: data_pipeline.download_data scheduled__2025-03-02T17:00:00+00:00 [queued]>
[2025-03-02T18:06:09.252+0000] {taskinstance.py:2614} INFO - Dependencies all met for dep_context=requeueable deps ti=<TaskInstance: data_pipeline.download_data scheduled__2025-03-02T17:00:00+00:00 [queued]>
[2025-03-02T18:06:09.253+0000] {taskinstance.py:2867} INFO - Starting attempt 1 of 2
[2025-03-02T18:06:09.266+0000] {taskinstance.py:2890} INFO - Executing <Task(PythonOperator): download_data> on 2025-03-02 17:00:00+00:00
[2025-03-02T18:06:09.271+0000] {standard_task_runner.py:72} INFO - Started process 230 to run task
[2025-03-02T18:06:09.273+0000] {standard_task_runner.py:104} INFO - Running: ['airflow', 'tasks', 'run', 'data_pipeline', 'download_data', 'scheduled__2025-03-02T17:00:00+00:00', '--job-id', '10', '--raw', '--subdir', 'DAGS_FOLDER/data_pipeline.py', '--cfg-path', '/tmp/tmp_ph9o4lx']
[2025-03-02T18:06:09.276+0000] {standard_task_runner.py:105} INFO - Job 10: Subtask download_data
[2025-03-02T18:06:09.291+0000] {logging_mixin.py:190} WARNING - /home/airflow/.local/lib/python3.12/site-packages/airflow/settings.py:209 DeprecationWarning: The sql_alchemy_conn option in [core] has been moved to the sql_alchemy_conn option in [database] - the old setting has been used, but please update your config.
[2025-03-02T18:06:09.327+0000] {task_command.py:467} INFO - Running <TaskInstance: data_pipeline.download_data scheduled__2025-03-02T17:00:00+00:00 [running]> on host 150a7fb033c6
[2025-03-02T18:06:09.329+0000] {logging_mixin.py:190} WARNING - /home/airflow/.local/lib/python3.12/site-packages/airflow/settings.py:470 DeprecationWarning: The sql_alchemy_conn option in [core] has been moved to the sql_alchemy_conn option in [database] - the old setting has been used, but please update your config.
[2025-03-02T18:06:09.405+0000] {taskinstance.py:3134} INFO - Exporting env vars: AIRFLOW_CTX_DAG_OWNER='airflow' AIRFLOW_CTX_DAG_ID='data_pipeline' AIRFLOW_CTX_TASK_ID='download_data' AIRFLOW_CTX_EXECUTION_DATE='2025-03-02T17:00:00+00:00' AIRFLOW_CTX_TRY_NUMBER='1' AIRFLOW_CTX_DAG_RUN_ID='scheduled__2025-03-02T17:00:00+00:00'
[2025-03-02T18:06:09.406+0000] {taskinstance.py:732} INFO - ::endgroup::
[2025-03-02T18:06:09.435+0000] {data_pipeline.py:51} INFO - Executing script: /opt/airflow/scripts/data_acquisition.py
[2025-03-02T18:06:59.355+0000] {data_pipeline.py:53} INFO - Successfully executed: /opt/airflow/scripts/data_acquisition.py
[2025-03-02T18:06:59.356+0000] {python.py:240} INFO - Done. Returned value was: None
[2025-03-02T18:06:59.360+0000] {taskinstance.py:341} INFO - ::group::Post task execution logs
[2025-03-02T18:06:59.360+0000] {taskinstance.py:353} INFO - Marking task as SUCCESS. dag_id=data_pipeline, task_id=download_data, run_id=scheduled__2025-03-02T17:00:00+00:00, execution_date=20250302T170000, start_date=20250302T180609, end_date=20250302T180659
[2025-03-02T18:06:59.398+0000] {local_task_job_runner.py:266} INFO - Task exited with return code 0
[2025-03-02T18:06:59.414+0000] {taskinstance.py:3901} INFO - 1 downstream tasks scheduled from follow-on schedule check
[2025-03-02T18:06:59.417+0000] {local_task_job_runner.py:245} INFO - ::endgroup::
