[2025-03-05T04:00:07.496+0000] {local_task_job_runner.py:123} INFO - ::group::Pre task execution logs
[2025-03-05T04:00:07.506+0000] {taskinstance.py:2614} INFO - Dependencies all met for dep_context=non-requeueable deps ti=<TaskInstance: data_pipeline.download_data scheduled__2025-03-05T03:00:00+00:00 [queued]>
[2025-03-05T04:00:07.514+0000] {taskinstance.py:2614} INFO - Dependencies all met for dep_context=requeueable deps ti=<TaskInstance: data_pipeline.download_data scheduled__2025-03-05T03:00:00+00:00 [queued]>
[2025-03-05T04:00:07.515+0000] {taskinstance.py:2867} INFO - Starting attempt 1 of 2
[2025-03-05T04:00:07.528+0000] {taskinstance.py:2890} INFO - Executing <Task(PythonOperator): download_data> on 2025-03-05 03:00:00+00:00
[2025-03-05T04:00:07.533+0000] {standard_task_runner.py:72} INFO - Started process 3502 to run task
[2025-03-05T04:00:07.536+0000] {standard_task_runner.py:104} INFO - Running: ['airflow', 'tasks', 'run', 'data_pipeline', 'download_data', 'scheduled__2025-03-05T03:00:00+00:00', '--job-id', '109', '--raw', '--subdir', 'DAGS_FOLDER/data_pipeline.py', '--cfg-path', '/tmp/tmprd3q6jt_']
[2025-03-05T04:00:07.538+0000] {standard_task_runner.py:105} INFO - Job 109: Subtask download_data
[2025-03-05T04:00:07.559+0000] {logging_mixin.py:190} WARNING - /home/airflow/.local/lib/python3.12/site-packages/airflow/settings.py:209 DeprecationWarning: The sql_alchemy_conn option in [core] has been moved to the sql_alchemy_conn option in [database] - the old setting has been used, but please update your config.
[2025-03-05T04:00:07.587+0000] {task_command.py:467} INFO - Running <TaskInstance: data_pipeline.download_data scheduled__2025-03-05T03:00:00+00:00 [running]> on host b5502d51568b
[2025-03-05T04:00:07.590+0000] {logging_mixin.py:190} WARNING - /home/airflow/.local/lib/python3.12/site-packages/airflow/settings.py:470 DeprecationWarning: The sql_alchemy_conn option in [core] has been moved to the sql_alchemy_conn option in [database] - the old setting has been used, but please update your config.
[2025-03-05T04:00:07.658+0000] {taskinstance.py:3134} INFO - Exporting env vars: AIRFLOW_CTX_DAG_OWNER='airflow' AIRFLOW_CTX_DAG_ID='data_pipeline' AIRFLOW_CTX_TASK_ID='download_data' AIRFLOW_CTX_EXECUTION_DATE='2025-03-05T03:00:00+00:00' AIRFLOW_CTX_TRY_NUMBER='1' AIRFLOW_CTX_DAG_RUN_ID='scheduled__2025-03-05T03:00:00+00:00'
[2025-03-05T04:00:07.660+0000] {taskinstance.py:732} INFO - ::endgroup::
[2025-03-05T04:00:07.682+0000] {data_pipeline.py:51} INFO - Executing script: /opt/airflow/scripts/data_acquisition.py
[2025-03-05T04:01:32.241+0000] {data_pipeline.py:53} INFO - Successfully executed: /opt/airflow/scripts/data_acquisition.py
[2025-03-05T04:01:32.242+0000] {python.py:240} INFO - Done. Returned value was: None
[2025-03-05T04:01:32.250+0000] {taskinstance.py:341} INFO - ::group::Post task execution logs
[2025-03-05T04:01:32.251+0000] {taskinstance.py:353} INFO - Marking task as SUCCESS. dag_id=data_pipeline, task_id=download_data, run_id=scheduled__2025-03-05T03:00:00+00:00, execution_date=20250305T030000, start_date=20250305T040007, end_date=20250305T040132
[2025-03-05T04:01:32.290+0000] {local_task_job_runner.py:266} INFO - Task exited with return code 0
[2025-03-05T04:01:32.311+0000] {taskinstance.py:3901} INFO - 1 downstream tasks scheduled from follow-on schedule check
[2025-03-05T04:01:32.316+0000] {local_task_job_runner.py:245} INFO - ::endgroup::
