[2025-03-05T02:00:06.886+0000] {local_task_job_runner.py:123} INFO - ::group::Pre task execution logs
[2025-03-05T02:00:06.902+0000] {taskinstance.py:2614} INFO - Dependencies all met for dep_context=non-requeueable deps ti=<TaskInstance: data_pipeline.download_data scheduled__2025-03-05T01:00:00+00:00 [queued]>
[2025-03-05T02:00:06.910+0000] {taskinstance.py:2614} INFO - Dependencies all met for dep_context=requeueable deps ti=<TaskInstance: data_pipeline.download_data scheduled__2025-03-05T01:00:00+00:00 [queued]>
[2025-03-05T02:00:06.911+0000] {taskinstance.py:2867} INFO - Starting attempt 1 of 2
[2025-03-05T02:00:06.927+0000] {taskinstance.py:2890} INFO - Executing <Task(PythonOperator): download_data> on 2025-03-05 01:00:00+00:00
[2025-03-05T02:00:06.932+0000] {standard_task_runner.py:72} INFO - Started process 3129 to run task
[2025-03-05T02:00:06.936+0000] {standard_task_runner.py:104} INFO - Running: ['airflow', 'tasks', 'run', 'data_pipeline', 'download_data', 'scheduled__2025-03-05T01:00:00+00:00', '--job-id', '99', '--raw', '--subdir', 'DAGS_FOLDER/data_pipeline.py', '--cfg-path', '/tmp/tmpu1h_c1xg']
[2025-03-05T02:00:06.939+0000] {standard_task_runner.py:105} INFO - Job 99: Subtask download_data
[2025-03-05T02:00:06.961+0000] {logging_mixin.py:190} WARNING - /home/airflow/.local/lib/python3.12/site-packages/airflow/settings.py:209 DeprecationWarning: The sql_alchemy_conn option in [core] has been moved to the sql_alchemy_conn option in [database] - the old setting has been used, but please update your config.
[2025-03-05T02:00:06.989+0000] {task_command.py:467} INFO - Running <TaskInstance: data_pipeline.download_data scheduled__2025-03-05T01:00:00+00:00 [running]> on host b5502d51568b
[2025-03-05T02:00:06.991+0000] {logging_mixin.py:190} WARNING - /home/airflow/.local/lib/python3.12/site-packages/airflow/settings.py:470 DeprecationWarning: The sql_alchemy_conn option in [core] has been moved to the sql_alchemy_conn option in [database] - the old setting has been used, but please update your config.
[2025-03-05T02:00:07.061+0000] {taskinstance.py:3134} INFO - Exporting env vars: AIRFLOW_CTX_DAG_OWNER='airflow' AIRFLOW_CTX_DAG_ID='data_pipeline' AIRFLOW_CTX_TASK_ID='download_data' AIRFLOW_CTX_EXECUTION_DATE='2025-03-05T01:00:00+00:00' AIRFLOW_CTX_TRY_NUMBER='1' AIRFLOW_CTX_DAG_RUN_ID='scheduled__2025-03-05T01:00:00+00:00'
[2025-03-05T02:00:07.063+0000] {taskinstance.py:732} INFO - ::endgroup::
[2025-03-05T02:00:07.087+0000] {data_pipeline.py:51} INFO - Executing script: /opt/airflow/scripts/data_acquisition.py
[2025-03-05T02:01:39.398+0000] {data_pipeline.py:53} INFO - Successfully executed: /opt/airflow/scripts/data_acquisition.py
[2025-03-05T02:01:39.400+0000] {python.py:240} INFO - Done. Returned value was: None
[2025-03-05T02:01:39.409+0000] {taskinstance.py:341} INFO - ::group::Post task execution logs
[2025-03-05T02:01:39.410+0000] {taskinstance.py:353} INFO - Marking task as SUCCESS. dag_id=data_pipeline, task_id=download_data, run_id=scheduled__2025-03-05T01:00:00+00:00, execution_date=20250305T010000, start_date=20250305T020006, end_date=20250305T020139
[2025-03-05T02:01:39.473+0000] {local_task_job_runner.py:266} INFO - Task exited with return code 0
[2025-03-05T02:01:39.498+0000] {taskinstance.py:3901} INFO - 1 downstream tasks scheduled from follow-on schedule check
[2025-03-05T02:01:39.505+0000] {local_task_job_runner.py:245} INFO - ::endgroup::
