[2025-03-02T17:56:19.544+0000] {local_task_job_runner.py:123} INFO - ::group::Pre task execution logs
[2025-03-02T17:56:19.566+0000] {taskinstance.py:2614} INFO - Dependencies all met for dep_context=non-requeueable deps ti=<TaskInstance: data_pipeline.upload_to_gcs manual__2025-03-02T17:39:43.662871+00:00 [queued]>
[2025-03-02T17:56:19.577+0000] {taskinstance.py:2614} INFO - Dependencies all met for dep_context=requeueable deps ti=<TaskInstance: data_pipeline.upload_to_gcs manual__2025-03-02T17:39:43.662871+00:00 [queued]>
[2025-03-02T17:56:19.578+0000] {taskinstance.py:2867} INFO - Starting attempt 1 of 2
[2025-03-02T17:56:19.606+0000] {taskinstance.py:2890} INFO - Executing <Task(PythonOperator): upload_to_gcs> on 2025-03-02 17:39:43.662871+00:00
[2025-03-02T17:56:19.614+0000] {standard_task_runner.py:72} INFO - Started process 212 to run task
[2025-03-02T17:56:19.618+0000] {standard_task_runner.py:104} INFO - Running: ['airflow', 'tasks', 'run', 'data_pipeline', 'upload_to_gcs', 'manual__2025-03-02T17:39:43.662871+00:00', '--job-id', '9', '--raw', '--subdir', 'DAGS_FOLDER/data_pipeline.py', '--cfg-path', '/tmp/tmp_2qtyh4n']
[2025-03-02T17:56:19.621+0000] {standard_task_runner.py:105} INFO - Job 9: Subtask upload_to_gcs
[2025-03-02T17:56:19.644+0000] {logging_mixin.py:190} WARNING - /home/airflow/.local/lib/python3.12/site-packages/airflow/settings.py:209 DeprecationWarning: The sql_alchemy_conn option in [core] has been moved to the sql_alchemy_conn option in [database] - the old setting has been used, but please update your config.
[2025-03-02T17:56:19.679+0000] {task_command.py:467} INFO - Running <TaskInstance: data_pipeline.upload_to_gcs manual__2025-03-02T17:39:43.662871+00:00 [running]> on host 150a7fb033c6
[2025-03-02T17:56:19.780+0000] {taskinstance.py:3134} INFO - Exporting env vars: AIRFLOW_CTX_DAG_OWNER='airflow' AIRFLOW_CTX_DAG_ID='data_pipeline' AIRFLOW_CTX_TASK_ID='upload_to_gcs' AIRFLOW_CTX_EXECUTION_DATE='2025-03-02T17:39:43.662871+00:00' AIRFLOW_CTX_TRY_NUMBER='1' AIRFLOW_CTX_DAG_RUN_ID='manual__2025-03-02T17:39:43.662871+00:00'
[2025-03-02T17:56:19.781+0000] {taskinstance.py:732} INFO - ::endgroup::
[2025-03-02T17:56:19.799+0000] {data_pipeline.py:51} INFO - Executing script: /opt/airflow/scripts/upload_to_gcs.py
[2025-03-02T18:06:04.474+0000] {data_pipeline.py:53} INFO - Successfully executed: /opt/airflow/scripts/upload_to_gcs.py
[2025-03-02T18:06:04.475+0000] {python.py:240} INFO - Done. Returned value was: None
[2025-03-02T18:06:04.483+0000] {taskinstance.py:341} INFO - ::group::Post task execution logs
[2025-03-02T18:06:04.484+0000] {taskinstance.py:353} INFO - Marking task as SUCCESS. dag_id=data_pipeline, task_id=upload_to_gcs, run_id=manual__2025-03-02T17:39:43.662871+00:00, execution_date=20250302T173943, start_date=20250302T175619, end_date=20250302T180604
[2025-03-02T18:06:04.560+0000] {local_task_job_runner.py:266} INFO - Task exited with return code 0
[2025-03-02T18:06:04.577+0000] {taskinstance.py:3901} INFO - 1 downstream tasks scheduled from follow-on schedule check
[2025-03-02T18:06:04.582+0000] {local_task_job_runner.py:245} INFO - ::endgroup::
