[2025-03-03T02:13:29.929+0000] {local_task_job_runner.py:123} INFO - ::group::Pre task execution logs
[2025-03-03T02:13:29.958+0000] {taskinstance.py:2614} INFO - Dependencies all met for dep_context=non-requeueable deps ti=<TaskInstance: data_pipeline.bias_mitigation scheduled__2025-03-03T01:00:00+00:00 [queued]>
[2025-03-03T02:13:29.972+0000] {taskinstance.py:2614} INFO - Dependencies all met for dep_context=requeueable deps ti=<TaskInstance: data_pipeline.bias_mitigation scheduled__2025-03-03T01:00:00+00:00 [queued]>
[2025-03-03T02:13:29.981+0000] {taskinstance.py:2867} INFO - Starting attempt 1 of 2
[2025-03-03T02:13:30.016+0000] {taskinstance.py:2890} INFO - Executing <Task(PythonOperator): bias_mitigation> on 2025-03-03 01:00:00+00:00
[2025-03-03T02:13:30.025+0000] {standard_task_runner.py:72} INFO - Started process 413 to run task
[2025-03-03T02:13:30.034+0000] {standard_task_runner.py:104} INFO - Running: ['airflow', 'tasks', 'run', 'data_pipeline', 'bias_mitigation', 'scheduled__2025-03-03T01:00:00+00:00', '--job-id', '15', '--raw', '--subdir', 'DAGS_FOLDER/data_pipeline.py', '--cfg-path', '/tmp/tmpmncjti8y']
[2025-03-03T02:13:30.044+0000] {standard_task_runner.py:105} INFO - Job 15: Subtask bias_mitigation
[2025-03-03T02:13:30.079+0000] {logging_mixin.py:190} WARNING - /home/airflow/.local/lib/python3.12/site-packages/airflow/settings.py:209 DeprecationWarning: The sql_alchemy_conn option in [core] has been moved to the sql_alchemy_conn option in [database] - the old setting has been used, but please update your config.
[2025-03-03T02:13:30.156+0000] {task_command.py:467} INFO - Running <TaskInstance: data_pipeline.bias_mitigation scheduled__2025-03-03T01:00:00+00:00 [running]> on host 71fb9604a64f
[2025-03-03T02:13:30.160+0000] {logging_mixin.py:190} WARNING - /home/airflow/.local/lib/python3.12/site-packages/airflow/settings.py:470 DeprecationWarning: The sql_alchemy_conn option in [core] has been moved to the sql_alchemy_conn option in [database] - the old setting has been used, but please update your config.
[2025-03-03T02:13:30.271+0000] {taskinstance.py:3134} INFO - Exporting env vars: AIRFLOW_CTX_DAG_OWNER='airflow' AIRFLOW_CTX_DAG_ID='data_pipeline' AIRFLOW_CTX_TASK_ID='bias_mitigation' AIRFLOW_CTX_EXECUTION_DATE='2025-03-03T01:00:00+00:00' AIRFLOW_CTX_TRY_NUMBER='1' AIRFLOW_CTX_DAG_RUN_ID='scheduled__2025-03-03T01:00:00+00:00'
[2025-03-03T02:13:30.275+0000] {taskinstance.py:732} INFO - ::endgroup::
[2025-03-03T02:13:30.315+0000] {data_pipeline.py:63} INFO - Running script: /opt/airflow/scripts/bias_mitigation.py
[2025-03-03T02:13:51.756+0000] {data_pipeline.py:67} ERROR - Error executing /opt/airflow/scripts/bias_mitigation.py: Command '['python', '/opt/airflow/scripts/bias_mitigation.py']' died with <Signals.SIGKILL: 9>.
[2025-03-03T02:13:51.948+0000] {python.py:240} INFO - Done. Returned value was: None
[2025-03-03T02:13:53.083+0000] {taskinstance.py:341} INFO - ::group::Post task execution logs
[2025-03-03T02:13:53.097+0000] {taskinstance.py:353} INFO - Marking task as SUCCESS. dag_id=data_pipeline, task_id=bias_mitigation, run_id=scheduled__2025-03-03T01:00:00+00:00, execution_date=20250303T010000, start_date=20250303T021329, end_date=20250303T021353
[2025-03-03T02:13:53.532+0000] {local_task_job_runner.py:266} INFO - Task exited with return code 0
[2025-03-03T02:13:54.096+0000] {taskinstance.py:3901} INFO - 1 downstream tasks scheduled from follow-on schedule check
[2025-03-03T02:13:54.108+0000] {local_task_job_runner.py:245} INFO - ::endgroup::
[2025-03-03T02:27:54.322+0000] {local_task_job_runner.py:123} INFO - ::group::Pre task execution logs
[2025-03-03T02:27:54.346+0000] {taskinstance.py:2614} INFO - Dependencies all met for dep_context=non-requeueable deps ti=<TaskInstance: data_pipeline.bias_mitigation scheduled__2025-03-03T01:00:00+00:00 [queued]>
[2025-03-03T02:27:54.367+0000] {taskinstance.py:2614} INFO - Dependencies all met for dep_context=requeueable deps ti=<TaskInstance: data_pipeline.bias_mitigation scheduled__2025-03-03T01:00:00+00:00 [queued]>
[2025-03-03T02:27:54.374+0000] {taskinstance.py:2867} INFO - Starting attempt 1 of 2
[2025-03-03T02:27:54.408+0000] {taskinstance.py:2890} INFO - Executing <Task(PythonOperator): bias_mitigation> on 2025-03-03 01:00:00+00:00
[2025-03-03T02:27:54.420+0000] {standard_task_runner.py:72} INFO - Started process 247 to run task
[2025-03-03T02:27:54.426+0000] {standard_task_runner.py:104} INFO - Running: ['airflow', 'tasks', 'run', 'data_pipeline', 'bias_mitigation', 'scheduled__2025-03-03T01:00:00+00:00', '--job-id', '8', '--raw', '--subdir', 'DAGS_FOLDER/data_pipeline.py', '--cfg-path', '/tmp/tmprpsra88k']
[2025-03-03T02:27:54.433+0000] {standard_task_runner.py:105} INFO - Job 8: Subtask bias_mitigation
[2025-03-03T02:27:54.482+0000] {logging_mixin.py:190} WARNING - /home/airflow/.local/lib/python3.12/site-packages/airflow/settings.py:209 DeprecationWarning: The sql_alchemy_conn option in [core] has been moved to the sql_alchemy_conn option in [database] - the old setting has been used, but please update your config.
[2025-03-03T02:27:54.541+0000] {task_command.py:467} INFO - Running <TaskInstance: data_pipeline.bias_mitigation scheduled__2025-03-03T01:00:00+00:00 [running]> on host b5502d51568b
[2025-03-03T02:27:54.545+0000] {logging_mixin.py:190} WARNING - /home/airflow/.local/lib/python3.12/site-packages/airflow/settings.py:470 DeprecationWarning: The sql_alchemy_conn option in [core] has been moved to the sql_alchemy_conn option in [database] - the old setting has been used, but please update your config.
[2025-03-03T02:27:54.696+0000] {taskinstance.py:3134} INFO - Exporting env vars: AIRFLOW_CTX_DAG_OWNER='airflow' AIRFLOW_CTX_DAG_ID='data_pipeline' AIRFLOW_CTX_TASK_ID='bias_mitigation' AIRFLOW_CTX_EXECUTION_DATE='2025-03-03T01:00:00+00:00' AIRFLOW_CTX_TRY_NUMBER='1' AIRFLOW_CTX_DAG_RUN_ID='scheduled__2025-03-03T01:00:00+00:00'
[2025-03-03T02:27:54.702+0000] {taskinstance.py:732} INFO - ::endgroup::
[2025-03-03T02:27:54.741+0000] {data_pipeline.py:63} INFO - Running script: /opt/airflow/scripts/bias_mitigation.py
[2025-03-03T02:27:56.331+0000] {data_pipeline.py:65} INFO - Successfully executed: /opt/airflow/scripts/bias_mitigation.py
[2025-03-03T02:27:56.332+0000] {python.py:240} INFO - Done. Returned value was: None
[2025-03-03T02:27:56.353+0000] {taskinstance.py:341} INFO - ::group::Post task execution logs
[2025-03-03T02:27:56.364+0000] {taskinstance.py:353} INFO - Marking task as SUCCESS. dag_id=data_pipeline, task_id=bias_mitigation, run_id=scheduled__2025-03-03T01:00:00+00:00, execution_date=20250303T010000, start_date=20250303T022754, end_date=20250303T022756
[2025-03-03T02:27:56.446+0000] {local_task_job_runner.py:266} INFO - Task exited with return code 0
[2025-03-03T02:27:56.504+0000] {taskinstance.py:3901} INFO - 1 downstream tasks scheduled from follow-on schedule check
[2025-03-03T02:27:56.523+0000] {local_task_job_runner.py:245} INFO - ::endgroup::
