[2025-03-03T02:27:42.096+0000] {local_task_job_runner.py:123} INFO - ::group::Pre task execution logs
[2025-03-03T02:27:42.117+0000] {taskinstance.py:2614} INFO - Dependencies all met for dep_context=non-requeueable deps ti=<TaskInstance: data_pipeline.bias_detection manual__2025-03-03T02:27:03.423548+00:00 [queued]>
[2025-03-03T02:27:42.130+0000] {taskinstance.py:2614} INFO - Dependencies all met for dep_context=requeueable deps ti=<TaskInstance: data_pipeline.bias_detection manual__2025-03-03T02:27:03.423548+00:00 [queued]>
[2025-03-03T02:27:42.131+0000] {taskinstance.py:2867} INFO - Starting attempt 1 of 2
[2025-03-03T02:27:42.159+0000] {taskinstance.py:2890} INFO - Executing <Task(PythonOperator): bias_detection> on 2025-03-03 02:27:03.423548+00:00
[2025-03-03T02:27:42.169+0000] {standard_task_runner.py:72} INFO - Started process 207 to run task
[2025-03-03T02:27:42.178+0000] {standard_task_runner.py:104} INFO - Running: ['airflow', 'tasks', 'run', 'data_pipeline', 'bias_detection', 'manual__2025-03-03T02:27:03.423548+00:00', '--job-id', '7', '--raw', '--subdir', 'DAGS_FOLDER/data_pipeline.py', '--cfg-path', '/tmp/tmp0gdymt2r']
[2025-03-03T02:27:42.184+0000] {standard_task_runner.py:105} INFO - Job 7: Subtask bias_detection
[2025-03-03T02:27:42.220+0000] {logging_mixin.py:190} WARNING - /home/airflow/.local/lib/python3.12/site-packages/airflow/settings.py:209 DeprecationWarning: The sql_alchemy_conn option in [core] has been moved to the sql_alchemy_conn option in [database] - the old setting has been used, but please update your config.
[2025-03-03T02:27:42.266+0000] {task_command.py:467} INFO - Running <TaskInstance: data_pipeline.bias_detection manual__2025-03-03T02:27:03.423548+00:00 [running]> on host b5502d51568b
[2025-03-03T02:27:42.368+0000] {taskinstance.py:3134} INFO - Exporting env vars: AIRFLOW_CTX_DAG_OWNER='airflow' AIRFLOW_CTX_DAG_ID='data_pipeline' AIRFLOW_CTX_TASK_ID='bias_detection' AIRFLOW_CTX_EXECUTION_DATE='2025-03-03T02:27:03.423548+00:00' AIRFLOW_CTX_TRY_NUMBER='1' AIRFLOW_CTX_DAG_RUN_ID='manual__2025-03-03T02:27:03.423548+00:00'
[2025-03-03T02:27:42.374+0000] {taskinstance.py:732} INFO - ::endgroup::
[2025-03-03T02:27:42.424+0000] {data_pipeline.py:63} INFO - Running script: /opt/airflow/scripts/bias_analysis.py
[2025-03-03T02:27:46.361+0000] {data_pipeline.py:65} INFO - Successfully executed: /opt/airflow/scripts/bias_analysis.py
[2025-03-03T02:27:46.363+0000] {python.py:240} INFO - Done. Returned value was: None
[2025-03-03T02:27:46.384+0000] {taskinstance.py:341} INFO - ::group::Post task execution logs
[2025-03-03T02:27:46.386+0000] {taskinstance.py:353} INFO - Marking task as SUCCESS. dag_id=data_pipeline, task_id=bias_detection, run_id=manual__2025-03-03T02:27:03.423548+00:00, execution_date=20250303T022703, start_date=20250303T022742, end_date=20250303T022746
[2025-03-03T02:27:46.454+0000] {local_task_job_runner.py:266} INFO - Task exited with return code 0
[2025-03-03T02:27:46.494+0000] {taskinstance.py:3901} INFO - 1 downstream tasks scheduled from follow-on schedule check
[2025-03-03T02:27:46.503+0000] {local_task_job_runner.py:245} INFO - ::endgroup::
