[2025-04-18T07:00:06.351+0000] {local_task_job_runner.py:123} INFO - ::group::Pre task execution logs
[2025-04-18T07:00:06.361+0000] {taskinstance.py:2614} INFO - Dependencies all met for dep_context=non-requeueable deps ti=<TaskInstance: data_pipeline.download_data scheduled__2025-04-18T06:00:00+00:00 [queued]>
[2025-04-18T07:00:06.367+0000] {taskinstance.py:2614} INFO - Dependencies all met for dep_context=requeueable deps ti=<TaskInstance: data_pipeline.download_data scheduled__2025-04-18T06:00:00+00:00 [queued]>
[2025-04-18T07:00:06.368+0000] {taskinstance.py:2867} INFO - Starting attempt 1 of 2
[2025-04-18T07:00:06.381+0000] {taskinstance.py:2890} INFO - Executing <Task(PythonOperator): download_data> on 2025-04-18 06:00:00+00:00
[2025-04-18T07:00:06.388+0000] {standard_task_runner.py:72} INFO - Started process 1429 to run task
[2025-04-18T07:00:06.395+0000] {standard_task_runner.py:104} INFO - Running: ['airflow', 'tasks', 'run', 'data_pipeline', 'download_data', 'scheduled__2025-04-18T06:00:00+00:00', '--job-id', '42', '--raw', '--subdir', 'DAGS_FOLDER/data_pipeline.py', '--cfg-path', '/tmp/tmpczvy1x0m']
[2025-04-18T07:00:06.398+0000] {standard_task_runner.py:105} INFO - Job 42: Subtask download_data
[2025-04-18T07:00:06.415+0000] {logging_mixin.py:190} WARNING - /home/airflow/.local/lib/python3.12/site-packages/airflow/settings.py:209 DeprecationWarning: The sql_alchemy_conn option in [core] has been moved to the sql_alchemy_conn option in [database] - the old setting has been used, but please update your config.
[2025-04-18T07:00:06.443+0000] {task_command.py:467} INFO - Running <TaskInstance: data_pipeline.download_data scheduled__2025-04-18T06:00:00+00:00 [running]> on host e8dafad5cd22
[2025-04-18T07:00:06.445+0000] {logging_mixin.py:190} WARNING - /home/airflow/.local/lib/python3.12/site-packages/airflow/settings.py:470 DeprecationWarning: The sql_alchemy_conn option in [core] has been moved to the sql_alchemy_conn option in [database] - the old setting has been used, but please update your config.
[2025-04-18T07:00:06.517+0000] {taskinstance.py:3134} INFO - Exporting env vars: AIRFLOW_CTX_DAG_OWNER='airflow' AIRFLOW_CTX_DAG_ID='data_pipeline' AIRFLOW_CTX_TASK_ID='download_data' AIRFLOW_CTX_EXECUTION_DATE='2025-04-18T06:00:00+00:00' AIRFLOW_CTX_TRY_NUMBER='1' AIRFLOW_CTX_DAG_RUN_ID='scheduled__2025-04-18T06:00:00+00:00'
[2025-04-18T07:00:06.519+0000] {taskinstance.py:732} INFO - ::endgroup::
[2025-04-18T07:00:06.539+0000] {data_pipeline.py:51} INFO - Executing script: /opt/airflow/scripts/data_acquisition.py
[2025-04-18T07:00:38.015+0000] {data_pipeline.py:53} INFO - Successfully executed: /opt/airflow/scripts/data_acquisition.py
[2025-04-18T07:00:38.016+0000] {python.py:240} INFO - Done. Returned value was: None
[2025-04-18T07:00:38.026+0000] {taskinstance.py:341} INFO - ::group::Post task execution logs
[2025-04-18T07:00:38.028+0000] {taskinstance.py:353} INFO - Marking task as SUCCESS. dag_id=data_pipeline, task_id=download_data, run_id=scheduled__2025-04-18T06:00:00+00:00, execution_date=20250418T060000, start_date=20250418T070006, end_date=20250418T070038
[2025-04-18T07:00:38.106+0000] {local_task_job_runner.py:266} INFO - Task exited with return code 0
[2025-04-18T07:00:38.135+0000] {taskinstance.py:3901} INFO - 1 downstream tasks scheduled from follow-on schedule check
[2025-04-18T07:00:38.144+0000] {local_task_job_runner.py:245} INFO - ::endgroup::
