[2025-04-18T13:00:44.982+0000] {local_task_job_runner.py:123} INFO - ::group::Pre task execution logs
[2025-04-18T13:00:44.995+0000] {taskinstance.py:2614} INFO - Dependencies all met for dep_context=non-requeueable deps ti=<TaskInstance: data_pipeline.clean_data scheduled__2025-04-18T12:00:00+00:00 [queued]>
[2025-04-18T13:00:45.002+0000] {taskinstance.py:2614} INFO - Dependencies all met for dep_context=requeueable deps ti=<TaskInstance: data_pipeline.clean_data scheduled__2025-04-18T12:00:00+00:00 [queued]>
[2025-04-18T13:00:45.003+0000] {taskinstance.py:2867} INFO - Starting attempt 1 of 2
[2025-04-18T13:00:45.018+0000] {taskinstance.py:2890} INFO - Executing <Task(PythonOperator): clean_data> on 2025-04-18 12:00:00+00:00
[2025-04-18T13:00:45.022+0000] {standard_task_runner.py:72} INFO - Started process 2133 to run task
[2025-04-18T13:00:45.025+0000] {standard_task_runner.py:104} INFO - Running: ['airflow', 'tasks', 'run', 'data_pipeline', 'clean_data', 'scheduled__2025-04-18T12:00:00+00:00', '--job-id', '65', '--raw', '--subdir', 'DAGS_FOLDER/data_pipeline.py', '--cfg-path', '/tmp/tmp62veg9le']
[2025-04-18T13:00:45.028+0000] {standard_task_runner.py:105} INFO - Job 65: Subtask clean_data
[2025-04-18T13:00:45.045+0000] {logging_mixin.py:190} WARNING - /home/airflow/.local/lib/python3.12/site-packages/airflow/settings.py:209 DeprecationWarning: The sql_alchemy_conn option in [core] has been moved to the sql_alchemy_conn option in [database] - the old setting has been used, but please update your config.
[2025-04-18T13:00:45.073+0000] {task_command.py:467} INFO - Running <TaskInstance: data_pipeline.clean_data scheduled__2025-04-18T12:00:00+00:00 [running]> on host e8dafad5cd22
[2025-04-18T13:00:45.076+0000] {logging_mixin.py:190} WARNING - /home/airflow/.local/lib/python3.12/site-packages/airflow/settings.py:470 DeprecationWarning: The sql_alchemy_conn option in [core] has been moved to the sql_alchemy_conn option in [database] - the old setting has been used, but please update your config.
[2025-04-18T13:00:45.143+0000] {taskinstance.py:3134} INFO - Exporting env vars: AIRFLOW_CTX_DAG_OWNER='airflow' AIRFLOW_CTX_DAG_ID='data_pipeline' AIRFLOW_CTX_TASK_ID='clean_data' AIRFLOW_CTX_EXECUTION_DATE='2025-04-18T12:00:00+00:00' AIRFLOW_CTX_TRY_NUMBER='1' AIRFLOW_CTX_DAG_RUN_ID='scheduled__2025-04-18T12:00:00+00:00'
[2025-04-18T13:00:45.144+0000] {taskinstance.py:732} INFO - ::endgroup::
[2025-04-18T13:00:45.158+0000] {data_pipeline.py:51} INFO - Executing script: /opt/airflow/scripts/data_preprocessing.py
[2025-04-18T13:02:20.186+0000] {data_pipeline.py:53} INFO - Successfully executed: /opt/airflow/scripts/data_preprocessing.py
[2025-04-18T13:02:20.189+0000] {python.py:240} INFO - Done. Returned value was: None
[2025-04-18T13:02:20.196+0000] {taskinstance.py:341} INFO - ::group::Post task execution logs
[2025-04-18T13:02:20.197+0000] {taskinstance.py:353} INFO - Marking task as SUCCESS. dag_id=data_pipeline, task_id=clean_data, run_id=scheduled__2025-04-18T12:00:00+00:00, execution_date=20250418T120000, start_date=20250418T130044, end_date=20250418T130220
[2025-04-18T13:02:20.255+0000] {local_task_job_runner.py:266} INFO - Task exited with return code 0
[2025-04-18T13:02:20.272+0000] {taskinstance.py:3901} INFO - 1 downstream tasks scheduled from follow-on schedule check
[2025-04-18T13:02:20.279+0000] {local_task_job_runner.py:245} INFO - ::endgroup::
