[2025-04-18T13:00:06.772+0000] {local_task_job_runner.py:123} INFO - ::group::Pre task execution logs
[2025-04-18T13:00:06.783+0000] {taskinstance.py:2614} INFO - Dependencies all met for dep_context=non-requeueable deps ti=<TaskInstance: data_pipeline.download_data scheduled__2025-04-18T12:00:00+00:00 [queued]>
[2025-04-18T13:00:06.791+0000] {taskinstance.py:2614} INFO - Dependencies all met for dep_context=requeueable deps ti=<TaskInstance: data_pipeline.download_data scheduled__2025-04-18T12:00:00+00:00 [queued]>
[2025-04-18T13:00:06.792+0000] {taskinstance.py:2867} INFO - Starting attempt 1 of 2
[2025-04-18T13:00:06.809+0000] {taskinstance.py:2890} INFO - Executing <Task(PythonOperator): download_data> on 2025-04-18 12:00:00+00:00
[2025-04-18T13:00:06.816+0000] {standard_task_runner.py:72} INFO - Started process 2083 to run task
[2025-04-18T13:00:06.820+0000] {standard_task_runner.py:104} INFO - Running: ['airflow', 'tasks', 'run', 'data_pipeline', 'download_data', 'scheduled__2025-04-18T12:00:00+00:00', '--job-id', '62', '--raw', '--subdir', 'DAGS_FOLDER/data_pipeline.py', '--cfg-path', '/tmp/tmpdpn9etp3']
[2025-04-18T13:00:06.824+0000] {standard_task_runner.py:105} INFO - Job 62: Subtask download_data
[2025-04-18T13:00:06.847+0000] {logging_mixin.py:190} WARNING - /home/airflow/.local/lib/python3.12/site-packages/airflow/settings.py:209 DeprecationWarning: The sql_alchemy_conn option in [core] has been moved to the sql_alchemy_conn option in [database] - the old setting has been used, but please update your config.
[2025-04-18T13:00:06.878+0000] {task_command.py:467} INFO - Running <TaskInstance: data_pipeline.download_data scheduled__2025-04-18T12:00:00+00:00 [running]> on host e8dafad5cd22
[2025-04-18T13:00:06.881+0000] {logging_mixin.py:190} WARNING - /home/airflow/.local/lib/python3.12/site-packages/airflow/settings.py:470 DeprecationWarning: The sql_alchemy_conn option in [core] has been moved to the sql_alchemy_conn option in [database] - the old setting has been used, but please update your config.
[2025-04-18T13:00:06.966+0000] {taskinstance.py:3134} INFO - Exporting env vars: AIRFLOW_CTX_DAG_OWNER='airflow' AIRFLOW_CTX_DAG_ID='data_pipeline' AIRFLOW_CTX_TASK_ID='download_data' AIRFLOW_CTX_EXECUTION_DATE='2025-04-18T12:00:00+00:00' AIRFLOW_CTX_TRY_NUMBER='1' AIRFLOW_CTX_DAG_RUN_ID='scheduled__2025-04-18T12:00:00+00:00'
[2025-04-18T13:00:06.967+0000] {taskinstance.py:732} INFO - ::endgroup::
[2025-04-18T13:00:06.993+0000] {data_pipeline.py:51} INFO - Executing script: /opt/airflow/scripts/data_acquisition.py
[2025-04-18T13:00:31.312+0000] {data_pipeline.py:53} INFO - Successfully executed: /opt/airflow/scripts/data_acquisition.py
[2025-04-18T13:00:31.313+0000] {python.py:240} INFO - Done. Returned value was: None
[2025-04-18T13:00:31.318+0000] {taskinstance.py:341} INFO - ::group::Post task execution logs
[2025-04-18T13:00:31.318+0000] {taskinstance.py:353} INFO - Marking task as SUCCESS. dag_id=data_pipeline, task_id=download_data, run_id=scheduled__2025-04-18T12:00:00+00:00, execution_date=20250418T120000, start_date=20250418T130006, end_date=20250418T130031
[2025-04-18T13:00:31.377+0000] {local_task_job_runner.py:266} INFO - Task exited with return code 0
[2025-04-18T13:00:31.395+0000] {taskinstance.py:3901} INFO - 1 downstream tasks scheduled from follow-on schedule check
[2025-04-18T13:00:31.401+0000] {local_task_job_runner.py:245} INFO - ::endgroup::
