[2025-03-03T02:10:44.728+0000] {local_task_job_runner.py:123} INFO - ::group::Pre task execution logs
[2025-03-03T02:10:44.784+0000] {taskinstance.py:2614} INFO - Dependencies all met for dep_context=non-requeueable deps ti=<TaskInstance: data_pipeline.bias_detection scheduled__2025-03-03T01:00:00+00:00 [queued]>
[2025-03-03T02:10:44.798+0000] {taskinstance.py:2614} INFO - Dependencies all met for dep_context=requeueable deps ti=<TaskInstance: data_pipeline.bias_detection scheduled__2025-03-03T01:00:00+00:00 [queued]>
[2025-03-03T02:10:44.799+0000] {taskinstance.py:2867} INFO - Starting attempt 1 of 2
[2025-03-03T02:10:44.826+0000] {taskinstance.py:2890} INFO - Executing <Task(PythonOperator): bias_detection> on 2025-03-03 01:00:00+00:00
[2025-03-03T02:10:44.836+0000] {standard_task_runner.py:72} INFO - Started process 340 to run task
[2025-03-03T02:10:44.843+0000] {standard_task_runner.py:104} INFO - Running: ['airflow', 'tasks', 'run', 'data_pipeline', 'bias_detection', 'scheduled__2025-03-03T01:00:00+00:00', '--job-id', '12', '--raw', '--subdir', 'DAGS_FOLDER/data_pipeline.py', '--cfg-path', '/tmp/tmp_u2za35i']
[2025-03-03T02:10:44.847+0000] {standard_task_runner.py:105} INFO - Job 12: Subtask bias_detection
[2025-03-03T02:10:44.884+0000] {logging_mixin.py:190} WARNING - /home/airflow/.local/lib/python3.12/site-packages/airflow/settings.py:209 DeprecationWarning: The sql_alchemy_conn option in [core] has been moved to the sql_alchemy_conn option in [database] - the old setting has been used, but please update your config.
[2025-03-03T02:10:44.934+0000] {task_command.py:467} INFO - Running <TaskInstance: data_pipeline.bias_detection scheduled__2025-03-03T01:00:00+00:00 [running]> on host 71fb9604a64f
[2025-03-03T02:10:44.937+0000] {logging_mixin.py:190} WARNING - /home/airflow/.local/lib/python3.12/site-packages/airflow/settings.py:470 DeprecationWarning: The sql_alchemy_conn option in [core] has been moved to the sql_alchemy_conn option in [database] - the old setting has been used, but please update your config.
[2025-03-03T02:10:45.040+0000] {taskinstance.py:3134} INFO - Exporting env vars: AIRFLOW_CTX_DAG_OWNER='airflow' AIRFLOW_CTX_DAG_ID='data_pipeline' AIRFLOW_CTX_TASK_ID='bias_detection' AIRFLOW_CTX_EXECUTION_DATE='2025-03-03T01:00:00+00:00' AIRFLOW_CTX_TRY_NUMBER='1' AIRFLOW_CTX_DAG_RUN_ID='scheduled__2025-03-03T01:00:00+00:00'
[2025-03-03T02:10:45.042+0000] {taskinstance.py:732} INFO - ::endgroup::
[2025-03-03T02:10:45.081+0000] {data_pipeline.py:63} INFO - Running script: /opt/airflow/scripts/bias_analysis.py
[2025-03-03T02:12:41.989+0000] {job.py:229} INFO - Heartbeat recovered after 44.32 seconds
[2025-03-03T02:12:42.772+0000] {data_pipeline.py:67} ERROR - Error executing /opt/airflow/scripts/bias_analysis.py: Command '['python', '/opt/airflow/scripts/bias_analysis.py']' died with <Signals.SIGKILL: 9>.
[2025-03-03T02:12:42.950+0000] {python.py:240} INFO - Done. Returned value was: None
[2025-03-03T02:12:43.914+0000] {taskinstance.py:341} INFO - ::group::Post task execution logs
[2025-03-03T02:12:43.927+0000] {taskinstance.py:353} INFO - Marking task as SUCCESS. dag_id=data_pipeline, task_id=bias_detection, run_id=scheduled__2025-03-03T01:00:00+00:00, execution_date=20250303T010000, start_date=20250303T021044, end_date=20250303T021243
[2025-03-03T02:12:44.233+0000] {local_task_job_runner.py:266} INFO - Task exited with return code 0
[2025-03-03T02:12:44.647+0000] {taskinstance.py:3901} INFO - 1 downstream tasks scheduled from follow-on schedule check
[2025-03-03T02:12:44.656+0000] {local_task_job_runner.py:245} INFO - ::endgroup::
[2025-03-03T02:27:31.241+0000] {local_task_job_runner.py:123} INFO - ::group::Pre task execution logs
[2025-03-03T02:27:31.277+0000] {taskinstance.py:2614} INFO - Dependencies all met for dep_context=non-requeueable deps ti=<TaskInstance: data_pipeline.bias_detection scheduled__2025-03-03T01:00:00+00:00 [queued]>
[2025-03-03T02:27:31.296+0000] {taskinstance.py:2614} INFO - Dependencies all met for dep_context=requeueable deps ti=<TaskInstance: data_pipeline.bias_detection scheduled__2025-03-03T01:00:00+00:00 [queued]>
[2025-03-03T02:27:31.298+0000] {taskinstance.py:2867} INFO - Starting attempt 1 of 2
[2025-03-03T02:27:31.323+0000] {taskinstance.py:2890} INFO - Executing <Task(PythonOperator): bias_detection> on 2025-03-03 01:00:00+00:00
[2025-03-03T02:27:31.330+0000] {standard_task_runner.py:72} INFO - Started process 161 to run task
[2025-03-03T02:27:31.339+0000] {standard_task_runner.py:104} INFO - Running: ['airflow', 'tasks', 'run', 'data_pipeline', 'bias_detection', 'scheduled__2025-03-03T01:00:00+00:00', '--job-id', '6', '--raw', '--subdir', 'DAGS_FOLDER/data_pipeline.py', '--cfg-path', '/tmp/tmpv6pinz1y']
[2025-03-03T02:27:31.346+0000] {standard_task_runner.py:105} INFO - Job 6: Subtask bias_detection
[2025-03-03T02:27:31.381+0000] {logging_mixin.py:190} WARNING - /home/airflow/.local/lib/python3.12/site-packages/airflow/settings.py:209 DeprecationWarning: The sql_alchemy_conn option in [core] has been moved to the sql_alchemy_conn option in [database] - the old setting has been used, but please update your config.
[2025-03-03T02:27:31.428+0000] {task_command.py:467} INFO - Running <TaskInstance: data_pipeline.bias_detection scheduled__2025-03-03T01:00:00+00:00 [running]> on host b5502d51568b
[2025-03-03T02:27:31.433+0000] {logging_mixin.py:190} WARNING - /home/airflow/.local/lib/python3.12/site-packages/airflow/settings.py:470 DeprecationWarning: The sql_alchemy_conn option in [core] has been moved to the sql_alchemy_conn option in [database] - the old setting has been used, but please update your config.
[2025-03-03T02:27:31.534+0000] {taskinstance.py:3134} INFO - Exporting env vars: AIRFLOW_CTX_DAG_OWNER='airflow' AIRFLOW_CTX_DAG_ID='data_pipeline' AIRFLOW_CTX_TASK_ID='bias_detection' AIRFLOW_CTX_EXECUTION_DATE='2025-03-03T01:00:00+00:00' AIRFLOW_CTX_TRY_NUMBER='1' AIRFLOW_CTX_DAG_RUN_ID='scheduled__2025-03-03T01:00:00+00:00'
[2025-03-03T02:27:31.535+0000] {taskinstance.py:732} INFO - ::endgroup::
[2025-03-03T02:27:31.556+0000] {data_pipeline.py:63} INFO - Running script: /opt/airflow/scripts/bias_analysis.py
[2025-03-03T02:27:35.936+0000] {data_pipeline.py:65} INFO - Successfully executed: /opt/airflow/scripts/bias_analysis.py
[2025-03-03T02:27:35.939+0000] {python.py:240} INFO - Done. Returned value was: None
[2025-03-03T02:27:35.951+0000] {taskinstance.py:341} INFO - ::group::Post task execution logs
[2025-03-03T02:27:35.953+0000] {taskinstance.py:353} INFO - Marking task as SUCCESS. dag_id=data_pipeline, task_id=bias_detection, run_id=scheduled__2025-03-03T01:00:00+00:00, execution_date=20250303T010000, start_date=20250303T022731, end_date=20250303T022735
[2025-03-03T02:27:36.021+0000] {local_task_job_runner.py:266} INFO - Task exited with return code 0
[2025-03-03T02:27:36.066+0000] {taskinstance.py:3901} INFO - 1 downstream tasks scheduled from follow-on schedule check
[2025-03-03T02:27:36.076+0000] {local_task_job_runner.py:245} INFO - ::endgroup::
