[2025-03-03T02:15:38.801+0000] {local_task_job_runner.py:123} INFO - ::group::Pre task execution logs
[2025-03-03T02:15:38.825+0000] {taskinstance.py:2614} INFO - Dependencies all met for dep_context=non-requeueable deps ti=<TaskInstance: data_pipeline.dvc_pipeline scheduled__2025-03-03T01:00:00+00:00 [queued]>
[2025-03-03T02:15:38.841+0000] {taskinstance.py:2614} INFO - Dependencies all met for dep_context=requeueable deps ti=<TaskInstance: data_pipeline.dvc_pipeline scheduled__2025-03-03T01:00:00+00:00 [queued]>
[2025-03-03T02:15:38.843+0000] {taskinstance.py:2867} INFO - Starting attempt 1 of 2
[2025-03-03T02:15:38.874+0000] {taskinstance.py:2890} INFO - Executing <Task(PythonOperator): dvc_pipeline> on 2025-03-03 01:00:00+00:00
[2025-03-03T02:15:38.887+0000] {standard_task_runner.py:72} INFO - Started process 572 to run task
[2025-03-03T02:15:38.897+0000] {standard_task_runner.py:104} INFO - Running: ['airflow', 'tasks', 'run', 'data_pipeline', 'dvc_pipeline', 'scheduled__2025-03-03T01:00:00+00:00', '--job-id', '24', '--raw', '--subdir', 'DAGS_FOLDER/data_pipeline.py', '--cfg-path', '/tmp/tmp4yfts16a']
[2025-03-03T02:15:38.901+0000] {standard_task_runner.py:105} INFO - Job 24: Subtask dvc_pipeline
[2025-03-03T02:15:38.929+0000] {logging_mixin.py:190} WARNING - /home/airflow/.local/lib/python3.12/site-packages/airflow/settings.py:209 DeprecationWarning: The sql_alchemy_conn option in [core] has been moved to the sql_alchemy_conn option in [database] - the old setting has been used, but please update your config.
[2025-03-03T02:15:38.975+0000] {task_command.py:467} INFO - Running <TaskInstance: data_pipeline.dvc_pipeline scheduled__2025-03-03T01:00:00+00:00 [running]> on host 71fb9604a64f
[2025-03-03T02:15:38.978+0000] {logging_mixin.py:190} WARNING - /home/airflow/.local/lib/python3.12/site-packages/airflow/settings.py:470 DeprecationWarning: The sql_alchemy_conn option in [core] has been moved to the sql_alchemy_conn option in [database] - the old setting has been used, but please update your config.
[2025-03-03T02:15:39.107+0000] {taskinstance.py:3134} INFO - Exporting env vars: AIRFLOW_CTX_DAG_OWNER='airflow' AIRFLOW_CTX_DAG_ID='data_pipeline' AIRFLOW_CTX_TASK_ID='dvc_pipeline' AIRFLOW_CTX_EXECUTION_DATE='2025-03-03T01:00:00+00:00' AIRFLOW_CTX_TRY_NUMBER='1' AIRFLOW_CTX_DAG_RUN_ID='scheduled__2025-03-03T01:00:00+00:00'
[2025-03-03T02:15:39.109+0000] {taskinstance.py:732} INFO - ::endgroup::
[2025-03-03T02:15:39.141+0000] {data_pipeline.py:63} INFO - Running script: /opt/airflow/scripts/dvc_pipeline.py
[2025-03-03T02:15:41.130+0000] {data_pipeline.py:67} ERROR - Error executing /opt/airflow/scripts/dvc_pipeline.py: Command '['python', '/opt/airflow/scripts/dvc_pipeline.py']' returned non-zero exit status 1.
[2025-03-03T02:15:41.132+0000] {python.py:240} INFO - Done. Returned value was: None
[2025-03-03T02:15:41.151+0000] {taskinstance.py:341} INFO - ::group::Post task execution logs
[2025-03-03T02:15:41.176+0000] {taskinstance.py:353} INFO - Marking task as SUCCESS. dag_id=data_pipeline, task_id=dvc_pipeline, run_id=scheduled__2025-03-03T01:00:00+00:00, execution_date=20250303T010000, start_date=20250303T021538, end_date=20250303T021541
[2025-03-03T02:15:41.244+0000] {local_task_job_runner.py:266} INFO - Task exited with return code 0
[2025-03-03T02:15:41.288+0000] {taskinstance.py:3901} INFO - 1 downstream tasks scheduled from follow-on schedule check
[2025-03-03T02:15:41.324+0000] {local_task_job_runner.py:245} INFO - ::endgroup::
[2025-03-03T02:28:47.679+0000] {local_task_job_runner.py:123} INFO - ::group::Pre task execution logs
[2025-03-03T02:28:47.712+0000] {taskinstance.py:2614} INFO - Dependencies all met for dep_context=non-requeueable deps ti=<TaskInstance: data_pipeline.dvc_pipeline scheduled__2025-03-03T01:00:00+00:00 [queued]>
[2025-03-03T02:28:47.742+0000] {taskinstance.py:2614} INFO - Dependencies all met for dep_context=requeueable deps ti=<TaskInstance: data_pipeline.dvc_pipeline scheduled__2025-03-03T01:00:00+00:00 [queued]>
[2025-03-03T02:28:47.747+0000] {taskinstance.py:2867} INFO - Starting attempt 1 of 2
[2025-03-03T02:28:47.775+0000] {taskinstance.py:2890} INFO - Executing <Task(PythonOperator): dvc_pipeline> on 2025-03-03 01:00:00+00:00
[2025-03-03T02:28:47.783+0000] {standard_task_runner.py:72} INFO - Started process 368 to run task
[2025-03-03T02:28:47.786+0000] {standard_task_runner.py:104} INFO - Running: ['airflow', 'tasks', 'run', 'data_pipeline', 'dvc_pipeline', 'scheduled__2025-03-03T01:00:00+00:00', '--job-id', '14', '--raw', '--subdir', 'DAGS_FOLDER/data_pipeline.py', '--cfg-path', '/tmp/tmp65xpgugg']
[2025-03-03T02:28:47.789+0000] {standard_task_runner.py:105} INFO - Job 14: Subtask dvc_pipeline
[2025-03-03T02:28:47.821+0000] {logging_mixin.py:190} WARNING - /home/airflow/.local/lib/python3.12/site-packages/airflow/settings.py:209 DeprecationWarning: The sql_alchemy_conn option in [core] has been moved to the sql_alchemy_conn option in [database] - the old setting has been used, but please update your config.
[2025-03-03T02:28:47.871+0000] {task_command.py:467} INFO - Running <TaskInstance: data_pipeline.dvc_pipeline scheduled__2025-03-03T01:00:00+00:00 [running]> on host b5502d51568b
[2025-03-03T02:28:47.875+0000] {logging_mixin.py:190} WARNING - /home/airflow/.local/lib/python3.12/site-packages/airflow/settings.py:470 DeprecationWarning: The sql_alchemy_conn option in [core] has been moved to the sql_alchemy_conn option in [database] - the old setting has been used, but please update your config.
[2025-03-03T02:28:48.216+0000] {taskinstance.py:3134} INFO - Exporting env vars: AIRFLOW_CTX_DAG_OWNER='airflow' AIRFLOW_CTX_DAG_ID='data_pipeline' AIRFLOW_CTX_TASK_ID='dvc_pipeline' AIRFLOW_CTX_EXECUTION_DATE='2025-03-03T01:00:00+00:00' AIRFLOW_CTX_TRY_NUMBER='1' AIRFLOW_CTX_DAG_RUN_ID='scheduled__2025-03-03T01:00:00+00:00'
[2025-03-03T02:28:48.219+0000] {taskinstance.py:732} INFO - ::endgroup::
[2025-03-03T02:28:48.247+0000] {data_pipeline.py:63} INFO - Running script: /opt/airflow/scripts/dvc_pipeline.py
[2025-03-03T02:28:50.374+0000] {data_pipeline.py:67} ERROR - Error executing /opt/airflow/scripts/dvc_pipeline.py: Command '['python', '/opt/airflow/scripts/dvc_pipeline.py']' returned non-zero exit status 1.
[2025-03-03T02:28:50.376+0000] {python.py:240} INFO - Done. Returned value was: None
[2025-03-03T02:28:50.393+0000] {taskinstance.py:341} INFO - ::group::Post task execution logs
[2025-03-03T02:28:50.395+0000] {taskinstance.py:353} INFO - Marking task as SUCCESS. dag_id=data_pipeline, task_id=dvc_pipeline, run_id=scheduled__2025-03-03T01:00:00+00:00, execution_date=20250303T010000, start_date=20250303T022847, end_date=20250303T022850
[2025-03-03T02:28:50.468+0000] {local_task_job_runner.py:266} INFO - Task exited with return code 0
[2025-03-03T02:28:50.502+0000] {taskinstance.py:3901} INFO - 1 downstream tasks scheduled from follow-on schedule check
[2025-03-03T02:28:50.515+0000] {local_task_job_runner.py:245} INFO - ::endgroup::
