[2025-04-18T20:03:13.364+0000] {local_task_job_runner.py:123} INFO - ::group::Pre task execution logs
[2025-04-18T20:03:13.383+0000] {taskinstance.py:2614} INFO - Dependencies all met for dep_context=non-requeueable deps ti=<TaskInstance: data_pipeline.run_dvc_pipeline scheduled__2025-04-18T19:00:00+00:00 [queued]>
[2025-04-18T20:03:13.396+0000] {taskinstance.py:2614} INFO - Dependencies all met for dep_context=requeueable deps ti=<TaskInstance: data_pipeline.run_dvc_pipeline scheduled__2025-04-18T19:00:00+00:00 [queued]>
[2025-04-18T20:03:13.398+0000] {taskinstance.py:2867} INFO - Starting attempt 1 of 2
[2025-04-18T20:03:13.446+0000] {taskinstance.py:2890} INFO - Executing <Task(PythonOperator): run_dvc_pipeline> on 2025-04-18 19:00:00+00:00
[2025-04-18T20:03:13.463+0000] {standard_task_runner.py:72} INFO - Started process 3156 to run task
[2025-04-18T20:03:13.475+0000] {standard_task_runner.py:104} INFO - Running: ['airflow', 'tasks', 'run', 'data_pipeline', 'run_dvc_pipeline', 'scheduled__2025-04-18T19:00:00+00:00', '--job-id', '99', '--raw', '--subdir', 'DAGS_FOLDER/data_pipeline.py', '--cfg-path', '/tmp/tmpg6t3cnrk']
[2025-04-18T20:03:13.483+0000] {standard_task_runner.py:105} INFO - Job 99: Subtask run_dvc_pipeline
[2025-04-18T20:03:13.543+0000] {logging_mixin.py:190} WARNING - /home/airflow/.local/lib/python3.12/site-packages/airflow/settings.py:209 DeprecationWarning: The sql_alchemy_conn option in [core] has been moved to the sql_alchemy_conn option in [database] - the old setting has been used, but please update your config.
[2025-04-18T20:03:13.622+0000] {task_command.py:467} INFO - Running <TaskInstance: data_pipeline.run_dvc_pipeline scheduled__2025-04-18T19:00:00+00:00 [running]> on host e8dafad5cd22
[2025-04-18T20:03:13.626+0000] {logging_mixin.py:190} WARNING - /home/airflow/.local/lib/python3.12/site-packages/airflow/settings.py:470 DeprecationWarning: The sql_alchemy_conn option in [core] has been moved to the sql_alchemy_conn option in [database] - the old setting has been used, but please update your config.
[2025-04-18T20:03:13.849+0000] {taskinstance.py:3134} INFO - Exporting env vars: AIRFLOW_CTX_DAG_OWNER='airflow' AIRFLOW_CTX_DAG_ID='data_pipeline' AIRFLOW_CTX_TASK_ID='run_dvc_pipeline' AIRFLOW_CTX_EXECUTION_DATE='2025-04-18T19:00:00+00:00' AIRFLOW_CTX_TRY_NUMBER='1' AIRFLOW_CTX_DAG_RUN_ID='scheduled__2025-04-18T19:00:00+00:00'
[2025-04-18T20:03:13.851+0000] {taskinstance.py:732} INFO - ::endgroup::
[2025-04-18T20:03:13.885+0000] {data_pipeline.py:51} INFO - Executing script: /opt/airflow/scripts/dvc_pipeline.py
[2025-04-18T20:03:16.820+0000] {data_pipeline.py:55} ERROR - Error executing /opt/airflow/scripts/dvc_pipeline.py: Command '['python', '/opt/airflow/scripts/dvc_pipeline.py']' returned non-zero exit status 1.
[2025-04-18T20:03:16.840+0000] {python.py:240} INFO - Done. Returned value was: None
[2025-04-18T20:03:16.941+0000] {taskinstance.py:341} INFO - ::group::Post task execution logs
[2025-04-18T20:03:16.944+0000] {taskinstance.py:353} INFO - Marking task as SUCCESS. dag_id=data_pipeline, task_id=run_dvc_pipeline, run_id=scheduled__2025-04-18T19:00:00+00:00, execution_date=20250418T190000, start_date=20250418T200313, end_date=20250418T200316
[2025-04-18T20:03:17.060+0000] {local_task_job_runner.py:266} INFO - Task exited with return code 0
[2025-04-18T20:03:17.162+0000] {taskinstance.py:3901} INFO - 0 downstream tasks scheduled from follow-on schedule check
[2025-04-18T20:03:17.165+0000] {local_task_job_runner.py:245} INFO - ::endgroup::
