[2025-03-03T02:14:19.798+0000] {local_task_job_runner.py:123} INFO - ::group::Pre task execution logs
[2025-03-03T02:14:19.823+0000] {taskinstance.py:2614} INFO - Dependencies all met for dep_context=non-requeueable deps ti=<TaskInstance: data_pipeline.upload_to_gcs manual__2025-03-03T01:53:22.667705+00:00 [queued]>
[2025-03-03T02:14:19.839+0000] {taskinstance.py:2614} INFO - Dependencies all met for dep_context=requeueable deps ti=<TaskInstance: data_pipeline.upload_to_gcs manual__2025-03-03T01:53:22.667705+00:00 [queued]>
[2025-03-03T02:14:19.844+0000] {taskinstance.py:2867} INFO - Starting attempt 1 of 2
[2025-03-03T02:14:19.874+0000] {taskinstance.py:2890} INFO - Executing <Task(PythonOperator): upload_to_gcs> on 2025-03-03 01:53:22.667705+00:00
[2025-03-03T02:14:19.884+0000] {standard_task_runner.py:72} INFO - Started process 457 to run task
[2025-03-03T02:14:19.891+0000] {standard_task_runner.py:104} INFO - Running: ['airflow', 'tasks', 'run', 'data_pipeline', 'upload_to_gcs', 'manual__2025-03-03T01:53:22.667705+00:00', '--job-id', '17', '--raw', '--subdir', 'DAGS_FOLDER/data_pipeline.py', '--cfg-path', '/tmp/tmptt1xmx30']
[2025-03-03T02:14:19.901+0000] {standard_task_runner.py:105} INFO - Job 17: Subtask upload_to_gcs
[2025-03-03T02:14:19.930+0000] {logging_mixin.py:190} WARNING - /home/airflow/.local/lib/python3.12/site-packages/airflow/settings.py:209 DeprecationWarning: The sql_alchemy_conn option in [core] has been moved to the sql_alchemy_conn option in [database] - the old setting has been used, but please update your config.
[2025-03-03T02:14:19.978+0000] {task_command.py:467} INFO - Running <TaskInstance: data_pipeline.upload_to_gcs manual__2025-03-03T01:53:22.667705+00:00 [running]> on host 71fb9604a64f
[2025-03-03T02:14:20.093+0000] {taskinstance.py:3134} INFO - Exporting env vars: AIRFLOW_CTX_DAG_OWNER='airflow' AIRFLOW_CTX_DAG_ID='data_pipeline' AIRFLOW_CTX_TASK_ID='upload_to_gcs' AIRFLOW_CTX_EXECUTION_DATE='2025-03-03T01:53:22.667705+00:00' AIRFLOW_CTX_TRY_NUMBER='1' AIRFLOW_CTX_DAG_RUN_ID='manual__2025-03-03T01:53:22.667705+00:00'
[2025-03-03T02:14:20.095+0000] {taskinstance.py:732} INFO - ::endgroup::
[2025-03-03T02:14:20.119+0000] {data_pipeline.py:63} INFO - Running script: /opt/airflow/scripts/upload_to_gcs.py
[2025-03-03T02:14:22.020+0000] {data_pipeline.py:67} ERROR - Error executing /opt/airflow/scripts/upload_to_gcs.py: Command '['python', '/opt/airflow/scripts/upload_to_gcs.py']' returned non-zero exit status 1.
[2025-03-03T02:14:22.022+0000] {python.py:240} INFO - Done. Returned value was: None
[2025-03-03T02:14:22.032+0000] {taskinstance.py:341} INFO - ::group::Post task execution logs
[2025-03-03T02:14:22.034+0000] {taskinstance.py:353} INFO - Marking task as SUCCESS. dag_id=data_pipeline, task_id=upload_to_gcs, run_id=manual__2025-03-03T01:53:22.667705+00:00, execution_date=20250303T015322, start_date=20250303T021419, end_date=20250303T021422
[2025-03-03T02:14:22.084+0000] {local_task_job_runner.py:266} INFO - Task exited with return code 0
[2025-03-03T02:14:22.132+0000] {taskinstance.py:3901} INFO - 1 downstream tasks scheduled from follow-on schedule check
[2025-03-03T02:14:22.142+0000] {local_task_job_runner.py:245} INFO - ::endgroup::
