[2025-04-17T07:35:35.076+0000] {processor.py:186} INFO - Started process (PID=81) to work on /opt/airflow/dags/data_pipeline.py
[2025-04-17T07:35:35.079+0000] {processor.py:914} INFO - Processing file /opt/airflow/dags/data_pipeline.py for tasks to queue
[2025-04-17T07:35:35.087+0000] {logging_mixin.py:190} INFO - [2025-04-17T07:35:35.085+0000] {dagbag.py:588} INFO - Filling up the DagBag from /opt/airflow/dags/data_pipeline.py
[2025-04-17T07:35:35.135+0000] {logging_mixin.py:190} INFO - [2025-04-17T07:35:35.135+0000] {data_pipeline.py:111} INFO - Airflow DAG setup complete.
[2025-04-17T07:35:35.147+0000] {processor.py:925} INFO - DAG(s) 'data_pipeline' retrieved from /opt/airflow/dags/data_pipeline.py
[2025-04-17T07:35:35.446+0000] {logging_mixin.py:190} INFO - [2025-04-17T07:35:35.444+0000] {override.py:1930} INFO - Created Permission View: can edit on DAG:data_pipeline
[2025-04-17T07:35:35.471+0000] {logging_mixin.py:190} INFO - [2025-04-17T07:35:35.470+0000] {override.py:1930} INFO - Created Permission View: can delete on DAG:data_pipeline
[2025-04-17T07:35:35.492+0000] {logging_mixin.py:190} INFO - [2025-04-17T07:35:35.491+0000] {override.py:1930} INFO - Created Permission View: can read on DAG:data_pipeline
[2025-04-17T07:35:35.522+0000] {logging_mixin.py:190} INFO - [2025-04-17T07:35:35.521+0000] {override.py:1930} INFO - Created Permission View: can delete on DAG Run:data_pipeline
[2025-04-17T07:35:35.577+0000] {logging_mixin.py:190} INFO - [2025-04-17T07:35:35.576+0000] {override.py:1930} INFO - Created Permission View: can create on DAG Run:data_pipeline
[2025-04-17T07:35:35.617+0000] {logging_mixin.py:190} INFO - [2025-04-17T07:35:35.616+0000] {override.py:1930} INFO - Created Permission View: menu access on DAG Run:data_pipeline
[2025-04-17T07:35:35.642+0000] {logging_mixin.py:190} INFO - [2025-04-17T07:35:35.642+0000] {override.py:1930} INFO - Created Permission View: can read on DAG Run:data_pipeline
[2025-04-17T07:35:35.644+0000] {logging_mixin.py:190} INFO - [2025-04-17T07:35:35.644+0000] {dag.py:3239} INFO - Sync 1 DAGs
[2025-04-17T07:35:35.728+0000] {logging_mixin.py:190} INFO - [2025-04-17T07:35:35.727+0000] {dag.py:3262} INFO - Creating ORM DAG for data_pipeline
[2025-04-17T07:35:35.785+0000] {logging_mixin.py:190} INFO - [2025-04-17T07:35:35.784+0000] {dag.py:4180} INFO - Setting next_dagrun for data_pipeline to 2025-04-17 06:00:00+00:00, run_after=2025-04-17 07:00:00+00:00
[2025-04-17T07:35:35.856+0000] {processor.py:208} INFO - Processing /opt/airflow/dags/data_pipeline.py took 0.791 seconds
[2025-04-17T07:36:06.803+0000] {processor.py:186} INFO - Started process (PID=84) to work on /opt/airflow/dags/data_pipeline.py
[2025-04-17T07:36:06.805+0000] {processor.py:914} INFO - Processing file /opt/airflow/dags/data_pipeline.py for tasks to queue
[2025-04-17T07:36:06.812+0000] {logging_mixin.py:190} INFO - [2025-04-17T07:36:06.811+0000] {dagbag.py:588} INFO - Filling up the DagBag from /opt/airflow/dags/data_pipeline.py
[2025-04-17T07:36:06.862+0000] {logging_mixin.py:190} INFO - [2025-04-17T07:36:06.861+0000] {data_pipeline.py:111} INFO - Airflow DAG setup complete.
[2025-04-17T07:36:06.872+0000] {processor.py:925} INFO - DAG(s) 'data_pipeline' retrieved from /opt/airflow/dags/data_pipeline.py
[2025-04-17T07:36:07.245+0000] {logging_mixin.py:190} INFO - [2025-04-17T07:36:07.244+0000] {dag.py:3239} INFO - Sync 1 DAGs
[2025-04-17T07:36:07.307+0000] {logging_mixin.py:190} INFO - [2025-04-17T07:36:07.306+0000] {dag.py:4180} INFO - Setting next_dagrun for data_pipeline to 2025-04-17 06:00:00+00:00, run_after=2025-04-17 07:00:00+00:00
[2025-04-17T07:36:07.398+0000] {processor.py:208} INFO - Processing /opt/airflow/dags/data_pipeline.py took 0.608 seconds
[2025-04-17T07:37:23.294+0000] {processor.py:186} INFO - Started process (PID=102) to work on /opt/airflow/dags/data_pipeline.py
[2025-04-17T07:37:23.306+0000] {processor.py:914} INFO - Processing file /opt/airflow/dags/data_pipeline.py for tasks to queue
[2025-04-17T07:37:23.313+0000] {logging_mixin.py:190} INFO - [2025-04-17T07:37:23.313+0000] {dagbag.py:588} INFO - Filling up the DagBag from /opt/airflow/dags/data_pipeline.py
[2025-04-17T07:37:23.393+0000] {logging_mixin.py:190} INFO - [2025-04-17T07:37:23.392+0000] {data_pipeline.py:111} INFO - Airflow DAG setup complete.
[2025-04-17T07:37:23.399+0000] {processor.py:925} INFO - DAG(s) 'data_pipeline' retrieved from /opt/airflow/dags/data_pipeline.py
[2025-04-17T07:37:24.046+0000] {logging_mixin.py:190} INFO - [2025-04-17T07:37:24.044+0000] {dag.py:3239} INFO - Sync 1 DAGs
[2025-04-17T07:37:24.091+0000] {logging_mixin.py:190} INFO - [2025-04-17T07:37:24.090+0000] {dag.py:4180} INFO - Setting next_dagrun for data_pipeline to 2025-04-17 07:00:00+00:00, run_after=2025-04-17 08:00:00+00:00
[2025-04-17T07:37:24.165+0000] {processor.py:208} INFO - Processing /opt/airflow/dags/data_pipeline.py took 0.886 seconds
[2025-04-17T23:23:02.126+0000] {processor.py:186} INFO - Started process (PID=81) to work on /opt/airflow/dags/data_pipeline.py
[2025-04-17T23:23:02.129+0000] {processor.py:914} INFO - Processing file /opt/airflow/dags/data_pipeline.py for tasks to queue
[2025-04-17T23:23:02.135+0000] {logging_mixin.py:190} INFO - [2025-04-17T23:23:02.134+0000] {dagbag.py:588} INFO - Filling up the DagBag from /opt/airflow/dags/data_pipeline.py
[2025-04-17T23:23:02.186+0000] {logging_mixin.py:190} INFO - [2025-04-17T23:23:02.185+0000] {data_pipeline.py:111} INFO - Airflow DAG setup complete.
[2025-04-17T23:23:02.190+0000] {processor.py:925} INFO - DAG(s) 'data_pipeline' retrieved from /opt/airflow/dags/data_pipeline.py
[2025-04-17T23:23:02.370+0000] {logging_mixin.py:190} INFO - [2025-04-17T23:23:02.370+0000] {override.py:1930} INFO - Created Permission View: can edit on DAG:data_pipeline
[2025-04-17T23:23:02.383+0000] {logging_mixin.py:190} INFO - [2025-04-17T23:23:02.383+0000] {override.py:1930} INFO - Created Permission View: can read on DAG:data_pipeline
[2025-04-17T23:23:02.392+0000] {logging_mixin.py:190} INFO - [2025-04-17T23:23:02.392+0000] {override.py:1930} INFO - Created Permission View: can delete on DAG:data_pipeline
[2025-04-17T23:23:02.406+0000] {logging_mixin.py:190} INFO - [2025-04-17T23:23:02.405+0000] {override.py:1930} INFO - Created Permission View: menu access on DAG Run:data_pipeline
[2025-04-17T23:23:02.415+0000] {logging_mixin.py:190} INFO - [2025-04-17T23:23:02.415+0000] {override.py:1930} INFO - Created Permission View: can delete on DAG Run:data_pipeline
[2025-04-17T23:23:02.424+0000] {logging_mixin.py:190} INFO - [2025-04-17T23:23:02.423+0000] {override.py:1930} INFO - Created Permission View: can read on DAG Run:data_pipeline
[2025-04-17T23:23:02.442+0000] {logging_mixin.py:190} INFO - [2025-04-17T23:23:02.441+0000] {override.py:1930} INFO - Created Permission View: can create on DAG Run:data_pipeline
[2025-04-17T23:23:02.442+0000] {logging_mixin.py:190} INFO - [2025-04-17T23:23:02.442+0000] {dag.py:3239} INFO - Sync 1 DAGs
[2025-04-17T23:23:02.460+0000] {logging_mixin.py:190} INFO - [2025-04-17T23:23:02.460+0000] {dag.py:3262} INFO - Creating ORM DAG for data_pipeline
[2025-04-17T23:23:02.477+0000] {logging_mixin.py:190} INFO - [2025-04-17T23:23:02.476+0000] {dag.py:4180} INFO - Setting next_dagrun for data_pipeline to 2025-04-17 22:00:00+00:00, run_after=2025-04-17 23:00:00+00:00
[2025-04-17T23:23:02.499+0000] {processor.py:208} INFO - Processing /opt/airflow/dags/data_pipeline.py took 0.384 seconds
[2025-04-17T23:23:33.109+0000] {processor.py:186} INFO - Started process (PID=83) to work on /opt/airflow/dags/data_pipeline.py
[2025-04-17T23:23:33.110+0000] {processor.py:914} INFO - Processing file /opt/airflow/dags/data_pipeline.py for tasks to queue
[2025-04-17T23:23:33.113+0000] {logging_mixin.py:190} INFO - [2025-04-17T23:23:33.112+0000] {dagbag.py:588} INFO - Filling up the DagBag from /opt/airflow/dags/data_pipeline.py
[2025-04-17T23:23:33.132+0000] {logging_mixin.py:190} INFO - [2025-04-17T23:23:33.131+0000] {data_pipeline.py:111} INFO - Airflow DAG setup complete.
[2025-04-17T23:23:33.136+0000] {processor.py:925} INFO - DAG(s) 'data_pipeline' retrieved from /opt/airflow/dags/data_pipeline.py
[2025-04-17T23:23:33.288+0000] {logging_mixin.py:190} INFO - [2025-04-17T23:23:33.288+0000] {dag.py:3239} INFO - Sync 1 DAGs
[2025-04-17T23:23:33.314+0000] {logging_mixin.py:190} INFO - [2025-04-17T23:23:33.314+0000] {dag.py:4180} INFO - Setting next_dagrun for data_pipeline to 2025-04-17 22:00:00+00:00, run_after=2025-04-17 23:00:00+00:00
[2025-04-17T23:23:33.347+0000] {processor.py:208} INFO - Processing /opt/airflow/dags/data_pipeline.py took 0.245 seconds
[2025-04-17T23:25:24.058+0000] {processor.py:186} INFO - Started process (PID=134) to work on /opt/airflow/dags/data_pipeline.py
[2025-04-17T23:25:24.076+0000] {processor.py:914} INFO - Processing file /opt/airflow/dags/data_pipeline.py for tasks to queue
[2025-04-17T23:25:24.079+0000] {logging_mixin.py:190} INFO - [2025-04-17T23:25:24.079+0000] {dagbag.py:588} INFO - Filling up the DagBag from /opt/airflow/dags/data_pipeline.py
[2025-04-17T23:25:24.107+0000] {logging_mixin.py:190} INFO - [2025-04-17T23:25:24.107+0000] {data_pipeline.py:111} INFO - Airflow DAG setup complete.
[2025-04-17T23:25:24.109+0000] {processor.py:925} INFO - DAG(s) 'data_pipeline' retrieved from /opt/airflow/dags/data_pipeline.py
[2025-04-17T23:25:24.502+0000] {logging_mixin.py:190} INFO - [2025-04-17T23:25:24.501+0000] {dag.py:3239} INFO - Sync 1 DAGs
[2025-04-17T23:25:24.523+0000] {logging_mixin.py:190} INFO - [2025-04-17T23:25:24.522+0000] {dag.py:4180} INFO - Setting next_dagrun for data_pipeline to 2025-04-17 23:00:00+00:00, run_after=2025-04-18 00:00:00+00:00
[2025-04-17T23:25:24.553+0000] {processor.py:208} INFO - Processing /opt/airflow/dags/data_pipeline.py took 0.502 seconds
[2025-04-17T23:28:05.664+0000] {processor.py:186} INFO - Started process (PID=152) to work on /opt/airflow/dags/data_pipeline.py
[2025-04-17T23:28:05.667+0000] {processor.py:914} INFO - Processing file /opt/airflow/dags/data_pipeline.py for tasks to queue
[2025-04-17T23:28:05.671+0000] {logging_mixin.py:190} INFO - [2025-04-17T23:28:05.670+0000] {dagbag.py:588} INFO - Filling up the DagBag from /opt/airflow/dags/data_pipeline.py
[2025-04-17T23:28:05.705+0000] {logging_mixin.py:190} INFO - [2025-04-17T23:28:05.704+0000] {data_pipeline.py:111} INFO - Airflow DAG setup complete.
[2025-04-17T23:28:05.708+0000] {processor.py:925} INFO - DAG(s) 'data_pipeline' retrieved from /opt/airflow/dags/data_pipeline.py
[2025-04-17T23:28:06.229+0000] {logging_mixin.py:190} INFO - [2025-04-17T23:28:06.228+0000] {dag.py:3239} INFO - Sync 1 DAGs
[2025-04-17T23:28:06.266+0000] {logging_mixin.py:190} INFO - [2025-04-17T23:28:06.266+0000] {dag.py:4180} INFO - Setting next_dagrun for data_pipeline to 2025-04-17 23:00:00+00:00, run_after=2025-04-18 00:00:00+00:00
[2025-04-17T23:28:06.304+0000] {processor.py:208} INFO - Processing /opt/airflow/dags/data_pipeline.py took 0.649 seconds
[2025-04-17T23:31:09.333+0000] {processor.py:186} INFO - Started process (PID=170) to work on /opt/airflow/dags/data_pipeline.py
[2025-04-17T23:31:09.335+0000] {processor.py:914} INFO - Processing file /opt/airflow/dags/data_pipeline.py for tasks to queue
[2025-04-17T23:31:09.337+0000] {logging_mixin.py:190} INFO - [2025-04-17T23:31:09.337+0000] {dagbag.py:588} INFO - Filling up the DagBag from /opt/airflow/dags/data_pipeline.py
[2025-04-17T23:31:09.368+0000] {logging_mixin.py:190} INFO - [2025-04-17T23:31:09.368+0000] {data_pipeline.py:111} INFO - Airflow DAG setup complete.
[2025-04-17T23:31:09.370+0000] {processor.py:925} INFO - DAG(s) 'data_pipeline' retrieved from /opt/airflow/dags/data_pipeline.py
[2025-04-17T23:31:09.732+0000] {logging_mixin.py:190} INFO - [2025-04-17T23:31:09.732+0000] {dag.py:3239} INFO - Sync 1 DAGs
[2025-04-17T23:31:09.759+0000] {logging_mixin.py:190} INFO - [2025-04-17T23:31:09.758+0000] {dag.py:4180} INFO - Setting next_dagrun for data_pipeline to 2025-04-17 23:00:00+00:00, run_after=2025-04-18 00:00:00+00:00
[2025-04-17T23:31:09.804+0000] {processor.py:208} INFO - Processing /opt/airflow/dags/data_pipeline.py took 0.480 seconds
[2025-04-17T23:31:40.265+0000] {processor.py:186} INFO - Started process (PID=171) to work on /opt/airflow/dags/data_pipeline.py
[2025-04-17T23:31:40.267+0000] {processor.py:914} INFO - Processing file /opt/airflow/dags/data_pipeline.py for tasks to queue
[2025-04-17T23:31:40.269+0000] {logging_mixin.py:190} INFO - [2025-04-17T23:31:40.268+0000] {dagbag.py:588} INFO - Filling up the DagBag from /opt/airflow/dags/data_pipeline.py
[2025-04-17T23:31:40.293+0000] {logging_mixin.py:190} INFO - [2025-04-17T23:31:40.292+0000] {data_pipeline.py:111} INFO - Airflow DAG setup complete.
[2025-04-17T23:31:40.295+0000] {processor.py:925} INFO - DAG(s) 'data_pipeline' retrieved from /opt/airflow/dags/data_pipeline.py
[2025-04-17T23:31:40.543+0000] {logging_mixin.py:190} INFO - [2025-04-17T23:31:40.543+0000] {dag.py:3239} INFO - Sync 1 DAGs
[2025-04-17T23:31:40.560+0000] {logging_mixin.py:190} INFO - [2025-04-17T23:31:40.560+0000] {dag.py:4180} INFO - Setting next_dagrun for data_pipeline to 2025-04-17 23:00:00+00:00, run_after=2025-04-18 00:00:00+00:00
[2025-04-17T23:31:40.598+0000] {processor.py:208} INFO - Processing /opt/airflow/dags/data_pipeline.py took 0.339 seconds
[2025-04-17T23:32:11.496+0000] {processor.py:186} INFO - Started process (PID=172) to work on /opt/airflow/dags/data_pipeline.py
[2025-04-17T23:32:11.497+0000] {processor.py:914} INFO - Processing file /opt/airflow/dags/data_pipeline.py for tasks to queue
[2025-04-17T23:32:11.501+0000] {logging_mixin.py:190} INFO - [2025-04-17T23:32:11.500+0000] {dagbag.py:588} INFO - Filling up the DagBag from /opt/airflow/dags/data_pipeline.py
[2025-04-17T23:32:11.525+0000] {logging_mixin.py:190} INFO - [2025-04-17T23:32:11.524+0000] {data_pipeline.py:111} INFO - Airflow DAG setup complete.
[2025-04-17T23:32:11.528+0000] {processor.py:925} INFO - DAG(s) 'data_pipeline' retrieved from /opt/airflow/dags/data_pipeline.py
[2025-04-17T23:32:11.794+0000] {logging_mixin.py:190} INFO - [2025-04-17T23:32:11.794+0000] {dag.py:3239} INFO - Sync 1 DAGs
[2025-04-17T23:32:11.812+0000] {logging_mixin.py:190} INFO - [2025-04-17T23:32:11.812+0000] {dag.py:4180} INFO - Setting next_dagrun for data_pipeline to 2025-04-17 23:00:00+00:00, run_after=2025-04-18 00:00:00+00:00
[2025-04-17T23:32:11.840+0000] {processor.py:208} INFO - Processing /opt/airflow/dags/data_pipeline.py took 0.356 seconds
[2025-04-17T23:32:27.656+0000] {processor.py:186} INFO - Started process (PID=173) to work on /opt/airflow/dags/data_pipeline.py
[2025-04-17T23:32:27.658+0000] {processor.py:914} INFO - Processing file /opt/airflow/dags/data_pipeline.py for tasks to queue
[2025-04-17T23:32:27.660+0000] {logging_mixin.py:190} INFO - [2025-04-17T23:32:27.659+0000] {dagbag.py:588} INFO - Filling up the DagBag from /opt/airflow/dags/data_pipeline.py
[2025-04-17T23:32:27.708+0000] {logging_mixin.py:190} INFO - [2025-04-17T23:32:27.707+0000] {data_pipeline.py:111} INFO - Airflow DAG setup complete.
[2025-04-17T23:32:27.709+0000] {processor.py:925} INFO - DAG(s) 'data_pipeline' retrieved from /opt/airflow/dags/data_pipeline.py
[2025-04-17T23:32:27.719+0000] {logging_mixin.py:190} INFO - [2025-04-17T23:32:27.718+0000] {dag.py:3239} INFO - Sync 1 DAGs
[2025-04-17T23:32:27.893+0000] {logging_mixin.py:190} INFO - [2025-04-17T23:32:27.892+0000] {dag.py:4180} INFO - Setting next_dagrun for data_pipeline to 2025-04-17 23:00:00+00:00, run_after=2025-04-18 00:00:00+00:00
[2025-04-17T23:32:27.918+0000] {processor.py:208} INFO - Processing /opt/airflow/dags/data_pipeline.py took 0.269 seconds
[2025-04-17T23:32:57.998+0000] {processor.py:186} INFO - Started process (PID=174) to work on /opt/airflow/dags/data_pipeline.py
[2025-04-17T23:32:58.001+0000] {processor.py:914} INFO - Processing file /opt/airflow/dags/data_pipeline.py for tasks to queue
[2025-04-17T23:32:58.006+0000] {logging_mixin.py:190} INFO - [2025-04-17T23:32:58.005+0000] {dagbag.py:588} INFO - Filling up the DagBag from /opt/airflow/dags/data_pipeline.py
[2025-04-17T23:32:58.034+0000] {logging_mixin.py:190} INFO - [2025-04-17T23:32:58.033+0000] {data_pipeline.py:111} INFO - Airflow DAG setup complete.
[2025-04-17T23:32:58.036+0000] {processor.py:925} INFO - DAG(s) 'data_pipeline' retrieved from /opt/airflow/dags/data_pipeline.py
[2025-04-17T23:32:58.226+0000] {logging_mixin.py:190} INFO - [2025-04-17T23:32:58.226+0000] {dag.py:3239} INFO - Sync 1 DAGs
[2025-04-17T23:32:58.258+0000] {logging_mixin.py:190} INFO - [2025-04-17T23:32:58.258+0000] {dag.py:4180} INFO - Setting next_dagrun for data_pipeline to 2025-04-17 23:00:00+00:00, run_after=2025-04-18 00:00:00+00:00
[2025-04-17T23:32:58.318+0000] {processor.py:208} INFO - Processing /opt/airflow/dags/data_pipeline.py took 0.335 seconds
[2025-04-17T23:33:29.193+0000] {processor.py:186} INFO - Started process (PID=175) to work on /opt/airflow/dags/data_pipeline.py
[2025-04-17T23:33:29.196+0000] {processor.py:914} INFO - Processing file /opt/airflow/dags/data_pipeline.py for tasks to queue
[2025-04-17T23:33:29.200+0000] {logging_mixin.py:190} INFO - [2025-04-17T23:33:29.200+0000] {dagbag.py:588} INFO - Filling up the DagBag from /opt/airflow/dags/data_pipeline.py
[2025-04-17T23:33:29.268+0000] {logging_mixin.py:190} INFO - [2025-04-17T23:33:29.267+0000] {data_pipeline.py:111} INFO - Airflow DAG setup complete.
[2025-04-17T23:33:29.269+0000] {processor.py:925} INFO - DAG(s) 'data_pipeline' retrieved from /opt/airflow/dags/data_pipeline.py
[2025-04-17T23:33:29.403+0000] {logging_mixin.py:190} INFO - [2025-04-17T23:33:29.403+0000] {dag.py:3239} INFO - Sync 1 DAGs
[2025-04-17T23:33:29.423+0000] {logging_mixin.py:190} INFO - [2025-04-17T23:33:29.423+0000] {dag.py:4180} INFO - Setting next_dagrun for data_pipeline to 2025-04-17 23:00:00+00:00, run_after=2025-04-18 00:00:00+00:00
[2025-04-17T23:33:29.475+0000] {processor.py:208} INFO - Processing /opt/airflow/dags/data_pipeline.py took 0.292 seconds
[2025-04-17T23:33:59.706+0000] {processor.py:186} INFO - Started process (PID=176) to work on /opt/airflow/dags/data_pipeline.py
[2025-04-17T23:33:59.707+0000] {processor.py:914} INFO - Processing file /opt/airflow/dags/data_pipeline.py for tasks to queue
[2025-04-17T23:33:59.709+0000] {logging_mixin.py:190} INFO - [2025-04-17T23:33:59.709+0000] {dagbag.py:588} INFO - Filling up the DagBag from /opt/airflow/dags/data_pipeline.py
[2025-04-17T23:33:59.731+0000] {logging_mixin.py:190} INFO - [2025-04-17T23:33:59.730+0000] {data_pipeline.py:111} INFO - Airflow DAG setup complete.
[2025-04-17T23:33:59.732+0000] {processor.py:925} INFO - DAG(s) 'data_pipeline' retrieved from /opt/airflow/dags/data_pipeline.py
[2025-04-17T23:33:59.848+0000] {logging_mixin.py:190} INFO - [2025-04-17T23:33:59.847+0000] {dag.py:3239} INFO - Sync 1 DAGs
[2025-04-17T23:33:59.874+0000] {logging_mixin.py:190} INFO - [2025-04-17T23:33:59.873+0000] {dag.py:4180} INFO - Setting next_dagrun for data_pipeline to 2025-04-17 23:00:00+00:00, run_after=2025-04-18 00:00:00+00:00
[2025-04-17T23:33:59.899+0000] {processor.py:208} INFO - Processing /opt/airflow/dags/data_pipeline.py took 0.201 seconds
[2025-04-17T23:34:30.135+0000] {processor.py:186} INFO - Started process (PID=177) to work on /opt/airflow/dags/data_pipeline.py
[2025-04-17T23:34:30.137+0000] {processor.py:914} INFO - Processing file /opt/airflow/dags/data_pipeline.py for tasks to queue
[2025-04-17T23:34:30.140+0000] {logging_mixin.py:190} INFO - [2025-04-17T23:34:30.139+0000] {dagbag.py:588} INFO - Filling up the DagBag from /opt/airflow/dags/data_pipeline.py
[2025-04-17T23:34:30.179+0000] {logging_mixin.py:190} INFO - [2025-04-17T23:34:30.179+0000] {data_pipeline.py:111} INFO - Airflow DAG setup complete.
[2025-04-17T23:34:30.181+0000] {processor.py:925} INFO - DAG(s) 'data_pipeline' retrieved from /opt/airflow/dags/data_pipeline.py
[2025-04-17T23:34:30.358+0000] {logging_mixin.py:190} INFO - [2025-04-17T23:34:30.358+0000] {dag.py:3239} INFO - Sync 1 DAGs
[2025-04-17T23:34:30.390+0000] {logging_mixin.py:190} INFO - [2025-04-17T23:34:30.389+0000] {dag.py:4180} INFO - Setting next_dagrun for data_pipeline to 2025-04-17 23:00:00+00:00, run_after=2025-04-18 00:00:00+00:00
[2025-04-17T23:34:30.423+0000] {processor.py:208} INFO - Processing /opt/airflow/dags/data_pipeline.py took 0.301 seconds
[2025-04-17T23:35:00.650+0000] {processor.py:186} INFO - Started process (PID=178) to work on /opt/airflow/dags/data_pipeline.py
[2025-04-17T23:35:00.652+0000] {processor.py:914} INFO - Processing file /opt/airflow/dags/data_pipeline.py for tasks to queue
[2025-04-17T23:35:00.654+0000] {logging_mixin.py:190} INFO - [2025-04-17T23:35:00.653+0000] {dagbag.py:588} INFO - Filling up the DagBag from /opt/airflow/dags/data_pipeline.py
[2025-04-17T23:35:00.677+0000] {logging_mixin.py:190} INFO - [2025-04-17T23:35:00.677+0000] {data_pipeline.py:111} INFO - Airflow DAG setup complete.
[2025-04-17T23:35:00.678+0000] {processor.py:925} INFO - DAG(s) 'data_pipeline' retrieved from /opt/airflow/dags/data_pipeline.py
[2025-04-17T23:35:00.785+0000] {logging_mixin.py:190} INFO - [2025-04-17T23:35:00.785+0000] {dag.py:3239} INFO - Sync 1 DAGs
[2025-04-17T23:35:00.803+0000] {logging_mixin.py:190} INFO - [2025-04-17T23:35:00.803+0000] {dag.py:4180} INFO - Setting next_dagrun for data_pipeline to 2025-04-17 23:00:00+00:00, run_after=2025-04-18 00:00:00+00:00
[2025-04-17T23:35:00.841+0000] {processor.py:208} INFO - Processing /opt/airflow/dags/data_pipeline.py took 0.197 seconds
[2025-04-17T23:35:31.031+0000] {processor.py:186} INFO - Started process (PID=179) to work on /opt/airflow/dags/data_pipeline.py
[2025-04-17T23:35:31.033+0000] {processor.py:914} INFO - Processing file /opt/airflow/dags/data_pipeline.py for tasks to queue
[2025-04-17T23:35:31.036+0000] {logging_mixin.py:190} INFO - [2025-04-17T23:35:31.035+0000] {dagbag.py:588} INFO - Filling up the DagBag from /opt/airflow/dags/data_pipeline.py
[2025-04-17T23:35:31.057+0000] {logging_mixin.py:190} INFO - [2025-04-17T23:35:31.057+0000] {data_pipeline.py:111} INFO - Airflow DAG setup complete.
[2025-04-17T23:35:31.059+0000] {processor.py:925} INFO - DAG(s) 'data_pipeline' retrieved from /opt/airflow/dags/data_pipeline.py
[2025-04-17T23:35:31.185+0000] {logging_mixin.py:190} INFO - [2025-04-17T23:35:31.185+0000] {dag.py:3239} INFO - Sync 1 DAGs
[2025-04-17T23:35:31.210+0000] {logging_mixin.py:190} INFO - [2025-04-17T23:35:31.210+0000] {dag.py:4180} INFO - Setting next_dagrun for data_pipeline to 2025-04-17 23:00:00+00:00, run_after=2025-04-18 00:00:00+00:00
[2025-04-17T23:35:31.233+0000] {processor.py:208} INFO - Processing /opt/airflow/dags/data_pipeline.py took 0.217 seconds
[2025-04-17T23:36:01.442+0000] {processor.py:186} INFO - Started process (PID=180) to work on /opt/airflow/dags/data_pipeline.py
[2025-04-17T23:36:01.446+0000] {processor.py:914} INFO - Processing file /opt/airflow/dags/data_pipeline.py for tasks to queue
[2025-04-17T23:36:01.449+0000] {logging_mixin.py:190} INFO - [2025-04-17T23:36:01.448+0000] {dagbag.py:588} INFO - Filling up the DagBag from /opt/airflow/dags/data_pipeline.py
[2025-04-17T23:36:01.482+0000] {logging_mixin.py:190} INFO - [2025-04-17T23:36:01.481+0000] {data_pipeline.py:111} INFO - Airflow DAG setup complete.
[2025-04-17T23:36:01.485+0000] {processor.py:925} INFO - DAG(s) 'data_pipeline' retrieved from /opt/airflow/dags/data_pipeline.py
[2025-04-17T23:36:01.681+0000] {logging_mixin.py:190} INFO - [2025-04-17T23:36:01.680+0000] {dag.py:3239} INFO - Sync 1 DAGs
[2025-04-17T23:36:01.721+0000] {logging_mixin.py:190} INFO - [2025-04-17T23:36:01.720+0000] {dag.py:4180} INFO - Setting next_dagrun for data_pipeline to 2025-04-17 23:00:00+00:00, run_after=2025-04-18 00:00:00+00:00
[2025-04-17T23:36:01.763+0000] {processor.py:208} INFO - Processing /opt/airflow/dags/data_pipeline.py took 0.337 seconds
[2025-04-17T23:36:31.965+0000] {processor.py:186} INFO - Started process (PID=181) to work on /opt/airflow/dags/data_pipeline.py
[2025-04-17T23:36:31.967+0000] {processor.py:914} INFO - Processing file /opt/airflow/dags/data_pipeline.py for tasks to queue
[2025-04-17T23:36:31.970+0000] {logging_mixin.py:190} INFO - [2025-04-17T23:36:31.969+0000] {dagbag.py:588} INFO - Filling up the DagBag from /opt/airflow/dags/data_pipeline.py
[2025-04-17T23:36:32.007+0000] {logging_mixin.py:190} INFO - [2025-04-17T23:36:32.006+0000] {data_pipeline.py:111} INFO - Airflow DAG setup complete.
[2025-04-17T23:36:32.008+0000] {processor.py:925} INFO - DAG(s) 'data_pipeline' retrieved from /opt/airflow/dags/data_pipeline.py
[2025-04-17T23:36:32.127+0000] {logging_mixin.py:190} INFO - [2025-04-17T23:36:32.127+0000] {dag.py:3239} INFO - Sync 1 DAGs
[2025-04-17T23:36:32.145+0000] {logging_mixin.py:190} INFO - [2025-04-17T23:36:32.145+0000] {dag.py:4180} INFO - Setting next_dagrun for data_pipeline to 2025-04-17 23:00:00+00:00, run_after=2025-04-18 00:00:00+00:00
[2025-04-17T23:36:32.193+0000] {processor.py:208} INFO - Processing /opt/airflow/dags/data_pipeline.py took 0.250 seconds
[2025-04-17T23:37:02.378+0000] {processor.py:186} INFO - Started process (PID=182) to work on /opt/airflow/dags/data_pipeline.py
[2025-04-17T23:37:02.380+0000] {processor.py:914} INFO - Processing file /opt/airflow/dags/data_pipeline.py for tasks to queue
[2025-04-17T23:37:02.384+0000] {logging_mixin.py:190} INFO - [2025-04-17T23:37:02.383+0000] {dagbag.py:588} INFO - Filling up the DagBag from /opt/airflow/dags/data_pipeline.py
[2025-04-17T23:37:02.428+0000] {logging_mixin.py:190} INFO - [2025-04-17T23:37:02.427+0000] {data_pipeline.py:111} INFO - Airflow DAG setup complete.
[2025-04-17T23:37:02.430+0000] {processor.py:925} INFO - DAG(s) 'data_pipeline' retrieved from /opt/airflow/dags/data_pipeline.py
[2025-04-17T23:37:02.616+0000] {logging_mixin.py:190} INFO - [2025-04-17T23:37:02.616+0000] {dag.py:3239} INFO - Sync 1 DAGs
[2025-04-17T23:37:02.660+0000] {logging_mixin.py:190} INFO - [2025-04-17T23:37:02.660+0000] {dag.py:4180} INFO - Setting next_dagrun for data_pipeline to 2025-04-17 23:00:00+00:00, run_after=2025-04-18 00:00:00+00:00
[2025-04-17T23:37:02.717+0000] {processor.py:208} INFO - Processing /opt/airflow/dags/data_pipeline.py took 0.352 seconds
[2025-04-17T23:37:32.903+0000] {processor.py:186} INFO - Started process (PID=183) to work on /opt/airflow/dags/data_pipeline.py
[2025-04-17T23:37:32.906+0000] {processor.py:914} INFO - Processing file /opt/airflow/dags/data_pipeline.py for tasks to queue
[2025-04-17T23:37:32.909+0000] {logging_mixin.py:190} INFO - [2025-04-17T23:37:32.908+0000] {dagbag.py:588} INFO - Filling up the DagBag from /opt/airflow/dags/data_pipeline.py
[2025-04-17T23:37:32.951+0000] {logging_mixin.py:190} INFO - [2025-04-17T23:37:32.951+0000] {data_pipeline.py:111} INFO - Airflow DAG setup complete.
[2025-04-17T23:37:32.954+0000] {processor.py:925} INFO - DAG(s) 'data_pipeline' retrieved from /opt/airflow/dags/data_pipeline.py
[2025-04-17T23:37:33.138+0000] {logging_mixin.py:190} INFO - [2025-04-17T23:37:33.137+0000] {dag.py:3239} INFO - Sync 1 DAGs
[2025-04-17T23:37:33.167+0000] {logging_mixin.py:190} INFO - [2025-04-17T23:37:33.166+0000] {dag.py:4180} INFO - Setting next_dagrun for data_pipeline to 2025-04-17 23:00:00+00:00, run_after=2025-04-18 00:00:00+00:00
[2025-04-17T23:37:33.220+0000] {processor.py:208} INFO - Processing /opt/airflow/dags/data_pipeline.py took 0.326 seconds
[2025-04-17T23:38:03.434+0000] {processor.py:186} INFO - Started process (PID=184) to work on /opt/airflow/dags/data_pipeline.py
[2025-04-17T23:38:03.436+0000] {processor.py:914} INFO - Processing file /opt/airflow/dags/data_pipeline.py for tasks to queue
[2025-04-17T23:38:03.439+0000] {logging_mixin.py:190} INFO - [2025-04-17T23:38:03.438+0000] {dagbag.py:588} INFO - Filling up the DagBag from /opt/airflow/dags/data_pipeline.py
[2025-04-17T23:38:03.467+0000] {logging_mixin.py:190} INFO - [2025-04-17T23:38:03.466+0000] {data_pipeline.py:111} INFO - Airflow DAG setup complete.
[2025-04-17T23:38:03.470+0000] {processor.py:925} INFO - DAG(s) 'data_pipeline' retrieved from /opt/airflow/dags/data_pipeline.py
[2025-04-17T23:38:03.662+0000] {logging_mixin.py:190} INFO - [2025-04-17T23:38:03.662+0000] {dag.py:3239} INFO - Sync 1 DAGs
[2025-04-17T23:38:03.689+0000] {logging_mixin.py:190} INFO - [2025-04-17T23:38:03.689+0000] {dag.py:4180} INFO - Setting next_dagrun for data_pipeline to 2025-04-17 23:00:00+00:00, run_after=2025-04-18 00:00:00+00:00
[2025-04-17T23:38:03.739+0000] {processor.py:208} INFO - Processing /opt/airflow/dags/data_pipeline.py took 0.315 seconds
[2025-04-17T23:38:34.000+0000] {processor.py:186} INFO - Started process (PID=185) to work on /opt/airflow/dags/data_pipeline.py
[2025-04-17T23:38:34.001+0000] {processor.py:914} INFO - Processing file /opt/airflow/dags/data_pipeline.py for tasks to queue
[2025-04-17T23:38:34.004+0000] {logging_mixin.py:190} INFO - [2025-04-17T23:38:34.003+0000] {dagbag.py:588} INFO - Filling up the DagBag from /opt/airflow/dags/data_pipeline.py
[2025-04-17T23:38:34.032+0000] {logging_mixin.py:190} INFO - [2025-04-17T23:38:34.032+0000] {data_pipeline.py:111} INFO - Airflow DAG setup complete.
[2025-04-17T23:38:34.033+0000] {processor.py:925} INFO - DAG(s) 'data_pipeline' retrieved from /opt/airflow/dags/data_pipeline.py
[2025-04-17T23:38:34.141+0000] {logging_mixin.py:190} INFO - [2025-04-17T23:38:34.141+0000] {dag.py:3239} INFO - Sync 1 DAGs
[2025-04-17T23:38:34.159+0000] {logging_mixin.py:190} INFO - [2025-04-17T23:38:34.159+0000] {dag.py:4180} INFO - Setting next_dagrun for data_pipeline to 2025-04-17 23:00:00+00:00, run_after=2025-04-18 00:00:00+00:00
[2025-04-17T23:38:34.201+0000] {processor.py:208} INFO - Processing /opt/airflow/dags/data_pipeline.py took 0.208 seconds
[2025-04-17T23:39:04.414+0000] {processor.py:186} INFO - Started process (PID=186) to work on /opt/airflow/dags/data_pipeline.py
[2025-04-17T23:39:04.416+0000] {processor.py:914} INFO - Processing file /opt/airflow/dags/data_pipeline.py for tasks to queue
[2025-04-17T23:39:04.417+0000] {logging_mixin.py:190} INFO - [2025-04-17T23:39:04.417+0000] {dagbag.py:588} INFO - Filling up the DagBag from /opt/airflow/dags/data_pipeline.py
[2025-04-17T23:39:04.444+0000] {logging_mixin.py:190} INFO - [2025-04-17T23:39:04.444+0000] {data_pipeline.py:111} INFO - Airflow DAG setup complete.
[2025-04-17T23:39:04.445+0000] {processor.py:925} INFO - DAG(s) 'data_pipeline' retrieved from /opt/airflow/dags/data_pipeline.py
[2025-04-17T23:39:04.545+0000] {logging_mixin.py:190} INFO - [2025-04-17T23:39:04.544+0000] {dag.py:3239} INFO - Sync 1 DAGs
[2025-04-17T23:39:04.567+0000] {logging_mixin.py:190} INFO - [2025-04-17T23:39:04.566+0000] {dag.py:4180} INFO - Setting next_dagrun for data_pipeline to 2025-04-17 23:00:00+00:00, run_after=2025-04-18 00:00:00+00:00
[2025-04-17T23:39:04.588+0000] {processor.py:208} INFO - Processing /opt/airflow/dags/data_pipeline.py took 0.181 seconds
[2025-04-17T23:39:34.786+0000] {processor.py:186} INFO - Started process (PID=187) to work on /opt/airflow/dags/data_pipeline.py
[2025-04-17T23:39:34.788+0000] {processor.py:914} INFO - Processing file /opt/airflow/dags/data_pipeline.py for tasks to queue
[2025-04-17T23:39:34.796+0000] {logging_mixin.py:190} INFO - [2025-04-17T23:39:34.795+0000] {dagbag.py:588} INFO - Filling up the DagBag from /opt/airflow/dags/data_pipeline.py
[2025-04-17T23:39:34.829+0000] {logging_mixin.py:190} INFO - [2025-04-17T23:39:34.828+0000] {data_pipeline.py:111} INFO - Airflow DAG setup complete.
[2025-04-17T23:39:34.831+0000] {processor.py:925} INFO - DAG(s) 'data_pipeline' retrieved from /opt/airflow/dags/data_pipeline.py
[2025-04-17T23:39:35.035+0000] {logging_mixin.py:190} INFO - [2025-04-17T23:39:35.034+0000] {dag.py:3239} INFO - Sync 1 DAGs
[2025-04-17T23:39:35.063+0000] {logging_mixin.py:190} INFO - [2025-04-17T23:39:35.063+0000] {dag.py:4180} INFO - Setting next_dagrun for data_pipeline to 2025-04-17 23:00:00+00:00, run_after=2025-04-18 00:00:00+00:00
[2025-04-17T23:39:35.103+0000] {processor.py:208} INFO - Processing /opt/airflow/dags/data_pipeline.py took 0.328 seconds
[2025-04-17T23:40:05.339+0000] {processor.py:186} INFO - Started process (PID=188) to work on /opt/airflow/dags/data_pipeline.py
[2025-04-17T23:40:05.341+0000] {processor.py:914} INFO - Processing file /opt/airflow/dags/data_pipeline.py for tasks to queue
[2025-04-17T23:40:05.345+0000] {logging_mixin.py:190} INFO - [2025-04-17T23:40:05.344+0000] {dagbag.py:588} INFO - Filling up the DagBag from /opt/airflow/dags/data_pipeline.py
[2025-04-17T23:40:05.377+0000] {logging_mixin.py:190} INFO - [2025-04-17T23:40:05.376+0000] {data_pipeline.py:111} INFO - Airflow DAG setup complete.
[2025-04-17T23:40:05.379+0000] {processor.py:925} INFO - DAG(s) 'data_pipeline' retrieved from /opt/airflow/dags/data_pipeline.py
[2025-04-17T23:40:05.561+0000] {logging_mixin.py:190} INFO - [2025-04-17T23:40:05.560+0000] {dag.py:3239} INFO - Sync 1 DAGs
[2025-04-17T23:40:05.589+0000] {logging_mixin.py:190} INFO - [2025-04-17T23:40:05.589+0000] {dag.py:4180} INFO - Setting next_dagrun for data_pipeline to 2025-04-17 23:00:00+00:00, run_after=2025-04-18 00:00:00+00:00
[2025-04-17T23:40:05.625+0000] {processor.py:208} INFO - Processing /opt/airflow/dags/data_pipeline.py took 0.298 seconds
[2025-04-17T23:40:35.863+0000] {processor.py:186} INFO - Started process (PID=189) to work on /opt/airflow/dags/data_pipeline.py
[2025-04-17T23:40:35.870+0000] {processor.py:914} INFO - Processing file /opt/airflow/dags/data_pipeline.py for tasks to queue
[2025-04-17T23:40:35.873+0000] {logging_mixin.py:190} INFO - [2025-04-17T23:40:35.872+0000] {dagbag.py:588} INFO - Filling up the DagBag from /opt/airflow/dags/data_pipeline.py
[2025-04-17T23:40:35.915+0000] {logging_mixin.py:190} INFO - [2025-04-17T23:40:35.914+0000] {data_pipeline.py:111} INFO - Airflow DAG setup complete.
[2025-04-17T23:40:35.916+0000] {processor.py:925} INFO - DAG(s) 'data_pipeline' retrieved from /opt/airflow/dags/data_pipeline.py
[2025-04-17T23:40:36.076+0000] {logging_mixin.py:190} INFO - [2025-04-17T23:40:36.076+0000] {dag.py:3239} INFO - Sync 1 DAGs
[2025-04-17T23:40:36.103+0000] {logging_mixin.py:190} INFO - [2025-04-17T23:40:36.103+0000] {dag.py:4180} INFO - Setting next_dagrun for data_pipeline to 2025-04-17 23:00:00+00:00, run_after=2025-04-18 00:00:00+00:00
[2025-04-17T23:40:36.139+0000] {processor.py:208} INFO - Processing /opt/airflow/dags/data_pipeline.py took 0.287 seconds
[2025-04-17T23:41:06.407+0000] {processor.py:186} INFO - Started process (PID=190) to work on /opt/airflow/dags/data_pipeline.py
[2025-04-17T23:41:06.411+0000] {processor.py:914} INFO - Processing file /opt/airflow/dags/data_pipeline.py for tasks to queue
[2025-04-17T23:41:06.415+0000] {logging_mixin.py:190} INFO - [2025-04-17T23:41:06.414+0000] {dagbag.py:588} INFO - Filling up the DagBag from /opt/airflow/dags/data_pipeline.py
[2025-04-17T23:41:06.457+0000] {logging_mixin.py:190} INFO - [2025-04-17T23:41:06.457+0000] {data_pipeline.py:111} INFO - Airflow DAG setup complete.
[2025-04-17T23:41:06.459+0000] {processor.py:925} INFO - DAG(s) 'data_pipeline' retrieved from /opt/airflow/dags/data_pipeline.py
[2025-04-17T23:41:06.659+0000] {logging_mixin.py:190} INFO - [2025-04-17T23:41:06.659+0000] {dag.py:3239} INFO - Sync 1 DAGs
[2025-04-17T23:41:06.692+0000] {logging_mixin.py:190} INFO - [2025-04-17T23:41:06.692+0000] {dag.py:4180} INFO - Setting next_dagrun for data_pipeline to 2025-04-17 23:00:00+00:00, run_after=2025-04-18 00:00:00+00:00
[2025-04-17T23:41:06.765+0000] {processor.py:208} INFO - Processing /opt/airflow/dags/data_pipeline.py took 0.375 seconds
[2025-04-17T23:41:36.980+0000] {processor.py:186} INFO - Started process (PID=191) to work on /opt/airflow/dags/data_pipeline.py
[2025-04-17T23:41:36.982+0000] {processor.py:914} INFO - Processing file /opt/airflow/dags/data_pipeline.py for tasks to queue
[2025-04-17T23:41:36.985+0000] {logging_mixin.py:190} INFO - [2025-04-17T23:41:36.984+0000] {dagbag.py:588} INFO - Filling up the DagBag from /opt/airflow/dags/data_pipeline.py
[2025-04-17T23:41:37.006+0000] {logging_mixin.py:190} INFO - [2025-04-17T23:41:37.006+0000] {data_pipeline.py:111} INFO - Airflow DAG setup complete.
[2025-04-17T23:41:37.007+0000] {processor.py:925} INFO - DAG(s) 'data_pipeline' retrieved from /opt/airflow/dags/data_pipeline.py
[2025-04-17T23:41:37.185+0000] {logging_mixin.py:190} INFO - [2025-04-17T23:41:37.185+0000] {dag.py:3239} INFO - Sync 1 DAGs
[2025-04-17T23:41:37.215+0000] {logging_mixin.py:190} INFO - [2025-04-17T23:41:37.214+0000] {dag.py:4180} INFO - Setting next_dagrun for data_pipeline to 2025-04-17 23:00:00+00:00, run_after=2025-04-18 00:00:00+00:00
[2025-04-17T23:41:37.254+0000] {processor.py:208} INFO - Processing /opt/airflow/dags/data_pipeline.py took 0.285 seconds
[2025-04-17T23:42:07.493+0000] {processor.py:186} INFO - Started process (PID=192) to work on /opt/airflow/dags/data_pipeline.py
[2025-04-17T23:42:07.495+0000] {processor.py:914} INFO - Processing file /opt/airflow/dags/data_pipeline.py for tasks to queue
[2025-04-17T23:42:07.498+0000] {logging_mixin.py:190} INFO - [2025-04-17T23:42:07.497+0000] {dagbag.py:588} INFO - Filling up the DagBag from /opt/airflow/dags/data_pipeline.py
[2025-04-17T23:42:07.522+0000] {logging_mixin.py:190} INFO - [2025-04-17T23:42:07.522+0000] {data_pipeline.py:111} INFO - Airflow DAG setup complete.
[2025-04-17T23:42:07.524+0000] {processor.py:925} INFO - DAG(s) 'data_pipeline' retrieved from /opt/airflow/dags/data_pipeline.py
[2025-04-17T23:42:07.685+0000] {logging_mixin.py:190} INFO - [2025-04-17T23:42:07.685+0000] {dag.py:3239} INFO - Sync 1 DAGs
[2025-04-17T23:42:07.712+0000] {logging_mixin.py:190} INFO - [2025-04-17T23:42:07.712+0000] {dag.py:4180} INFO - Setting next_dagrun for data_pipeline to 2025-04-17 23:00:00+00:00, run_after=2025-04-18 00:00:00+00:00
[2025-04-17T23:42:07.768+0000] {processor.py:208} INFO - Processing /opt/airflow/dags/data_pipeline.py took 0.287 seconds
[2025-04-17T23:42:38.015+0000] {processor.py:186} INFO - Started process (PID=193) to work on /opt/airflow/dags/data_pipeline.py
[2025-04-17T23:42:38.017+0000] {processor.py:914} INFO - Processing file /opt/airflow/dags/data_pipeline.py for tasks to queue
[2025-04-17T23:42:38.021+0000] {logging_mixin.py:190} INFO - [2025-04-17T23:42:38.020+0000] {dagbag.py:588} INFO - Filling up the DagBag from /opt/airflow/dags/data_pipeline.py
[2025-04-17T23:42:38.062+0000] {logging_mixin.py:190} INFO - [2025-04-17T23:42:38.062+0000] {data_pipeline.py:111} INFO - Airflow DAG setup complete.
[2025-04-17T23:42:38.071+0000] {processor.py:925} INFO - DAG(s) 'data_pipeline' retrieved from /opt/airflow/dags/data_pipeline.py
[2025-04-17T23:42:38.264+0000] {logging_mixin.py:190} INFO - [2025-04-17T23:42:38.263+0000] {dag.py:3239} INFO - Sync 1 DAGs
[2025-04-17T23:42:38.291+0000] {logging_mixin.py:190} INFO - [2025-04-17T23:42:38.290+0000] {dag.py:4180} INFO - Setting next_dagrun for data_pipeline to 2025-04-17 23:00:00+00:00, run_after=2025-04-18 00:00:00+00:00
[2025-04-17T23:42:38.359+0000] {processor.py:208} INFO - Processing /opt/airflow/dags/data_pipeline.py took 0.355 seconds
[2025-04-17T23:43:08.524+0000] {processor.py:186} INFO - Started process (PID=194) to work on /opt/airflow/dags/data_pipeline.py
[2025-04-17T23:43:08.526+0000] {processor.py:914} INFO - Processing file /opt/airflow/dags/data_pipeline.py for tasks to queue
[2025-04-17T23:43:08.528+0000] {logging_mixin.py:190} INFO - [2025-04-17T23:43:08.527+0000] {dagbag.py:588} INFO - Filling up the DagBag from /opt/airflow/dags/data_pipeline.py
[2025-04-17T23:43:08.558+0000] {logging_mixin.py:190} INFO - [2025-04-17T23:43:08.557+0000] {data_pipeline.py:111} INFO - Airflow DAG setup complete.
[2025-04-17T23:43:08.559+0000] {processor.py:925} INFO - DAG(s) 'data_pipeline' retrieved from /opt/airflow/dags/data_pipeline.py
[2025-04-17T23:43:08.678+0000] {logging_mixin.py:190} INFO - [2025-04-17T23:43:08.678+0000] {dag.py:3239} INFO - Sync 1 DAGs
[2025-04-17T23:43:08.700+0000] {logging_mixin.py:190} INFO - [2025-04-17T23:43:08.700+0000] {dag.py:4180} INFO - Setting next_dagrun for data_pipeline to 2025-04-17 23:00:00+00:00, run_after=2025-04-18 00:00:00+00:00
[2025-04-17T23:43:08.746+0000] {processor.py:208} INFO - Processing /opt/airflow/dags/data_pipeline.py took 0.228 seconds
[2025-04-17T23:43:38.935+0000] {processor.py:186} INFO - Started process (PID=195) to work on /opt/airflow/dags/data_pipeline.py
[2025-04-17T23:43:38.943+0000] {processor.py:914} INFO - Processing file /opt/airflow/dags/data_pipeline.py for tasks to queue
[2025-04-17T23:43:38.954+0000] {logging_mixin.py:190} INFO - [2025-04-17T23:43:38.951+0000] {dagbag.py:588} INFO - Filling up the DagBag from /opt/airflow/dags/data_pipeline.py
[2025-04-17T23:43:39.029+0000] {logging_mixin.py:190} INFO - [2025-04-17T23:43:39.028+0000] {data_pipeline.py:111} INFO - Airflow DAG setup complete.
[2025-04-17T23:43:39.037+0000] {processor.py:925} INFO - DAG(s) 'data_pipeline' retrieved from /opt/airflow/dags/data_pipeline.py
[2025-04-17T23:43:39.412+0000] {logging_mixin.py:190} INFO - [2025-04-17T23:43:39.411+0000] {dag.py:3239} INFO - Sync 1 DAGs
[2025-04-17T23:43:39.442+0000] {logging_mixin.py:190} INFO - [2025-04-17T23:43:39.442+0000] {dag.py:4180} INFO - Setting next_dagrun for data_pipeline to 2025-04-17 23:00:00+00:00, run_after=2025-04-18 00:00:00+00:00
[2025-04-17T23:43:39.473+0000] {processor.py:208} INFO - Processing /opt/airflow/dags/data_pipeline.py took 0.577 seconds
[2025-04-17T23:44:09.592+0000] {processor.py:186} INFO - Started process (PID=196) to work on /opt/airflow/dags/data_pipeline.py
[2025-04-17T23:44:09.594+0000] {processor.py:914} INFO - Processing file /opt/airflow/dags/data_pipeline.py for tasks to queue
[2025-04-17T23:44:09.597+0000] {logging_mixin.py:190} INFO - [2025-04-17T23:44:09.596+0000] {dagbag.py:588} INFO - Filling up the DagBag from /opt/airflow/dags/data_pipeline.py
[2025-04-17T23:44:09.637+0000] {logging_mixin.py:190} INFO - [2025-04-17T23:44:09.637+0000] {data_pipeline.py:111} INFO - Airflow DAG setup complete.
[2025-04-17T23:44:09.639+0000] {processor.py:925} INFO - DAG(s) 'data_pipeline' retrieved from /opt/airflow/dags/data_pipeline.py
[2025-04-17T23:44:09.833+0000] {logging_mixin.py:190} INFO - [2025-04-17T23:44:09.833+0000] {dag.py:3239} INFO - Sync 1 DAGs
[2025-04-17T23:44:09.869+0000] {logging_mixin.py:190} INFO - [2025-04-17T23:44:09.869+0000] {dag.py:4180} INFO - Setting next_dagrun for data_pipeline to 2025-04-17 23:00:00+00:00, run_after=2025-04-18 00:00:00+00:00
[2025-04-17T23:44:09.897+0000] {processor.py:208} INFO - Processing /opt/airflow/dags/data_pipeline.py took 0.344 seconds
[2025-04-17T23:44:40.019+0000] {processor.py:186} INFO - Started process (PID=197) to work on /opt/airflow/dags/data_pipeline.py
[2025-04-17T23:44:40.021+0000] {processor.py:914} INFO - Processing file /opt/airflow/dags/data_pipeline.py for tasks to queue
[2025-04-17T23:44:40.024+0000] {logging_mixin.py:190} INFO - [2025-04-17T23:44:40.023+0000] {dagbag.py:588} INFO - Filling up the DagBag from /opt/airflow/dags/data_pipeline.py
[2025-04-17T23:44:40.054+0000] {logging_mixin.py:190} INFO - [2025-04-17T23:44:40.054+0000] {data_pipeline.py:111} INFO - Airflow DAG setup complete.
[2025-04-17T23:44:40.055+0000] {processor.py:925} INFO - DAG(s) 'data_pipeline' retrieved from /opt/airflow/dags/data_pipeline.py
[2025-04-17T23:44:40.331+0000] {logging_mixin.py:190} INFO - [2025-04-17T23:44:40.330+0000] {dag.py:3239} INFO - Sync 1 DAGs
[2025-04-17T23:44:40.363+0000] {logging_mixin.py:190} INFO - [2025-04-17T23:44:40.363+0000] {dag.py:4180} INFO - Setting next_dagrun for data_pipeline to 2025-04-17 23:00:00+00:00, run_after=2025-04-18 00:00:00+00:00
[2025-04-17T23:44:40.405+0000] {processor.py:208} INFO - Processing /opt/airflow/dags/data_pipeline.py took 0.394 seconds
[2025-04-17T23:45:10.608+0000] {processor.py:186} INFO - Started process (PID=198) to work on /opt/airflow/dags/data_pipeline.py
[2025-04-17T23:45:10.609+0000] {processor.py:914} INFO - Processing file /opt/airflow/dags/data_pipeline.py for tasks to queue
[2025-04-17T23:45:10.612+0000] {logging_mixin.py:190} INFO - [2025-04-17T23:45:10.611+0000] {dagbag.py:588} INFO - Filling up the DagBag from /opt/airflow/dags/data_pipeline.py
[2025-04-17T23:45:10.643+0000] {logging_mixin.py:190} INFO - [2025-04-17T23:45:10.643+0000] {data_pipeline.py:111} INFO - Airflow DAG setup complete.
[2025-04-17T23:45:10.644+0000] {processor.py:925} INFO - DAG(s) 'data_pipeline' retrieved from /opt/airflow/dags/data_pipeline.py
[2025-04-17T23:45:10.756+0000] {logging_mixin.py:190} INFO - [2025-04-17T23:45:10.756+0000] {dag.py:3239} INFO - Sync 1 DAGs
[2025-04-17T23:45:10.775+0000] {logging_mixin.py:190} INFO - [2025-04-17T23:45:10.775+0000] {dag.py:4180} INFO - Setting next_dagrun for data_pipeline to 2025-04-17 23:00:00+00:00, run_after=2025-04-18 00:00:00+00:00
[2025-04-17T23:45:10.808+0000] {processor.py:208} INFO - Processing /opt/airflow/dags/data_pipeline.py took 0.207 seconds
[2025-04-17T23:45:40.924+0000] {processor.py:186} INFO - Started process (PID=199) to work on /opt/airflow/dags/data_pipeline.py
[2025-04-17T23:45:40.925+0000] {processor.py:914} INFO - Processing file /opt/airflow/dags/data_pipeline.py for tasks to queue
[2025-04-17T23:45:40.927+0000] {logging_mixin.py:190} INFO - [2025-04-17T23:45:40.926+0000] {dagbag.py:588} INFO - Filling up the DagBag from /opt/airflow/dags/data_pipeline.py
[2025-04-17T23:45:40.946+0000] {logging_mixin.py:190} INFO - [2025-04-17T23:45:40.945+0000] {data_pipeline.py:111} INFO - Airflow DAG setup complete.
[2025-04-17T23:45:40.947+0000] {processor.py:925} INFO - DAG(s) 'data_pipeline' retrieved from /opt/airflow/dags/data_pipeline.py
[2025-04-17T23:45:41.071+0000] {logging_mixin.py:190} INFO - [2025-04-17T23:45:41.070+0000] {dag.py:3239} INFO - Sync 1 DAGs
[2025-04-17T23:45:41.095+0000] {logging_mixin.py:190} INFO - [2025-04-17T23:45:41.094+0000] {dag.py:4180} INFO - Setting next_dagrun for data_pipeline to 2025-04-17 23:00:00+00:00, run_after=2025-04-18 00:00:00+00:00
[2025-04-17T23:45:41.124+0000] {processor.py:208} INFO - Processing /opt/airflow/dags/data_pipeline.py took 0.207 seconds
[2025-04-17T23:46:11.316+0000] {processor.py:186} INFO - Started process (PID=200) to work on /opt/airflow/dags/data_pipeline.py
[2025-04-17T23:46:11.318+0000] {processor.py:914} INFO - Processing file /opt/airflow/dags/data_pipeline.py for tasks to queue
[2025-04-17T23:46:11.321+0000] {logging_mixin.py:190} INFO - [2025-04-17T23:46:11.320+0000] {dagbag.py:588} INFO - Filling up the DagBag from /opt/airflow/dags/data_pipeline.py
[2025-04-17T23:46:11.358+0000] {logging_mixin.py:190} INFO - [2025-04-17T23:46:11.358+0000] {data_pipeline.py:111} INFO - Airflow DAG setup complete.
[2025-04-17T23:46:11.360+0000] {processor.py:925} INFO - DAG(s) 'data_pipeline' retrieved from /opt/airflow/dags/data_pipeline.py
[2025-04-17T23:46:11.543+0000] {logging_mixin.py:190} INFO - [2025-04-17T23:46:11.542+0000] {dag.py:3239} INFO - Sync 1 DAGs
[2025-04-17T23:46:11.591+0000] {logging_mixin.py:190} INFO - [2025-04-17T23:46:11.590+0000] {dag.py:4180} INFO - Setting next_dagrun for data_pipeline to 2025-04-17 23:00:00+00:00, run_after=2025-04-18 00:00:00+00:00
[2025-04-17T23:46:11.645+0000] {processor.py:208} INFO - Processing /opt/airflow/dags/data_pipeline.py took 0.341 seconds
[2025-04-17T23:46:41.750+0000] {processor.py:186} INFO - Started process (PID=201) to work on /opt/airflow/dags/data_pipeline.py
[2025-04-17T23:46:41.752+0000] {processor.py:914} INFO - Processing file /opt/airflow/dags/data_pipeline.py for tasks to queue
[2025-04-17T23:46:41.754+0000] {logging_mixin.py:190} INFO - [2025-04-17T23:46:41.754+0000] {dagbag.py:588} INFO - Filling up the DagBag from /opt/airflow/dags/data_pipeline.py
[2025-04-17T23:46:41.783+0000] {logging_mixin.py:190} INFO - [2025-04-17T23:46:41.783+0000] {data_pipeline.py:111} INFO - Airflow DAG setup complete.
[2025-04-17T23:46:41.785+0000] {processor.py:925} INFO - DAG(s) 'data_pipeline' retrieved from /opt/airflow/dags/data_pipeline.py
[2025-04-17T23:46:41.913+0000] {logging_mixin.py:190} INFO - [2025-04-17T23:46:41.912+0000] {dag.py:3239} INFO - Sync 1 DAGs
[2025-04-17T23:46:41.932+0000] {logging_mixin.py:190} INFO - [2025-04-17T23:46:41.932+0000] {dag.py:4180} INFO - Setting next_dagrun for data_pipeline to 2025-04-17 23:00:00+00:00, run_after=2025-04-18 00:00:00+00:00
[2025-04-17T23:46:41.980+0000] {processor.py:208} INFO - Processing /opt/airflow/dags/data_pipeline.py took 0.237 seconds
[2025-04-17T23:47:12.109+0000] {processor.py:186} INFO - Started process (PID=202) to work on /opt/airflow/dags/data_pipeline.py
[2025-04-17T23:47:12.111+0000] {processor.py:914} INFO - Processing file /opt/airflow/dags/data_pipeline.py for tasks to queue
[2025-04-17T23:47:12.116+0000] {logging_mixin.py:190} INFO - [2025-04-17T23:47:12.115+0000] {dagbag.py:588} INFO - Filling up the DagBag from /opt/airflow/dags/data_pipeline.py
[2025-04-17T23:47:12.183+0000] {logging_mixin.py:190} INFO - [2025-04-17T23:47:12.183+0000] {data_pipeline.py:111} INFO - Airflow DAG setup complete.
[2025-04-17T23:47:12.185+0000] {processor.py:925} INFO - DAG(s) 'data_pipeline' retrieved from /opt/airflow/dags/data_pipeline.py
[2025-04-17T23:47:12.339+0000] {logging_mixin.py:190} INFO - [2025-04-17T23:47:12.339+0000] {dag.py:3239} INFO - Sync 1 DAGs
[2025-04-17T23:47:12.357+0000] {logging_mixin.py:190} INFO - [2025-04-17T23:47:12.357+0000] {dag.py:4180} INFO - Setting next_dagrun for data_pipeline to 2025-04-17 23:00:00+00:00, run_after=2025-04-18 00:00:00+00:00
[2025-04-17T23:47:12.400+0000] {processor.py:208} INFO - Processing /opt/airflow/dags/data_pipeline.py took 0.303 seconds
[2025-04-17T23:47:42.560+0000] {processor.py:186} INFO - Started process (PID=203) to work on /opt/airflow/dags/data_pipeline.py
[2025-04-17T23:47:42.561+0000] {processor.py:914} INFO - Processing file /opt/airflow/dags/data_pipeline.py for tasks to queue
[2025-04-17T23:47:42.563+0000] {logging_mixin.py:190} INFO - [2025-04-17T23:47:42.562+0000] {dagbag.py:588} INFO - Filling up the DagBag from /opt/airflow/dags/data_pipeline.py
[2025-04-17T23:47:42.580+0000] {logging_mixin.py:190} INFO - [2025-04-17T23:47:42.580+0000] {data_pipeline.py:111} INFO - Airflow DAG setup complete.
[2025-04-17T23:47:42.581+0000] {processor.py:925} INFO - DAG(s) 'data_pipeline' retrieved from /opt/airflow/dags/data_pipeline.py
[2025-04-17T23:47:42.725+0000] {logging_mixin.py:190} INFO - [2025-04-17T23:47:42.725+0000] {dag.py:3239} INFO - Sync 1 DAGs
[2025-04-17T23:47:42.748+0000] {logging_mixin.py:190} INFO - [2025-04-17T23:47:42.748+0000] {dag.py:4180} INFO - Setting next_dagrun for data_pipeline to 2025-04-17 23:00:00+00:00, run_after=2025-04-18 00:00:00+00:00
[2025-04-17T23:47:42.794+0000] {processor.py:208} INFO - Processing /opt/airflow/dags/data_pipeline.py took 0.241 seconds
[2025-04-17T23:48:12.938+0000] {processor.py:186} INFO - Started process (PID=204) to work on /opt/airflow/dags/data_pipeline.py
[2025-04-17T23:48:12.940+0000] {processor.py:914} INFO - Processing file /opt/airflow/dags/data_pipeline.py for tasks to queue
[2025-04-17T23:48:12.942+0000] {logging_mixin.py:190} INFO - [2025-04-17T23:48:12.942+0000] {dagbag.py:588} INFO - Filling up the DagBag from /opt/airflow/dags/data_pipeline.py
[2025-04-17T23:48:12.969+0000] {logging_mixin.py:190} INFO - [2025-04-17T23:48:12.968+0000] {data_pipeline.py:111} INFO - Airflow DAG setup complete.
[2025-04-17T23:48:12.970+0000] {processor.py:925} INFO - DAG(s) 'data_pipeline' retrieved from /opt/airflow/dags/data_pipeline.py
[2025-04-17T23:48:13.184+0000] {logging_mixin.py:190} INFO - [2025-04-17T23:48:13.183+0000] {dag.py:3239} INFO - Sync 1 DAGs
[2025-04-17T23:48:13.231+0000] {logging_mixin.py:190} INFO - [2025-04-17T23:48:13.231+0000] {dag.py:4180} INFO - Setting next_dagrun for data_pipeline to 2025-04-17 23:00:00+00:00, run_after=2025-04-18 00:00:00+00:00
[2025-04-17T23:48:13.274+0000] {processor.py:208} INFO - Processing /opt/airflow/dags/data_pipeline.py took 0.346 seconds
[2025-04-17T23:48:43.443+0000] {processor.py:186} INFO - Started process (PID=205) to work on /opt/airflow/dags/data_pipeline.py
[2025-04-17T23:48:43.445+0000] {processor.py:914} INFO - Processing file /opt/airflow/dags/data_pipeline.py for tasks to queue
[2025-04-17T23:48:43.447+0000] {logging_mixin.py:190} INFO - [2025-04-17T23:48:43.446+0000] {dagbag.py:588} INFO - Filling up the DagBag from /opt/airflow/dags/data_pipeline.py
[2025-04-17T23:48:43.473+0000] {logging_mixin.py:190} INFO - [2025-04-17T23:48:43.473+0000] {data_pipeline.py:111} INFO - Airflow DAG setup complete.
[2025-04-17T23:48:43.474+0000] {processor.py:925} INFO - DAG(s) 'data_pipeline' retrieved from /opt/airflow/dags/data_pipeline.py
[2025-04-17T23:48:43.596+0000] {logging_mixin.py:190} INFO - [2025-04-17T23:48:43.595+0000] {dag.py:3239} INFO - Sync 1 DAGs
[2025-04-17T23:48:43.614+0000] {logging_mixin.py:190} INFO - [2025-04-17T23:48:43.614+0000] {dag.py:4180} INFO - Setting next_dagrun for data_pipeline to 2025-04-17 23:00:00+00:00, run_after=2025-04-18 00:00:00+00:00
[2025-04-17T23:48:43.654+0000] {processor.py:208} INFO - Processing /opt/airflow/dags/data_pipeline.py took 0.217 seconds
[2025-04-17T23:49:13.853+0000] {processor.py:186} INFO - Started process (PID=206) to work on /opt/airflow/dags/data_pipeline.py
[2025-04-17T23:49:13.855+0000] {processor.py:914} INFO - Processing file /opt/airflow/dags/data_pipeline.py for tasks to queue
[2025-04-17T23:49:13.857+0000] {logging_mixin.py:190} INFO - [2025-04-17T23:49:13.856+0000] {dagbag.py:588} INFO - Filling up the DagBag from /opt/airflow/dags/data_pipeline.py
[2025-04-17T23:49:13.888+0000] {logging_mixin.py:190} INFO - [2025-04-17T23:49:13.887+0000] {data_pipeline.py:111} INFO - Airflow DAG setup complete.
[2025-04-17T23:49:13.890+0000] {processor.py:925} INFO - DAG(s) 'data_pipeline' retrieved from /opt/airflow/dags/data_pipeline.py
[2025-04-17T23:49:14.026+0000] {logging_mixin.py:190} INFO - [2025-04-17T23:49:14.026+0000] {dag.py:3239} INFO - Sync 1 DAGs
[2025-04-17T23:49:14.050+0000] {logging_mixin.py:190} INFO - [2025-04-17T23:49:14.049+0000] {dag.py:4180} INFO - Setting next_dagrun for data_pipeline to 2025-04-17 23:00:00+00:00, run_after=2025-04-18 00:00:00+00:00
[2025-04-17T23:49:14.093+0000] {processor.py:208} INFO - Processing /opt/airflow/dags/data_pipeline.py took 0.247 seconds
[2025-04-17T23:49:44.181+0000] {processor.py:186} INFO - Started process (PID=207) to work on /opt/airflow/dags/data_pipeline.py
[2025-04-17T23:49:44.182+0000] {processor.py:914} INFO - Processing file /opt/airflow/dags/data_pipeline.py for tasks to queue
[2025-04-17T23:49:44.184+0000] {logging_mixin.py:190} INFO - [2025-04-17T23:49:44.184+0000] {dagbag.py:588} INFO - Filling up the DagBag from /opt/airflow/dags/data_pipeline.py
[2025-04-17T23:49:44.217+0000] {logging_mixin.py:190} INFO - [2025-04-17T23:49:44.217+0000] {data_pipeline.py:111} INFO - Airflow DAG setup complete.
[2025-04-17T23:49:44.218+0000] {processor.py:925} INFO - DAG(s) 'data_pipeline' retrieved from /opt/airflow/dags/data_pipeline.py
[2025-04-17T23:49:44.344+0000] {logging_mixin.py:190} INFO - [2025-04-17T23:49:44.344+0000] {dag.py:3239} INFO - Sync 1 DAGs
[2025-04-17T23:49:44.363+0000] {logging_mixin.py:190} INFO - [2025-04-17T23:49:44.363+0000] {dag.py:4180} INFO - Setting next_dagrun for data_pipeline to 2025-04-17 23:00:00+00:00, run_after=2025-04-18 00:00:00+00:00
[2025-04-17T23:49:44.405+0000] {processor.py:208} INFO - Processing /opt/airflow/dags/data_pipeline.py took 0.233 seconds
[2025-04-17T23:50:14.537+0000] {processor.py:186} INFO - Started process (PID=208) to work on /opt/airflow/dags/data_pipeline.py
[2025-04-17T23:50:14.538+0000] {processor.py:914} INFO - Processing file /opt/airflow/dags/data_pipeline.py for tasks to queue
[2025-04-17T23:50:14.540+0000] {logging_mixin.py:190} INFO - [2025-04-17T23:50:14.539+0000] {dagbag.py:588} INFO - Filling up the DagBag from /opt/airflow/dags/data_pipeline.py
[2025-04-17T23:50:14.556+0000] {logging_mixin.py:190} INFO - [2025-04-17T23:50:14.556+0000] {data_pipeline.py:111} INFO - Airflow DAG setup complete.
[2025-04-17T23:50:14.558+0000] {processor.py:925} INFO - DAG(s) 'data_pipeline' retrieved from /opt/airflow/dags/data_pipeline.py
[2025-04-17T23:50:14.568+0000] {logging_mixin.py:190} INFO - [2025-04-17T23:50:14.568+0000] {dag.py:3239} INFO - Sync 1 DAGs
[2025-04-17T23:50:14.589+0000] {logging_mixin.py:190} INFO - [2025-04-17T23:50:14.589+0000] {dag.py:4180} INFO - Setting next_dagrun for data_pipeline to 2025-04-17 23:00:00+00:00, run_after=2025-04-18 00:00:00+00:00
[2025-04-17T23:50:14.611+0000] {processor.py:208} INFO - Processing /opt/airflow/dags/data_pipeline.py took 0.177 seconds
[2025-04-17T23:50:44.692+0000] {processor.py:186} INFO - Started process (PID=209) to work on /opt/airflow/dags/data_pipeline.py
[2025-04-17T23:50:44.694+0000] {processor.py:914} INFO - Processing file /opt/airflow/dags/data_pipeline.py for tasks to queue
[2025-04-17T23:50:44.696+0000] {logging_mixin.py:190} INFO - [2025-04-17T23:50:44.696+0000] {dagbag.py:588} INFO - Filling up the DagBag from /opt/airflow/dags/data_pipeline.py
[2025-04-17T23:50:44.726+0000] {logging_mixin.py:190} INFO - [2025-04-17T23:50:44.726+0000] {data_pipeline.py:111} INFO - Airflow DAG setup complete.
[2025-04-17T23:50:44.728+0000] {processor.py:925} INFO - DAG(s) 'data_pipeline' retrieved from /opt/airflow/dags/data_pipeline.py
[2025-04-17T23:50:44.852+0000] {logging_mixin.py:190} INFO - [2025-04-17T23:50:44.852+0000] {dag.py:3239} INFO - Sync 1 DAGs
[2025-04-17T23:50:44.874+0000] {logging_mixin.py:190} INFO - [2025-04-17T23:50:44.874+0000] {dag.py:4180} INFO - Setting next_dagrun for data_pipeline to 2025-04-17 23:00:00+00:00, run_after=2025-04-18 00:00:00+00:00
[2025-04-17T23:50:44.909+0000] {processor.py:208} INFO - Processing /opt/airflow/dags/data_pipeline.py took 0.225 seconds
[2025-04-17T23:51:15.019+0000] {processor.py:186} INFO - Started process (PID=210) to work on /opt/airflow/dags/data_pipeline.py
[2025-04-17T23:51:15.020+0000] {processor.py:914} INFO - Processing file /opt/airflow/dags/data_pipeline.py for tasks to queue
[2025-04-17T23:51:15.022+0000] {logging_mixin.py:190} INFO - [2025-04-17T23:51:15.021+0000] {dagbag.py:588} INFO - Filling up the DagBag from /opt/airflow/dags/data_pipeline.py
[2025-04-17T23:51:15.040+0000] {logging_mixin.py:190} INFO - [2025-04-17T23:51:15.040+0000] {data_pipeline.py:111} INFO - Airflow DAG setup complete.
[2025-04-17T23:51:15.041+0000] {processor.py:925} INFO - DAG(s) 'data_pipeline' retrieved from /opt/airflow/dags/data_pipeline.py
[2025-04-17T23:51:15.143+0000] {logging_mixin.py:190} INFO - [2025-04-17T23:51:15.143+0000] {dag.py:3239} INFO - Sync 1 DAGs
[2025-04-17T23:51:15.171+0000] {logging_mixin.py:190} INFO - [2025-04-17T23:51:15.171+0000] {dag.py:4180} INFO - Setting next_dagrun for data_pipeline to 2025-04-17 23:00:00+00:00, run_after=2025-04-18 00:00:00+00:00
[2025-04-17T23:51:15.194+0000] {processor.py:208} INFO - Processing /opt/airflow/dags/data_pipeline.py took 0.181 seconds
[2025-04-17T23:51:45.404+0000] {processor.py:186} INFO - Started process (PID=211) to work on /opt/airflow/dags/data_pipeline.py
[2025-04-17T23:51:45.406+0000] {processor.py:914} INFO - Processing file /opt/airflow/dags/data_pipeline.py for tasks to queue
[2025-04-17T23:51:45.413+0000] {logging_mixin.py:190} INFO - [2025-04-17T23:51:45.411+0000] {dagbag.py:588} INFO - Filling up the DagBag from /opt/airflow/dags/data_pipeline.py
[2025-04-17T23:51:45.457+0000] {logging_mixin.py:190} INFO - [2025-04-17T23:51:45.457+0000] {data_pipeline.py:111} INFO - Airflow DAG setup complete.
[2025-04-17T23:51:45.459+0000] {processor.py:925} INFO - DAG(s) 'data_pipeline' retrieved from /opt/airflow/dags/data_pipeline.py
[2025-04-17T23:51:45.671+0000] {logging_mixin.py:190} INFO - [2025-04-17T23:51:45.670+0000] {dag.py:3239} INFO - Sync 1 DAGs
[2025-04-17T23:51:45.702+0000] {logging_mixin.py:190} INFO - [2025-04-17T23:51:45.701+0000] {dag.py:4180} INFO - Setting next_dagrun for data_pipeline to 2025-04-17 23:00:00+00:00, run_after=2025-04-18 00:00:00+00:00
[2025-04-17T23:51:45.753+0000] {processor.py:208} INFO - Processing /opt/airflow/dags/data_pipeline.py took 0.360 seconds
[2025-04-17T23:52:15.989+0000] {processor.py:186} INFO - Started process (PID=212) to work on /opt/airflow/dags/data_pipeline.py
[2025-04-17T23:52:15.991+0000] {processor.py:914} INFO - Processing file /opt/airflow/dags/data_pipeline.py for tasks to queue
[2025-04-17T23:52:15.994+0000] {logging_mixin.py:190} INFO - [2025-04-17T23:52:15.993+0000] {dagbag.py:588} INFO - Filling up the DagBag from /opt/airflow/dags/data_pipeline.py
[2025-04-17T23:52:16.015+0000] {logging_mixin.py:190} INFO - [2025-04-17T23:52:16.015+0000] {data_pipeline.py:111} INFO - Airflow DAG setup complete.
[2025-04-17T23:52:16.017+0000] {processor.py:925} INFO - DAG(s) 'data_pipeline' retrieved from /opt/airflow/dags/data_pipeline.py
[2025-04-17T23:52:16.183+0000] {logging_mixin.py:190} INFO - [2025-04-17T23:52:16.183+0000] {dag.py:3239} INFO - Sync 1 DAGs
[2025-04-17T23:52:16.210+0000] {logging_mixin.py:190} INFO - [2025-04-17T23:52:16.209+0000] {dag.py:4180} INFO - Setting next_dagrun for data_pipeline to 2025-04-17 23:00:00+00:00, run_after=2025-04-18 00:00:00+00:00
[2025-04-17T23:52:16.259+0000] {processor.py:208} INFO - Processing /opt/airflow/dags/data_pipeline.py took 0.280 seconds
[2025-04-17T23:52:46.408+0000] {processor.py:186} INFO - Started process (PID=213) to work on /opt/airflow/dags/data_pipeline.py
[2025-04-17T23:52:46.409+0000] {processor.py:914} INFO - Processing file /opt/airflow/dags/data_pipeline.py for tasks to queue
[2025-04-17T23:52:46.411+0000] {logging_mixin.py:190} INFO - [2025-04-17T23:52:46.411+0000] {dagbag.py:588} INFO - Filling up the DagBag from /opt/airflow/dags/data_pipeline.py
[2025-04-17T23:52:46.463+0000] {logging_mixin.py:190} INFO - [2025-04-17T23:52:46.463+0000] {data_pipeline.py:111} INFO - Airflow DAG setup complete.
[2025-04-17T23:52:46.465+0000] {processor.py:925} INFO - DAG(s) 'data_pipeline' retrieved from /opt/airflow/dags/data_pipeline.py
[2025-04-17T23:52:46.591+0000] {logging_mixin.py:190} INFO - [2025-04-17T23:52:46.591+0000] {dag.py:3239} INFO - Sync 1 DAGs
[2025-04-17T23:52:46.610+0000] {logging_mixin.py:190} INFO - [2025-04-17T23:52:46.610+0000] {dag.py:4180} INFO - Setting next_dagrun for data_pipeline to 2025-04-17 23:00:00+00:00, run_after=2025-04-18 00:00:00+00:00
[2025-04-17T23:52:46.647+0000] {processor.py:208} INFO - Processing /opt/airflow/dags/data_pipeline.py took 0.245 seconds
[2025-04-17T23:53:16.860+0000] {processor.py:186} INFO - Started process (PID=214) to work on /opt/airflow/dags/data_pipeline.py
[2025-04-17T23:53:16.863+0000] {processor.py:914} INFO - Processing file /opt/airflow/dags/data_pipeline.py for tasks to queue
[2025-04-17T23:53:16.867+0000] {logging_mixin.py:190} INFO - [2025-04-17T23:53:16.865+0000] {dagbag.py:588} INFO - Filling up the DagBag from /opt/airflow/dags/data_pipeline.py
[2025-04-17T23:53:16.900+0000] {logging_mixin.py:190} INFO - [2025-04-17T23:53:16.900+0000] {data_pipeline.py:111} INFO - Airflow DAG setup complete.
[2025-04-17T23:53:16.902+0000] {processor.py:925} INFO - DAG(s) 'data_pipeline' retrieved from /opt/airflow/dags/data_pipeline.py
[2025-04-17T23:53:17.071+0000] {logging_mixin.py:190} INFO - [2025-04-17T23:53:17.071+0000] {dag.py:3239} INFO - Sync 1 DAGs
[2025-04-17T23:53:17.097+0000] {logging_mixin.py:190} INFO - [2025-04-17T23:53:17.097+0000] {dag.py:4180} INFO - Setting next_dagrun for data_pipeline to 2025-04-17 23:00:00+00:00, run_after=2025-04-18 00:00:00+00:00
[2025-04-17T23:53:17.148+0000] {processor.py:208} INFO - Processing /opt/airflow/dags/data_pipeline.py took 0.302 seconds
[2025-04-17T23:53:47.375+0000] {processor.py:186} INFO - Started process (PID=215) to work on /opt/airflow/dags/data_pipeline.py
[2025-04-17T23:53:47.377+0000] {processor.py:914} INFO - Processing file /opt/airflow/dags/data_pipeline.py for tasks to queue
[2025-04-17T23:53:47.380+0000] {logging_mixin.py:190} INFO - [2025-04-17T23:53:47.379+0000] {dagbag.py:588} INFO - Filling up the DagBag from /opt/airflow/dags/data_pipeline.py
[2025-04-17T23:53:47.405+0000] {logging_mixin.py:190} INFO - [2025-04-17T23:53:47.404+0000] {data_pipeline.py:111} INFO - Airflow DAG setup complete.
[2025-04-17T23:53:47.406+0000] {processor.py:925} INFO - DAG(s) 'data_pipeline' retrieved from /opt/airflow/dags/data_pipeline.py
[2025-04-17T23:53:47.560+0000] {logging_mixin.py:190} INFO - [2025-04-17T23:53:47.559+0000] {dag.py:3239} INFO - Sync 1 DAGs
[2025-04-17T23:53:47.587+0000] {logging_mixin.py:190} INFO - [2025-04-17T23:53:47.586+0000] {dag.py:4180} INFO - Setting next_dagrun for data_pipeline to 2025-04-17 23:00:00+00:00, run_after=2025-04-18 00:00:00+00:00
[2025-04-17T23:53:47.653+0000] {processor.py:208} INFO - Processing /opt/airflow/dags/data_pipeline.py took 0.291 seconds
[2025-04-17T23:54:17.893+0000] {processor.py:186} INFO - Started process (PID=216) to work on /opt/airflow/dags/data_pipeline.py
[2025-04-17T23:54:17.895+0000] {processor.py:914} INFO - Processing file /opt/airflow/dags/data_pipeline.py for tasks to queue
[2025-04-17T23:54:17.898+0000] {logging_mixin.py:190} INFO - [2025-04-17T23:54:17.897+0000] {dagbag.py:588} INFO - Filling up the DagBag from /opt/airflow/dags/data_pipeline.py
[2025-04-17T23:54:17.937+0000] {logging_mixin.py:190} INFO - [2025-04-17T23:54:17.936+0000] {data_pipeline.py:111} INFO - Airflow DAG setup complete.
[2025-04-17T23:54:17.939+0000] {processor.py:925} INFO - DAG(s) 'data_pipeline' retrieved from /opt/airflow/dags/data_pipeline.py
[2025-04-17T23:54:18.153+0000] {logging_mixin.py:190} INFO - [2025-04-17T23:54:18.153+0000] {dag.py:3239} INFO - Sync 1 DAGs
[2025-04-17T23:54:18.197+0000] {logging_mixin.py:190} INFO - [2025-04-17T23:54:18.196+0000] {dag.py:4180} INFO - Setting next_dagrun for data_pipeline to 2025-04-17 23:00:00+00:00, run_after=2025-04-18 00:00:00+00:00
[2025-04-17T23:54:18.242+0000] {processor.py:208} INFO - Processing /opt/airflow/dags/data_pipeline.py took 0.361 seconds
[2025-04-17T23:54:48.380+0000] {processor.py:186} INFO - Started process (PID=217) to work on /opt/airflow/dags/data_pipeline.py
[2025-04-17T23:54:48.395+0000] {processor.py:914} INFO - Processing file /opt/airflow/dags/data_pipeline.py for tasks to queue
[2025-04-17T23:54:48.399+0000] {logging_mixin.py:190} INFO - [2025-04-17T23:54:48.399+0000] {dagbag.py:588} INFO - Filling up the DagBag from /opt/airflow/dags/data_pipeline.py
[2025-04-17T23:54:48.456+0000] {logging_mixin.py:190} INFO - [2025-04-17T23:54:48.456+0000] {data_pipeline.py:111} INFO - Airflow DAG setup complete.
[2025-04-17T23:54:48.458+0000] {processor.py:925} INFO - DAG(s) 'data_pipeline' retrieved from /opt/airflow/dags/data_pipeline.py
[2025-04-17T23:54:48.800+0000] {logging_mixin.py:190} INFO - [2025-04-17T23:54:48.799+0000] {dag.py:3239} INFO - Sync 1 DAGs
[2025-04-17T23:54:48.830+0000] {logging_mixin.py:190} INFO - [2025-04-17T23:54:48.830+0000] {dag.py:4180} INFO - Setting next_dagrun for data_pipeline to 2025-04-17 23:00:00+00:00, run_after=2025-04-18 00:00:00+00:00
[2025-04-17T23:54:48.862+0000] {processor.py:208} INFO - Processing /opt/airflow/dags/data_pipeline.py took 0.518 seconds
[2025-04-17T23:55:19.100+0000] {processor.py:186} INFO - Started process (PID=218) to work on /opt/airflow/dags/data_pipeline.py
[2025-04-17T23:55:19.101+0000] {processor.py:914} INFO - Processing file /opt/airflow/dags/data_pipeline.py for tasks to queue
[2025-04-17T23:55:19.103+0000] {logging_mixin.py:190} INFO - [2025-04-17T23:55:19.103+0000] {dagbag.py:588} INFO - Filling up the DagBag from /opt/airflow/dags/data_pipeline.py
[2025-04-17T23:55:19.127+0000] {logging_mixin.py:190} INFO - [2025-04-17T23:55:19.127+0000] {data_pipeline.py:111} INFO - Airflow DAG setup complete.
[2025-04-17T23:55:19.128+0000] {processor.py:925} INFO - DAG(s) 'data_pipeline' retrieved from /opt/airflow/dags/data_pipeline.py
[2025-04-17T23:55:19.233+0000] {logging_mixin.py:190} INFO - [2025-04-17T23:55:19.232+0000] {dag.py:3239} INFO - Sync 1 DAGs
[2025-04-17T23:55:19.251+0000] {logging_mixin.py:190} INFO - [2025-04-17T23:55:19.251+0000] {dag.py:4180} INFO - Setting next_dagrun for data_pipeline to 2025-04-17 23:00:00+00:00, run_after=2025-04-18 00:00:00+00:00
[2025-04-17T23:55:19.290+0000] {processor.py:208} INFO - Processing /opt/airflow/dags/data_pipeline.py took 0.199 seconds
[2025-04-17T23:55:49.483+0000] {processor.py:186} INFO - Started process (PID=219) to work on /opt/airflow/dags/data_pipeline.py
[2025-04-17T23:55:49.485+0000] {processor.py:914} INFO - Processing file /opt/airflow/dags/data_pipeline.py for tasks to queue
[2025-04-17T23:55:49.487+0000] {logging_mixin.py:190} INFO - [2025-04-17T23:55:49.487+0000] {dagbag.py:588} INFO - Filling up the DagBag from /opt/airflow/dags/data_pipeline.py
[2025-04-17T23:55:49.510+0000] {logging_mixin.py:190} INFO - [2025-04-17T23:55:49.510+0000] {data_pipeline.py:111} INFO - Airflow DAG setup complete.
[2025-04-17T23:55:49.511+0000] {processor.py:925} INFO - DAG(s) 'data_pipeline' retrieved from /opt/airflow/dags/data_pipeline.py
[2025-04-17T23:55:49.736+0000] {logging_mixin.py:190} INFO - [2025-04-17T23:55:49.735+0000] {dag.py:3239} INFO - Sync 1 DAGs
[2025-04-17T23:55:49.765+0000] {logging_mixin.py:190} INFO - [2025-04-17T23:55:49.764+0000] {dag.py:4180} INFO - Setting next_dagrun for data_pipeline to 2025-04-17 23:00:00+00:00, run_after=2025-04-18 00:00:00+00:00
[2025-04-17T23:55:49.796+0000] {processor.py:208} INFO - Processing /opt/airflow/dags/data_pipeline.py took 0.344 seconds
[2025-04-17T23:56:19.943+0000] {processor.py:186} INFO - Started process (PID=220) to work on /opt/airflow/dags/data_pipeline.py
[2025-04-17T23:56:19.944+0000] {processor.py:914} INFO - Processing file /opt/airflow/dags/data_pipeline.py for tasks to queue
[2025-04-17T23:56:19.946+0000] {logging_mixin.py:190} INFO - [2025-04-17T23:56:19.946+0000] {dagbag.py:588} INFO - Filling up the DagBag from /opt/airflow/dags/data_pipeline.py
[2025-04-17T23:56:19.980+0000] {logging_mixin.py:190} INFO - [2025-04-17T23:56:19.980+0000] {data_pipeline.py:111} INFO - Airflow DAG setup complete.
[2025-04-17T23:56:19.981+0000] {processor.py:925} INFO - DAG(s) 'data_pipeline' retrieved from /opt/airflow/dags/data_pipeline.py
[2025-04-17T23:56:20.093+0000] {logging_mixin.py:190} INFO - [2025-04-17T23:56:20.092+0000] {dag.py:3239} INFO - Sync 1 DAGs
[2025-04-17T23:56:20.110+0000] {logging_mixin.py:190} INFO - [2025-04-17T23:56:20.110+0000] {dag.py:4180} INFO - Setting next_dagrun for data_pipeline to 2025-04-17 23:00:00+00:00, run_after=2025-04-18 00:00:00+00:00
[2025-04-17T23:56:20.156+0000] {processor.py:208} INFO - Processing /opt/airflow/dags/data_pipeline.py took 0.221 seconds
[2025-04-17T23:56:50.319+0000] {processor.py:186} INFO - Started process (PID=221) to work on /opt/airflow/dags/data_pipeline.py
[2025-04-17T23:56:50.321+0000] {processor.py:914} INFO - Processing file /opt/airflow/dags/data_pipeline.py for tasks to queue
[2025-04-17T23:56:50.325+0000] {logging_mixin.py:190} INFO - [2025-04-17T23:56:50.324+0000] {dagbag.py:588} INFO - Filling up the DagBag from /opt/airflow/dags/data_pipeline.py
[2025-04-17T23:56:50.360+0000] {logging_mixin.py:190} INFO - [2025-04-17T23:56:50.360+0000] {data_pipeline.py:111} INFO - Airflow DAG setup complete.
[2025-04-17T23:56:50.362+0000] {processor.py:925} INFO - DAG(s) 'data_pipeline' retrieved from /opt/airflow/dags/data_pipeline.py
[2025-04-17T23:56:50.567+0000] {logging_mixin.py:190} INFO - [2025-04-17T23:56:50.567+0000] {dag.py:3239} INFO - Sync 1 DAGs
[2025-04-17T23:56:50.600+0000] {logging_mixin.py:190} INFO - [2025-04-17T23:56:50.599+0000] {dag.py:4180} INFO - Setting next_dagrun for data_pipeline to 2025-04-17 23:00:00+00:00, run_after=2025-04-18 00:00:00+00:00
[2025-04-17T23:56:50.625+0000] {processor.py:208} INFO - Processing /opt/airflow/dags/data_pipeline.py took 0.334 seconds
[2025-04-17T23:57:20.852+0000] {processor.py:186} INFO - Started process (PID=222) to work on /opt/airflow/dags/data_pipeline.py
[2025-04-17T23:57:20.855+0000] {processor.py:914} INFO - Processing file /opt/airflow/dags/data_pipeline.py for tasks to queue
[2025-04-17T23:57:20.858+0000] {logging_mixin.py:190} INFO - [2025-04-17T23:57:20.857+0000] {dagbag.py:588} INFO - Filling up the DagBag from /opt/airflow/dags/data_pipeline.py
[2025-04-17T23:57:20.899+0000] {logging_mixin.py:190} INFO - [2025-04-17T23:57:20.898+0000] {data_pipeline.py:111} INFO - Airflow DAG setup complete.
[2025-04-17T23:57:20.901+0000] {processor.py:925} INFO - DAG(s) 'data_pipeline' retrieved from /opt/airflow/dags/data_pipeline.py
[2025-04-17T23:57:21.067+0000] {logging_mixin.py:190} INFO - [2025-04-17T23:57:21.066+0000] {dag.py:3239} INFO - Sync 1 DAGs
[2025-04-17T23:57:21.095+0000] {logging_mixin.py:190} INFO - [2025-04-17T23:57:21.095+0000] {dag.py:4180} INFO - Setting next_dagrun for data_pipeline to 2025-04-17 23:00:00+00:00, run_after=2025-04-18 00:00:00+00:00
[2025-04-17T23:57:21.160+0000] {processor.py:208} INFO - Processing /opt/airflow/dags/data_pipeline.py took 0.318 seconds
[2025-04-17T23:57:51.298+0000] {processor.py:186} INFO - Started process (PID=223) to work on /opt/airflow/dags/data_pipeline.py
[2025-04-17T23:57:51.300+0000] {processor.py:914} INFO - Processing file /opt/airflow/dags/data_pipeline.py for tasks to queue
[2025-04-17T23:57:51.304+0000] {logging_mixin.py:190} INFO - [2025-04-17T23:57:51.303+0000] {dagbag.py:588} INFO - Filling up the DagBag from /opt/airflow/dags/data_pipeline.py
[2025-04-17T23:57:51.320+0000] {logging_mixin.py:190} INFO - [2025-04-17T23:57:51.320+0000] {data_pipeline.py:111} INFO - Airflow DAG setup complete.
[2025-04-17T23:57:51.321+0000] {processor.py:925} INFO - DAG(s) 'data_pipeline' retrieved from /opt/airflow/dags/data_pipeline.py
[2025-04-17T23:57:51.441+0000] {logging_mixin.py:190} INFO - [2025-04-17T23:57:51.440+0000] {dag.py:3239} INFO - Sync 1 DAGs
[2025-04-17T23:57:51.462+0000] {logging_mixin.py:190} INFO - [2025-04-17T23:57:51.462+0000] {dag.py:4180} INFO - Setting next_dagrun for data_pipeline to 2025-04-17 23:00:00+00:00, run_after=2025-04-18 00:00:00+00:00
[2025-04-17T23:57:51.485+0000] {processor.py:208} INFO - Processing /opt/airflow/dags/data_pipeline.py took 0.196 seconds
[2025-04-17T23:58:21.741+0000] {processor.py:186} INFO - Started process (PID=224) to work on /opt/airflow/dags/data_pipeline.py
[2025-04-17T23:58:21.743+0000] {processor.py:914} INFO - Processing file /opt/airflow/dags/data_pipeline.py for tasks to queue
[2025-04-17T23:58:21.744+0000] {logging_mixin.py:190} INFO - [2025-04-17T23:58:21.744+0000] {dagbag.py:588} INFO - Filling up the DagBag from /opt/airflow/dags/data_pipeline.py
[2025-04-17T23:58:21.779+0000] {logging_mixin.py:190} INFO - [2025-04-17T23:58:21.779+0000] {data_pipeline.py:111} INFO - Airflow DAG setup complete.
[2025-04-17T23:58:21.781+0000] {processor.py:925} INFO - DAG(s) 'data_pipeline' retrieved from /opt/airflow/dags/data_pipeline.py
[2025-04-17T23:58:21.962+0000] {logging_mixin.py:190} INFO - [2025-04-17T23:58:21.961+0000] {dag.py:3239} INFO - Sync 1 DAGs
[2025-04-17T23:58:21.981+0000] {logging_mixin.py:190} INFO - [2025-04-17T23:58:21.981+0000] {dag.py:4180} INFO - Setting next_dagrun for data_pipeline to 2025-04-17 23:00:00+00:00, run_after=2025-04-18 00:00:00+00:00
[2025-04-17T23:58:22.013+0000] {processor.py:208} INFO - Processing /opt/airflow/dags/data_pipeline.py took 0.297 seconds
[2025-04-17T23:58:53.058+0000] {processor.py:186} INFO - Started process (PID=225) to work on /opt/airflow/dags/data_pipeline.py
[2025-04-17T23:58:53.061+0000] {processor.py:914} INFO - Processing file /opt/airflow/dags/data_pipeline.py for tasks to queue
[2025-04-17T23:58:53.064+0000] {logging_mixin.py:190} INFO - [2025-04-17T23:58:53.063+0000] {dagbag.py:588} INFO - Filling up the DagBag from /opt/airflow/dags/data_pipeline.py
[2025-04-17T23:58:53.106+0000] {logging_mixin.py:190} INFO - [2025-04-17T23:58:53.105+0000] {data_pipeline.py:111} INFO - Airflow DAG setup complete.
[2025-04-17T23:58:53.111+0000] {processor.py:925} INFO - DAG(s) 'data_pipeline' retrieved from /opt/airflow/dags/data_pipeline.py
[2025-04-17T23:58:53.280+0000] {logging_mixin.py:190} INFO - [2025-04-17T23:58:53.279+0000] {dag.py:3239} INFO - Sync 1 DAGs
[2025-04-17T23:58:53.315+0000] {logging_mixin.py:190} INFO - [2025-04-17T23:58:53.315+0000] {dag.py:4180} INFO - Setting next_dagrun for data_pipeline to 2025-04-17 23:00:00+00:00, run_after=2025-04-18 00:00:00+00:00
[2025-04-17T23:58:53.352+0000] {processor.py:208} INFO - Processing /opt/airflow/dags/data_pipeline.py took 0.304 seconds
[2025-04-17T23:59:24.514+0000] {processor.py:186} INFO - Started process (PID=226) to work on /opt/airflow/dags/data_pipeline.py
[2025-04-17T23:59:24.517+0000] {processor.py:914} INFO - Processing file /opt/airflow/dags/data_pipeline.py for tasks to queue
[2025-04-17T23:59:24.520+0000] {logging_mixin.py:190} INFO - [2025-04-17T23:59:24.519+0000] {dagbag.py:588} INFO - Filling up the DagBag from /opt/airflow/dags/data_pipeline.py
[2025-04-17T23:59:24.535+0000] {logging_mixin.py:190} INFO - [2025-04-17T23:59:24.534+0000] {data_pipeline.py:111} INFO - Airflow DAG setup complete.
[2025-04-17T23:59:24.536+0000] {processor.py:925} INFO - DAG(s) 'data_pipeline' retrieved from /opt/airflow/dags/data_pipeline.py
[2025-04-17T23:59:24.638+0000] {logging_mixin.py:190} INFO - [2025-04-17T23:59:24.637+0000] {dag.py:3239} INFO - Sync 1 DAGs
[2025-04-17T23:59:24.655+0000] {logging_mixin.py:190} INFO - [2025-04-17T23:59:24.655+0000] {dag.py:4180} INFO - Setting next_dagrun for data_pipeline to 2025-04-17 23:00:00+00:00, run_after=2025-04-18 00:00:00+00:00
[2025-04-17T23:59:24.694+0000] {processor.py:208} INFO - Processing /opt/airflow/dags/data_pipeline.py took 0.195 seconds
[2025-04-17T23:59:55.789+0000] {processor.py:186} INFO - Started process (PID=227) to work on /opt/airflow/dags/data_pipeline.py
[2025-04-17T23:59:55.792+0000] {processor.py:914} INFO - Processing file /opt/airflow/dags/data_pipeline.py for tasks to queue
[2025-04-17T23:59:55.795+0000] {logging_mixin.py:190} INFO - [2025-04-17T23:59:55.794+0000] {dagbag.py:588} INFO - Filling up the DagBag from /opt/airflow/dags/data_pipeline.py
[2025-04-17T23:59:55.822+0000] {logging_mixin.py:190} INFO - [2025-04-17T23:59:55.821+0000] {data_pipeline.py:111} INFO - Airflow DAG setup complete.
[2025-04-17T23:59:55.824+0000] {processor.py:925} INFO - DAG(s) 'data_pipeline' retrieved from /opt/airflow/dags/data_pipeline.py
[2025-04-17T23:59:56.019+0000] {logging_mixin.py:190} INFO - [2025-04-17T23:59:56.018+0000] {dag.py:3239} INFO - Sync 1 DAGs
[2025-04-17T23:59:56.045+0000] {logging_mixin.py:190} INFO - [2025-04-17T23:59:56.045+0000] {dag.py:4180} INFO - Setting next_dagrun for data_pipeline to 2025-04-17 23:00:00+00:00, run_after=2025-04-18 00:00:00+00:00
[2025-04-17T23:59:56.095+0000] {processor.py:208} INFO - Processing /opt/airflow/dags/data_pipeline.py took 0.319 seconds
