[2025-03-05T19:03:05.068+0000] {local_task_job_runner.py:123} INFO - ::group::Pre task execution logs
[2025-03-05T19:03:05.084+0000] {taskinstance.py:2614} INFO - Dependencies all met for dep_context=non-requeueable deps ti=<TaskInstance: data_pipeline.upload_to_gcs scheduled__2025-03-05T18:00:00+00:00 [queued]>
[2025-03-05T19:03:05.095+0000] {taskinstance.py:2614} INFO - Dependencies all met for dep_context=requeueable deps ti=<TaskInstance: data_pipeline.upload_to_gcs scheduled__2025-03-05T18:00:00+00:00 [queued]>
[2025-03-05T19:03:05.096+0000] {taskinstance.py:2867} INFO - Starting attempt 1 of 2
[2025-03-05T19:03:05.115+0000] {taskinstance.py:2890} INFO - Executing <Task(PythonOperator): upload_to_gcs> on 2025-03-05 18:00:00+00:00
[2025-03-05T19:03:05.128+0000] {standard_task_runner.py:72} INFO - Started process 5322 to run task
[2025-03-05T19:03:05.133+0000] {standard_task_runner.py:104} INFO - Running: ['airflow', 'tasks', 'run', 'data_pipeline', 'upload_to_gcs', 'scheduled__2025-03-05T18:00:00+00:00', '--job-id', '162', '--raw', '--subdir', 'DAGS_FOLDER/data_pipeline.py', '--cfg-path', '/tmp/tmpicvg_rwt']
[2025-03-05T19:03:05.137+0000] {standard_task_runner.py:105} INFO - Job 162: Subtask upload_to_gcs
[2025-03-05T19:03:05.158+0000] {logging_mixin.py:190} WARNING - /home/airflow/.local/lib/python3.12/site-packages/airflow/settings.py:209 DeprecationWarning: The sql_alchemy_conn option in [core] has been moved to the sql_alchemy_conn option in [database] - the old setting has been used, but please update your config.
[2025-03-05T19:03:05.191+0000] {task_command.py:467} INFO - Running <TaskInstance: data_pipeline.upload_to_gcs scheduled__2025-03-05T18:00:00+00:00 [running]> on host b5502d51568b
[2025-03-05T19:03:05.194+0000] {logging_mixin.py:190} WARNING - /home/airflow/.local/lib/python3.12/site-packages/airflow/settings.py:470 DeprecationWarning: The sql_alchemy_conn option in [core] has been moved to the sql_alchemy_conn option in [database] - the old setting has been used, but please update your config.
[2025-03-05T19:03:05.278+0000] {taskinstance.py:3134} INFO - Exporting env vars: AIRFLOW_CTX_DAG_OWNER='airflow' AIRFLOW_CTX_DAG_ID='data_pipeline' AIRFLOW_CTX_TASK_ID='upload_to_gcs' AIRFLOW_CTX_EXECUTION_DATE='2025-03-05T18:00:00+00:00' AIRFLOW_CTX_TRY_NUMBER='1' AIRFLOW_CTX_DAG_RUN_ID='scheduled__2025-03-05T18:00:00+00:00'
[2025-03-05T19:03:05.280+0000] {taskinstance.py:732} INFO - ::endgroup::
[2025-03-05T19:03:05.299+0000] {data_pipeline.py:51} INFO - Executing script: /opt/airflow/scripts/upload_to_gcs.py
[2025-03-05T19:03:06.727+0000] {data_pipeline.py:55} ERROR - Error executing /opt/airflow/scripts/upload_to_gcs.py: Command '['python', '/opt/airflow/scripts/upload_to_gcs.py']' returned non-zero exit status 1.
[2025-03-05T19:03:06.728+0000] {python.py:240} INFO - Done. Returned value was: None
[2025-03-05T19:03:06.738+0000] {taskinstance.py:341} INFO - ::group::Post task execution logs
[2025-03-05T19:03:06.740+0000] {taskinstance.py:353} INFO - Marking task as SUCCESS. dag_id=data_pipeline, task_id=upload_to_gcs, run_id=scheduled__2025-03-05T18:00:00+00:00, execution_date=20250305T180000, start_date=20250305T190305, end_date=20250305T190306
[2025-03-05T19:03:06.812+0000] {local_task_job_runner.py:266} INFO - Task exited with return code 0
[2025-03-05T19:03:06.842+0000] {taskinstance.py:3901} INFO - 1 downstream tasks scheduled from follow-on schedule check
[2025-03-05T19:03:06.853+0000] {local_task_job_runner.py:245} INFO - ::endgroup::
