[2025-03-03T02:15:09.497+0000] {local_task_job_runner.py:123} INFO - ::group::Pre task execution logs
[2025-03-03T02:15:09.534+0000] {taskinstance.py:2614} INFO - Dependencies all met for dep_context=non-requeueable deps ti=<TaskInstance: data_pipeline.upload_to_gcs scheduled__2025-03-03T01:00:00+00:00 [queued]>
[2025-03-03T02:15:09.551+0000] {taskinstance.py:2614} INFO - Dependencies all met for dep_context=requeueable deps ti=<TaskInstance: data_pipeline.upload_to_gcs scheduled__2025-03-03T01:00:00+00:00 [queued]>
[2025-03-03T02:15:09.552+0000] {taskinstance.py:2867} INFO - Starting attempt 1 of 2
[2025-03-03T02:15:09.583+0000] {taskinstance.py:2890} INFO - Executing <Task(PythonOperator): upload_to_gcs> on 2025-03-03 01:00:00+00:00
[2025-03-03T02:15:09.595+0000] {standard_task_runner.py:72} INFO - Started process 523 to run task
[2025-03-03T02:15:09.600+0000] {standard_task_runner.py:104} INFO - Running: ['airflow', 'tasks', 'run', 'data_pipeline', 'upload_to_gcs', 'scheduled__2025-03-03T01:00:00+00:00', '--job-id', '21', '--raw', '--subdir', 'DAGS_FOLDER/data_pipeline.py', '--cfg-path', '/tmp/tmp_38o5qn0']
[2025-03-03T02:15:09.603+0000] {standard_task_runner.py:105} INFO - Job 21: Subtask upload_to_gcs
[2025-03-03T02:15:09.637+0000] {logging_mixin.py:190} WARNING - /home/airflow/.local/lib/python3.12/site-packages/airflow/settings.py:209 DeprecationWarning: The sql_alchemy_conn option in [core] has been moved to the sql_alchemy_conn option in [database] - the old setting has been used, but please update your config.
[2025-03-03T02:15:09.700+0000] {task_command.py:467} INFO - Running <TaskInstance: data_pipeline.upload_to_gcs scheduled__2025-03-03T01:00:00+00:00 [running]> on host 71fb9604a64f
[2025-03-03T02:15:09.704+0000] {logging_mixin.py:190} WARNING - /home/airflow/.local/lib/python3.12/site-packages/airflow/settings.py:470 DeprecationWarning: The sql_alchemy_conn option in [core] has been moved to the sql_alchemy_conn option in [database] - the old setting has been used, but please update your config.
[2025-03-03T02:15:09.815+0000] {taskinstance.py:3134} INFO - Exporting env vars: AIRFLOW_CTX_DAG_OWNER='airflow' AIRFLOW_CTX_DAG_ID='data_pipeline' AIRFLOW_CTX_TASK_ID='upload_to_gcs' AIRFLOW_CTX_EXECUTION_DATE='2025-03-03T01:00:00+00:00' AIRFLOW_CTX_TRY_NUMBER='1' AIRFLOW_CTX_DAG_RUN_ID='scheduled__2025-03-03T01:00:00+00:00'
[2025-03-03T02:15:09.818+0000] {taskinstance.py:732} INFO - ::endgroup::
[2025-03-03T02:15:09.841+0000] {data_pipeline.py:63} INFO - Running script: /opt/airflow/scripts/upload_to_gcs.py
[2025-03-03T02:15:11.748+0000] {data_pipeline.py:67} ERROR - Error executing /opt/airflow/scripts/upload_to_gcs.py: Command '['python', '/opt/airflow/scripts/upload_to_gcs.py']' returned non-zero exit status 1.
[2025-03-03T02:15:11.750+0000] {python.py:240} INFO - Done. Returned value was: None
[2025-03-03T02:15:11.762+0000] {taskinstance.py:341} INFO - ::group::Post task execution logs
[2025-03-03T02:15:11.765+0000] {taskinstance.py:353} INFO - Marking task as SUCCESS. dag_id=data_pipeline, task_id=upload_to_gcs, run_id=scheduled__2025-03-03T01:00:00+00:00, execution_date=20250303T010000, start_date=20250303T021509, end_date=20250303T021511
[2025-03-03T02:15:11.831+0000] {local_task_job_runner.py:266} INFO - Task exited with return code 0
[2025-03-03T02:15:11.902+0000] {taskinstance.py:3901} INFO - 1 downstream tasks scheduled from follow-on schedule check
[2025-03-03T02:15:11.923+0000] {local_task_job_runner.py:245} INFO - ::endgroup::
[2025-03-03T02:28:26.795+0000] {local_task_job_runner.py:123} INFO - ::group::Pre task execution logs
[2025-03-03T02:28:26.846+0000] {taskinstance.py:2614} INFO - Dependencies all met for dep_context=non-requeueable deps ti=<TaskInstance: data_pipeline.upload_to_gcs scheduled__2025-03-03T01:00:00+00:00 [queued]>
[2025-03-03T02:28:26.869+0000] {taskinstance.py:2614} INFO - Dependencies all met for dep_context=requeueable deps ti=<TaskInstance: data_pipeline.upload_to_gcs scheduled__2025-03-03T01:00:00+00:00 [queued]>
[2025-03-03T02:28:26.870+0000] {taskinstance.py:2867} INFO - Starting attempt 1 of 2
[2025-03-03T02:28:26.914+0000] {taskinstance.py:2890} INFO - Executing <Task(PythonOperator): upload_to_gcs> on 2025-03-03 01:00:00+00:00
[2025-03-03T02:28:26.927+0000] {standard_task_runner.py:72} INFO - Started process 336 to run task
[2025-03-03T02:28:26.933+0000] {standard_task_runner.py:104} INFO - Running: ['airflow', 'tasks', 'run', 'data_pipeline', 'upload_to_gcs', 'scheduled__2025-03-03T01:00:00+00:00', '--job-id', '12', '--raw', '--subdir', 'DAGS_FOLDER/data_pipeline.py', '--cfg-path', '/tmp/tmpxnvm15ey']
[2025-03-03T02:28:26.941+0000] {standard_task_runner.py:105} INFO - Job 12: Subtask upload_to_gcs
[2025-03-03T02:28:26.983+0000] {logging_mixin.py:190} WARNING - /home/airflow/.local/lib/python3.12/site-packages/airflow/settings.py:209 DeprecationWarning: The sql_alchemy_conn option in [core] has been moved to the sql_alchemy_conn option in [database] - the old setting has been used, but please update your config.
[2025-03-03T02:28:27.044+0000] {task_command.py:467} INFO - Running <TaskInstance: data_pipeline.upload_to_gcs scheduled__2025-03-03T01:00:00+00:00 [running]> on host b5502d51568b
[2025-03-03T02:28:27.047+0000] {logging_mixin.py:190} WARNING - /home/airflow/.local/lib/python3.12/site-packages/airflow/settings.py:470 DeprecationWarning: The sql_alchemy_conn option in [core] has been moved to the sql_alchemy_conn option in [database] - the old setting has been used, but please update your config.
[2025-03-03T02:28:27.177+0000] {taskinstance.py:3134} INFO - Exporting env vars: AIRFLOW_CTX_DAG_OWNER='airflow' AIRFLOW_CTX_DAG_ID='data_pipeline' AIRFLOW_CTX_TASK_ID='upload_to_gcs' AIRFLOW_CTX_EXECUTION_DATE='2025-03-03T01:00:00+00:00' AIRFLOW_CTX_TRY_NUMBER='1' AIRFLOW_CTX_DAG_RUN_ID='scheduled__2025-03-03T01:00:00+00:00'
[2025-03-03T02:28:27.180+0000] {taskinstance.py:732} INFO - ::endgroup::
[2025-03-03T02:28:27.203+0000] {data_pipeline.py:63} INFO - Running script: /opt/airflow/scripts/upload_to_gcs.py
[2025-03-03T02:28:29.069+0000] {data_pipeline.py:67} ERROR - Error executing /opt/airflow/scripts/upload_to_gcs.py: Command '['python', '/opt/airflow/scripts/upload_to_gcs.py']' returned non-zero exit status 1.
[2025-03-03T02:28:29.070+0000] {python.py:240} INFO - Done. Returned value was: None
[2025-03-03T02:28:29.080+0000] {taskinstance.py:341} INFO - ::group::Post task execution logs
[2025-03-03T02:28:29.081+0000] {taskinstance.py:353} INFO - Marking task as SUCCESS. dag_id=data_pipeline, task_id=upload_to_gcs, run_id=scheduled__2025-03-03T01:00:00+00:00, execution_date=20250303T010000, start_date=20250303T022826, end_date=20250303T022829
[2025-03-03T02:28:29.167+0000] {local_task_job_runner.py:266} INFO - Task exited with return code 0
[2025-03-03T02:28:29.201+0000] {taskinstance.py:3901} INFO - 1 downstream tasks scheduled from follow-on schedule check
[2025-03-03T02:28:29.209+0000] {local_task_job_runner.py:245} INFO - ::endgroup::
